<!DOCTYPE html>

<html>
  <head>
  <meta charset='utf-8'>
  <title>TestNG reports</title>

    <link type="text/css" href="testng-reports.css" rel="stylesheet" />
    <script type="text/javascript" src="jquery-1.7.1.min.js"></script>
    <script type="text/javascript" src="testng-reports.js"></script>
    <script type="text/javascript" src="https://www.google.com/jsapi"></script>
    <script type='text/javascript'>
      google.load('visualization', '1', {packages:['table']});
      google.setOnLoadCallback(drawTable);
      var suiteTableInitFunctions = new Array();
      var suiteTableData = new Array();
    </script>
    <!--
      <script type="text/javascript" src="jquery-ui/js/jquery-ui-1.8.16.custom.min.js"></script>
     -->
  </head>

  <body>
    <div class="top-banner-root">
      <span class="top-banner-title-font">Test results</span>
      <br/>
      <span class="top-banner-font-1">1 suite, 16 failed tests</span>
    </div> <!-- top-banner-root -->
    <div class="navigator-root">
      <div class="navigator-suite-header">
        <span>All suites</span>
        <a href="#" class="collapse-all-link" title="Collapse/expand all the suites">
          <img class="collapse-all-icon" src="collapseall.gif">
          </img> <!-- collapse-all-icon -->
        </a> <!-- collapse-all-link -->
      </div> <!-- navigator-suite-header -->
      <div class="suite">
        <div class="rounded-window">
          <div class="suite-header light-rounded-window-top">
            <a href="#" class="navigator-link" panel-name="suite-Smoke_Tests">
              <span class="suite-name border-failed">Smoke Tests</span>
            </a> <!-- navigator-link -->
          </div> <!-- suite-header light-rounded-window-top -->
          <div class="navigator-suite-content">
            <div class="suite-section-title">
              <span>Info</span>
            </div> <!-- suite-section-title -->
            <div class="suite-section-content">
              <ul>
                <li>
                  <a href="#" class="navigator-link " panel-name="test-xml-Smoke_Tests">
                    <span>C:\tcoeGITRepo\selJava\tcoeFrameworkJava\src\test\resources\testsuites\smoke.xml</span>
                  </a> <!-- navigator-link  -->
                </li>
                <li>
                  <a href="#" class="navigator-link " panel-name="testlist-Smoke_Tests">
                    <span class="test-stats">1 test</span>
                  </a> <!-- navigator-link  -->
                </li>
                <li>
                  <a href="#" class="navigator-link " panel-name="group-Smoke_Tests">
                    <span>6 groups</span>
                  </a> <!-- navigator-link  -->
                </li>
                <li>
                  <a href="#" class="navigator-link " panel-name="times-Smoke_Tests">
                    <span>Times</span>
                  </a> <!-- navigator-link  -->
                </li>
                <li>
                  <a href="#" class="navigator-link " panel-name="reporter-Smoke_Tests">
                    <span>Reporter output</span>
                  </a> <!-- navigator-link  -->
                </li>
                <li>
                  <a href="#" class="navigator-link " panel-name="ignored-methods-Smoke_Tests">
                    <span>Ignored methods</span>
                  </a> <!-- navigator-link  -->
                </li>
                <li>
                  <a href="#" class="navigator-link " panel-name="chronological-Smoke_Tests">
                    <span>Chronological view</span>
                  </a> <!-- navigator-link  -->
                </li>
              </ul>
            </div> <!-- suite-section-content -->
            <div class="result-section">
              <div class="suite-section-title">
                <span>Results</span>
              </div> <!-- suite-section-title -->
              <div class="suite-section-content">
                <ul>
                  <li>
                    <span class="method-stats">28 methods, 16 failed,   12 passed</span>
                  </li>
                  <li>
                    <span class="method-list-title failed">Failed methods</span>
                    <span class="show-or-hide-methods failed">
                      <a href="#" panel-name="suite-Smoke_Tests" class="hide-methods failed suite-Smoke_Tests"> (hide)</a> <!-- hide-methods failed suite-Smoke_Tests -->
                      <a href="#" panel-name="suite-Smoke_Tests" class="show-methods failed suite-Smoke_Tests"> (show)</a> <!-- show-methods failed suite-Smoke_Tests -->
                    </span>
                    <div class="method-list-content failed suite-Smoke_Tests">
                      <span>
                        <img width="3%" src="failed.png"/>
                        <a href="#" class="method navigator-link" panel-name="suite-Smoke_Tests" title="com.volvo.project.tests.TestSuiteExampleTest" hash-for-method="connectingToDataBase">connectingToDataBase</a> <!-- method navigator-link -->
                      </span>
                      <br/>
                      <span>
                        <img width="3%" src="failed.png"/>
                        <a href="#" class="method navigator-link" panel-name="suite-Smoke_Tests" title="com.volvo.project.tests.TestSuiteExampleTest" hash-for-method="searchingInformationInLogs">searchingInformationInLogs</a> <!-- method navigator-link -->
                      </span>
                      <br/>
                      <span>
                        <img width="3%" src="failed.png"/>
                        <a href="#" class="method navigator-link" panel-name="suite-Smoke_Tests" title="com.volvo.project.tests.TestSuiteExampleTest" hash-for-method="sendingMessagesViaMQExplorer">sendingMessagesViaMQExplorer</a> <!-- method navigator-link -->
                      </span>
                      <br/>
                      <span>
                        <img width="3%" src="failed.png"/>
                        <a href="#" class="method navigator-link" panel-name="suite-Smoke_Tests" title="com.volvo.project.tests.InternetTestSuiteDataProviderExampleLoginTest" hash-for-method="successfulLoginArrayDataProviderTest(tomsmith9, SuperSecretPass$#@)">successfulLoginArrayDataProviderTest(tomsmith9, SuperSecretPass$#@)</a> <!-- method navigator-link -->
                      </span>
                      <br/>
                      <span>
                        <img width="3%" src="failed.png"/>
                        <a href="#" class="method navigator-link" panel-name="suite-Smoke_Tests" title="com.volvo.project.tests.InternetTestSuiteDataProviderExampleLoginTest" hash-for-method="successfulLoginArrayDataProviderTest(tomsmith3, SuperSecretPass$#@)">successfulLoginArrayDataProviderTest(tomsmith3, SuperSecretPass$#@)</a> <!-- method navigator-link -->
                      </span>
                      <br/>
                      <span>
                        <img width="3%" src="failed.png"/>
                        <a href="#" class="method navigator-link" panel-name="suite-Smoke_Tests" title="com.volvo.project.tests.InternetTestSuiteDataProviderExampleLoginTest" hash-for-method="successfulLoginArrayDataProviderTest(tomsmith2, SuperSecretPass$#@)">successfulLoginArrayDataProviderTest(tomsmith2, SuperSecretPass$#@)</a> <!-- method navigator-link -->
                      </span>
                      <br/>
                      <span>
                        <img width="3%" src="failed.png"/>
                        <a href="#" class="method navigator-link" panel-name="suite-Smoke_Tests" title="com.volvo.project.tests.InternetTestSuiteDataProviderExampleLoginTest" hash-for-method="successfulLoginArrayDataProviderTest(tomsmith8, SuperSecretPass$#@)">successfulLoginArrayDataProviderTest(tomsmith8, SuperSecretPass$#@)</a> <!-- method navigator-link -->
                      </span>
                      <br/>
                      <span>
                        <img width="3%" src="failed.png"/>
                        <a href="#" class="method navigator-link" panel-name="suite-Smoke_Tests" title="com.volvo.project.tests.InternetTestSuiteDataProviderExampleLoginTest" hash-for-method="successfulLoginArrayDataProviderTest(tomsmith11, SuperSecretPass$#@)">successfulLoginArrayDataProviderTest(tomsmith11, SuperSecretPass$#@)</a> <!-- method navigator-link -->
                      </span>
                      <br/>
                      <span>
                        <img width="3%" src="failed.png"/>
                        <a href="#" class="method navigator-link" panel-name="suite-Smoke_Tests" title="com.volvo.project.tests.InternetTestSuiteDataProviderExampleLoginTest" hash-for-method="successfulLoginArrayDataProviderTest(tomsmith5, SuperSecretPass$#@)">successfulLoginArrayDataProviderTest(tomsmith5, SuperSecretPass$#@)</a> <!-- method navigator-link -->
                      </span>
                      <br/>
                      <span>
                        <img width="3%" src="failed.png"/>
                        <a href="#" class="method navigator-link" panel-name="suite-Smoke_Tests" title="com.volvo.project.tests.InternetTestSuiteDataProviderExampleLoginTest" hash-for-method="successfulLoginArrayDataProviderTest(tomsmith7, SuperSecretPass$#@)">successfulLoginArrayDataProviderTest(tomsmith7, SuperSecretPass$#@)</a> <!-- method navigator-link -->
                      </span>
                      <br/>
                      <span>
                        <img width="3%" src="failed.png"/>
                        <a href="#" class="method navigator-link" panel-name="suite-Smoke_Tests" title="com.volvo.project.tests.InternetTestSuiteDataProviderExampleLoginTest" hash-for-method="successfulLoginArrayDataProviderTest(tomsmith13, SuperSecretPass$#@)">successfulLoginArrayDataProviderTest(tomsmith13, SuperSecretPass$#@)</a> <!-- method navigator-link -->
                      </span>
                      <br/>
                      <span>
                        <img width="3%" src="failed.png"/>
                        <a href="#" class="method navigator-link" panel-name="suite-Smoke_Tests" title="com.volvo.project.tests.InternetTestSuiteDataProviderExampleLoginTest" hash-for-method="successfulLoginArrayDataProviderTest(tomsmith12, SuperSecretPass$#@)">successfulLoginArrayDataProviderTest(tomsmith12, SuperSecretPass$#@)</a> <!-- method navigator-link -->
                      </span>
                      <br/>
                      <span>
                        <img width="3%" src="failed.png"/>
                        <a href="#" class="method navigator-link" panel-name="suite-Smoke_Tests" title="com.volvo.project.tests.InternetTestSuiteDataProviderExampleLoginTest" hash-for-method="successfulLoginArrayDataProviderTest(tomsmith10, SuperSecretPass$#@)">successfulLoginArrayDataProviderTest(tomsmith10, SuperSecretPass$#@)</a> <!-- method navigator-link -->
                      </span>
                      <br/>
                      <span>
                        <img width="3%" src="failed.png"/>
                        <a href="#" class="method navigator-link" panel-name="suite-Smoke_Tests" title="com.volvo.project.tests.InternetTestSuiteDataProviderExampleLoginTest" hash-for-method="successfulLoginArrayDataProviderTest(tomsmith1, SuperSecretPass$#@)">successfulLoginArrayDataProviderTest(tomsmith1, SuperSecretPass$#@)</a> <!-- method navigator-link -->
                      </span>
                      <br/>
                      <span>
                        <img width="3%" src="failed.png"/>
                        <a href="#" class="method navigator-link" panel-name="suite-Smoke_Tests" title="com.volvo.project.tests.InternetTestSuiteDataProviderExampleLoginTest" hash-for-method="successfulLoginArrayDataProviderTest(tomsmith4, SuperSecretPass$#@)">successfulLoginArrayDataProviderTest(tomsmith4, SuperSecretPass$#@)</a> <!-- method navigator-link -->
                      </span>
                      <br/>
                      <span>
                        <img width="3%" src="failed.png"/>
                        <a href="#" class="method navigator-link" panel-name="suite-Smoke_Tests" title="com.volvo.project.tests.InternetTestSuiteDataProviderExampleLoginTest" hash-for-method="successfulLoginArrayDataProviderTest(tomsmith6, SuperSecretPass$#@)">successfulLoginArrayDataProviderTest(tomsmith6, SuperSecretPass$#@)</a> <!-- method navigator-link -->
                      </span>
                      <br/>
                    </div> <!-- method-list-content failed suite-Smoke_Tests -->
                  </li>
                  <li>
                    <span class="method-list-title passed">Passed methods</span>
                    <span class="show-or-hide-methods passed">
                      <a href="#" panel-name="suite-Smoke_Tests" class="hide-methods passed suite-Smoke_Tests"> (hide)</a> <!-- hide-methods passed suite-Smoke_Tests -->
                      <a href="#" panel-name="suite-Smoke_Tests" class="show-methods passed suite-Smoke_Tests"> (show)</a> <!-- show-methods passed suite-Smoke_Tests -->
                    </span>
                    <div class="method-list-content passed suite-Smoke_Tests">
                      <span>
                        <img width="3%" src="passed.png"/>
                        <a href="#" class="method navigator-link" panel-name="suite-Smoke_Tests" title="com.volvo.project.tests.InternetTestSuiteDataProviderExampleLoginTest" hash-for-method="successfulLoginArrayDataProviderTest(tomsmith, SuperSecretPassword!)">successfulLoginArrayDataProviderTest(tomsmith, SuperSecretPassword!)</a> <!-- method navigator-link -->
                      </span>
                      <br/>
                      <span>
                        <img width="3%" src="passed.png"/>
                        <a href="#" class="method navigator-link" panel-name="suite-Smoke_Tests" title="com.volvo.project.tests.InternetTestSuiteDataProviderExampleLoginTest" hash-for-method="unsuccessLogiExcelDataProviderTabTest(A123, Tester15, , col4)">unsuccessLogiExcelDataProviderTabTest(A123, Tester15, , col4)</a> <!-- method navigator-link -->
                      </span>
                      <br/>
                      <span>
                        <img width="3%" src="passed.png"/>
                        <a href="#" class="method navigator-link" panel-name="suite-Smoke_Tests" title="com.volvo.project.tests.InternetTestSuiteDataProviderExampleLoginTest" hash-for-method="unsuccessLogiExcelDataProviderTabTest(M960, Tester15, col3, )">unsuccessLogiExcelDataProviderTabTest(M960, Tester15, col3, )</a> <!-- method navigator-link -->
                      </span>
                      <br/>
                      <span>
                        <img width="3%" src="passed.png"/>
                        <a href="#" class="method navigator-link" panel-name="suite-Smoke_Tests" title="com.volvo.project.tests.InternetTestSuiteDataProviderExampleLoginTest" hash-for-method="unsuccessLogiExcelDataProviderTabTest(M962, Tester17, col3, )">unsuccessLogiExcelDataProviderTabTest(M962, Tester17, col3, )</a> <!-- method navigator-link -->
                      </span>
                      <br/>
                      <span>
                        <img width="3%" src="passed.png"/>
                        <a href="#" class="method navigator-link" panel-name="suite-Smoke_Tests" title="com.volvo.project.tests.InternetTestSuiteDataProviderExampleLoginTest" hash-for-method="unsuccessLogiExcelDataProviderTabTest(A125, Tester15, , col4)">unsuccessLogiExcelDataProviderTabTest(A125, Tester15, , col4)</a> <!-- method navigator-link -->
                      </span>
                      <br/>
                      <span>
                        <img width="3%" src="passed.png"/>
                        <a href="#" class="method navigator-link" panel-name="suite-Smoke_Tests" title="com.volvo.project.tests.InternetTestSuiteDataProviderExampleLoginTest" hash-for-method="unsuccessLogiExcelDataProviderTabTest(M965, Tester17, col3, )">unsuccessLogiExcelDataProviderTabTest(M965, Tester17, col3, )</a> <!-- method navigator-link -->
                      </span>
                      <br/>
                      <span>
                        <img width="3%" src="passed.png"/>
                        <a href="#" class="method navigator-link" panel-name="suite-Smoke_Tests" title="com.volvo.project.tests.InternetTestSuiteDataProviderExampleLoginTest" hash-for-method="unsuccessLogiExcelDataProviderTabTest(M963, Tester15, col3, )">unsuccessLogiExcelDataProviderTabTest(M963, Tester15, col3, )</a> <!-- method navigator-link -->
                      </span>
                      <br/>
                      <span>
                        <img width="3%" src="passed.png"/>
                        <a href="#" class="method navigator-link" panel-name="suite-Smoke_Tests" title="com.volvo.project.tests.InternetTestSuiteDataProviderExampleLoginTest" hash-for-method="unsuccessLogiExcelDataProviderTabTest(M967, Tester16, , col4)">unsuccessLogiExcelDataProviderTabTest(M967, Tester16, , col4)</a> <!-- method navigator-link -->
                      </span>
                      <br/>
                      <span>
                        <img width="3%" src="passed.png"/>
                        <a href="#" class="method navigator-link" panel-name="suite-Smoke_Tests" title="com.volvo.project.tests.InternetTestSuiteDataProviderExampleLoginTest" hash-for-method="unsuccessLogiExcelDataProviderTabTest(M964, Tester16, , col4)">unsuccessLogiExcelDataProviderTabTest(M964, Tester16, , col4)</a> <!-- method navigator-link -->
                      </span>
                      <br/>
                      <span>
                        <img width="3%" src="passed.png"/>
                        <a href="#" class="method navigator-link" panel-name="suite-Smoke_Tests" title="com.volvo.project.tests.InternetTestSuiteDataProviderExampleLoginTest" hash-for-method="unsuccessLogiExcelDataProviderTabTest(M961, Tester16, , col4)">unsuccessLogiExcelDataProviderTabTest(M961, Tester16, , col4)</a> <!-- method navigator-link -->
                      </span>
                      <br/>
                      <span>
                        <img width="3%" src="passed.png"/>
                        <a href="#" class="method navigator-link" panel-name="suite-Smoke_Tests" title="com.volvo.project.tests.InternetTestSuiteDataProviderExampleLoginTest" hash-for-method="unsuccessLogiExcelDataProviderTabTest(A124, Tester15, , col4)">unsuccessLogiExcelDataProviderTabTest(A124, Tester15, , col4)</a> <!-- method navigator-link -->
                      </span>
                      <br/>
                      <span>
                        <img width="3%" src="passed.png"/>
                        <a href="#" class="method navigator-link" panel-name="suite-Smoke_Tests" title="com.volvo.project.tests.InternetTestSuiteDataProviderExampleLoginTest" hash-for-method="unsuccessLogiExcelDataProviderTabTest(M966, Tester15, col3, )">unsuccessLogiExcelDataProviderTabTest(M966, Tester15, col3, )</a> <!-- method navigator-link -->
                      </span>
                      <br/>
                    </div> <!-- method-list-content passed suite-Smoke_Tests -->
                  </li>
                </ul>
              </div> <!-- suite-section-content -->
            </div> <!-- result-section -->
          </div> <!-- navigator-suite-content -->
        </div> <!-- rounded-window -->
      </div> <!-- suite -->
    </div> <!-- navigator-root -->
    <div class="wrapper">
      <div class="main-panel-root">
        <div panel-name="suite-Smoke_Tests" class="panel Smoke_Tests">
          <div class="suite-Smoke_Tests-class-failed">
            <div class="main-panel-header rounded-window-top">
              <img src="failed.png"/>
              <span class="class-name">com.volvo.project.tests.InternetTestSuiteDataProviderExampleLoginTest</span>
            </div> <!-- main-panel-header rounded-window-top -->
            <div class="main-panel-content rounded-window-bottom">
              <div class="method">
                <div class="method-content">
                  <a name="successfulLoginArrayDataProviderTest(tomsmith9, SuperSecretPass$#@)">
                  </a> <!-- successfulLoginArrayDataProviderTest(tomsmith9, SuperSecretPass$#@) -->
                  <span class="method-name">successfulLoginArrayDataProviderTest</span>
                  <span class="parameters">(tomsmith9, SuperSecretPass$#@)</span>
                  <div class="stack-trace">java.lang.AssertionError: 
Expecting:
 &lt;false&gt;
to be equal to:
 &lt;true&gt;
but was not.
	at com.volvo.project.tests.InternetTestSuiteDataProviderExampleLoginTest.successfulLoginArrayDataProviderTest(InternetTestSuiteDataProviderExampleLoginTest.java:24)
	at sun.reflect.NativeMethodAccessorImpl.invoke0(Native Method)
	at sun.reflect.NativeMethodAccessorImpl.invoke(NativeMethodAccessorImpl.java:62)
	at sun.reflect.DelegatingMethodAccessorImpl.invoke(DelegatingMethodAccessorImpl.java:43)
	at java.lang.reflect.Method.invoke(Method.java:498)
	at org.testng.internal.MethodInvocationHelper.invokeMethod(MethodInvocationHelper.java:108)
	at org.testng.internal.Invoker.invokeMethod(Invoker.java:661)
	at org.testng.internal.Invoker.invokeTestMethod(Invoker.java:869)
	at org.testng.internal.Invoker.invokeTestMethods(Invoker.java:1193)
	at org.testng.internal.TestMethodWorker.invokeTestMethods(TestMethodWorker.java:126)
	at org.testng.internal.TestMethodWorker.run(TestMethodWorker.java:109)
	at org.testng.TestRunner.privateRun(TestRunner.java:744)
	at org.testng.TestRunner.run(TestRunner.java:602)
	at org.testng.SuiteRunner.runTest(SuiteRunner.java:380)
	at org.testng.SuiteRunner.runSequentially(SuiteRunner.java:375)
	at org.testng.SuiteRunner.privateRun(SuiteRunner.java:340)
	at org.testng.SuiteRunner.run(SuiteRunner.java:289)
	at org.testng.SuiteRunnerWorker.runSuite(SuiteRunnerWorker.java:52)
	at org.testng.SuiteRunnerWorker.run(SuiteRunnerWorker.java:86)
	at org.testng.TestNG.runSuitesSequentially(TestNG.java:1301)
	at org.testng.TestNG.runSuitesLocally(TestNG.java:1226)
	at org.testng.TestNG.runSuites(TestNG.java:1144)
	at org.testng.TestNG.run(TestNG.java:1115)
	at org.apache.maven.surefire.testng.TestNGExecutor.run(TestNGExecutor.java:281)
	at org.apache.maven.surefire.testng.TestNGXmlTestSuite.execute(TestNGXmlTestSuite.java:75)
	at org.apache.maven.surefire.testng.TestNGProvider.invoke(TestNGProvider.java:121)
	at org.apache.maven.surefire.booter.ForkedBooter.invokeProviderInSameClassLoader(ForkedBooter.java:290)
	at org.apache.maven.surefire.booter.ForkedBooter.runSuitesInProcess(ForkedBooter.java:242)
	at org.apache.maven.surefire.booter.ForkedBooter.main(ForkedBooter.java:121)

</div> <!-- stack-trace -->
                </div> <!-- method-content -->
              </div> <!-- method -->
              <div class="method">
                <div class="method-content">
                  <a name="successfulLoginArrayDataProviderTest(tomsmith3, SuperSecretPass$#@)">
                  </a> <!-- successfulLoginArrayDataProviderTest(tomsmith3, SuperSecretPass$#@) -->
                  <span class="method-name">successfulLoginArrayDataProviderTest</span>
                  <span class="parameters">(tomsmith3, SuperSecretPass$#@)</span>
                  <div class="stack-trace">java.lang.AssertionError: 
Expecting:
 &lt;false&gt;
to be equal to:
 &lt;true&gt;
but was not.
	at com.volvo.project.tests.InternetTestSuiteDataProviderExampleLoginTest.successfulLoginArrayDataProviderTest(InternetTestSuiteDataProviderExampleLoginTest.java:24)
	at sun.reflect.NativeMethodAccessorImpl.invoke0(Native Method)
	at sun.reflect.NativeMethodAccessorImpl.invoke(NativeMethodAccessorImpl.java:62)
	at sun.reflect.DelegatingMethodAccessorImpl.invoke(DelegatingMethodAccessorImpl.java:43)
	at java.lang.reflect.Method.invoke(Method.java:498)
	at org.testng.internal.MethodInvocationHelper.invokeMethod(MethodInvocationHelper.java:108)
	at org.testng.internal.Invoker.invokeMethod(Invoker.java:661)
	at org.testng.internal.Invoker.invokeTestMethod(Invoker.java:869)
	at org.testng.internal.Invoker.invokeTestMethods(Invoker.java:1193)
	at org.testng.internal.TestMethodWorker.invokeTestMethods(TestMethodWorker.java:126)
	at org.testng.internal.TestMethodWorker.run(TestMethodWorker.java:109)
	at org.testng.TestRunner.privateRun(TestRunner.java:744)
	at org.testng.TestRunner.run(TestRunner.java:602)
	at org.testng.SuiteRunner.runTest(SuiteRunner.java:380)
	at org.testng.SuiteRunner.runSequentially(SuiteRunner.java:375)
	at org.testng.SuiteRunner.privateRun(SuiteRunner.java:340)
	at org.testng.SuiteRunner.run(SuiteRunner.java:289)
	at org.testng.SuiteRunnerWorker.runSuite(SuiteRunnerWorker.java:52)
	at org.testng.SuiteRunnerWorker.run(SuiteRunnerWorker.java:86)
	at org.testng.TestNG.runSuitesSequentially(TestNG.java:1301)
	at org.testng.TestNG.runSuitesLocally(TestNG.java:1226)
	at org.testng.TestNG.runSuites(TestNG.java:1144)
	at org.testng.TestNG.run(TestNG.java:1115)
	at org.apache.maven.surefire.testng.TestNGExecutor.run(TestNGExecutor.java:281)
	at org.apache.maven.surefire.testng.TestNGXmlTestSuite.execute(TestNGXmlTestSuite.java:75)
	at org.apache.maven.surefire.testng.TestNGProvider.invoke(TestNGProvider.java:121)
	at org.apache.maven.surefire.booter.ForkedBooter.invokeProviderInSameClassLoader(ForkedBooter.java:290)
	at org.apache.maven.surefire.booter.ForkedBooter.runSuitesInProcess(ForkedBooter.java:242)
	at org.apache.maven.surefire.booter.ForkedBooter.main(ForkedBooter.java:121)

</div> <!-- stack-trace -->
                </div> <!-- method-content -->
              </div> <!-- method -->
              <div class="method">
                <div class="method-content">
                  <a name="successfulLoginArrayDataProviderTest(tomsmith2, SuperSecretPass$#@)">
                  </a> <!-- successfulLoginArrayDataProviderTest(tomsmith2, SuperSecretPass$#@) -->
                  <span class="method-name">successfulLoginArrayDataProviderTest</span>
                  <span class="parameters">(tomsmith2, SuperSecretPass$#@)</span>
                  <div class="stack-trace">java.lang.AssertionError: 
Expecting:
 &lt;false&gt;
to be equal to:
 &lt;true&gt;
but was not.
	at com.volvo.project.tests.InternetTestSuiteDataProviderExampleLoginTest.successfulLoginArrayDataProviderTest(InternetTestSuiteDataProviderExampleLoginTest.java:24)
	at sun.reflect.NativeMethodAccessorImpl.invoke0(Native Method)
	at sun.reflect.NativeMethodAccessorImpl.invoke(NativeMethodAccessorImpl.java:62)
	at sun.reflect.DelegatingMethodAccessorImpl.invoke(DelegatingMethodAccessorImpl.java:43)
	at java.lang.reflect.Method.invoke(Method.java:498)
	at org.testng.internal.MethodInvocationHelper.invokeMethod(MethodInvocationHelper.java:108)
	at org.testng.internal.Invoker.invokeMethod(Invoker.java:661)
	at org.testng.internal.Invoker.invokeTestMethod(Invoker.java:869)
	at org.testng.internal.Invoker.invokeTestMethods(Invoker.java:1193)
	at org.testng.internal.TestMethodWorker.invokeTestMethods(TestMethodWorker.java:126)
	at org.testng.internal.TestMethodWorker.run(TestMethodWorker.java:109)
	at org.testng.TestRunner.privateRun(TestRunner.java:744)
	at org.testng.TestRunner.run(TestRunner.java:602)
	at org.testng.SuiteRunner.runTest(SuiteRunner.java:380)
	at org.testng.SuiteRunner.runSequentially(SuiteRunner.java:375)
	at org.testng.SuiteRunner.privateRun(SuiteRunner.java:340)
	at org.testng.SuiteRunner.run(SuiteRunner.java:289)
	at org.testng.SuiteRunnerWorker.runSuite(SuiteRunnerWorker.java:52)
	at org.testng.SuiteRunnerWorker.run(SuiteRunnerWorker.java:86)
	at org.testng.TestNG.runSuitesSequentially(TestNG.java:1301)
	at org.testng.TestNG.runSuitesLocally(TestNG.java:1226)
	at org.testng.TestNG.runSuites(TestNG.java:1144)
	at org.testng.TestNG.run(TestNG.java:1115)
	at org.apache.maven.surefire.testng.TestNGExecutor.run(TestNGExecutor.java:281)
	at org.apache.maven.surefire.testng.TestNGXmlTestSuite.execute(TestNGXmlTestSuite.java:75)
	at org.apache.maven.surefire.testng.TestNGProvider.invoke(TestNGProvider.java:121)
	at org.apache.maven.surefire.booter.ForkedBooter.invokeProviderInSameClassLoader(ForkedBooter.java:290)
	at org.apache.maven.surefire.booter.ForkedBooter.runSuitesInProcess(ForkedBooter.java:242)
	at org.apache.maven.surefire.booter.ForkedBooter.main(ForkedBooter.java:121)

</div> <!-- stack-trace -->
                </div> <!-- method-content -->
              </div> <!-- method -->
              <div class="method">
                <div class="method-content">
                  <a name="successfulLoginArrayDataProviderTest(tomsmith8, SuperSecretPass$#@)">
                  </a> <!-- successfulLoginArrayDataProviderTest(tomsmith8, SuperSecretPass$#@) -->
                  <span class="method-name">successfulLoginArrayDataProviderTest</span>
                  <span class="parameters">(tomsmith8, SuperSecretPass$#@)</span>
                  <div class="stack-trace">java.lang.AssertionError: 
Expecting:
 &lt;false&gt;
to be equal to:
 &lt;true&gt;
but was not.
	at com.volvo.project.tests.InternetTestSuiteDataProviderExampleLoginTest.successfulLoginArrayDataProviderTest(InternetTestSuiteDataProviderExampleLoginTest.java:24)
	at sun.reflect.NativeMethodAccessorImpl.invoke0(Native Method)
	at sun.reflect.NativeMethodAccessorImpl.invoke(NativeMethodAccessorImpl.java:62)
	at sun.reflect.DelegatingMethodAccessorImpl.invoke(DelegatingMethodAccessorImpl.java:43)
	at java.lang.reflect.Method.invoke(Method.java:498)
	at org.testng.internal.MethodInvocationHelper.invokeMethod(MethodInvocationHelper.java:108)
	at org.testng.internal.Invoker.invokeMethod(Invoker.java:661)
	at org.testng.internal.Invoker.invokeTestMethod(Invoker.java:869)
	at org.testng.internal.Invoker.invokeTestMethods(Invoker.java:1193)
	at org.testng.internal.TestMethodWorker.invokeTestMethods(TestMethodWorker.java:126)
	at org.testng.internal.TestMethodWorker.run(TestMethodWorker.java:109)
	at org.testng.TestRunner.privateRun(TestRunner.java:744)
	at org.testng.TestRunner.run(TestRunner.java:602)
	at org.testng.SuiteRunner.runTest(SuiteRunner.java:380)
	at org.testng.SuiteRunner.runSequentially(SuiteRunner.java:375)
	at org.testng.SuiteRunner.privateRun(SuiteRunner.java:340)
	at org.testng.SuiteRunner.run(SuiteRunner.java:289)
	at org.testng.SuiteRunnerWorker.runSuite(SuiteRunnerWorker.java:52)
	at org.testng.SuiteRunnerWorker.run(SuiteRunnerWorker.java:86)
	at org.testng.TestNG.runSuitesSequentially(TestNG.java:1301)
	at org.testng.TestNG.runSuitesLocally(TestNG.java:1226)
	at org.testng.TestNG.runSuites(TestNG.java:1144)
	at org.testng.TestNG.run(TestNG.java:1115)
	at org.apache.maven.surefire.testng.TestNGExecutor.run(TestNGExecutor.java:281)
	at org.apache.maven.surefire.testng.TestNGXmlTestSuite.execute(TestNGXmlTestSuite.java:75)
	at org.apache.maven.surefire.testng.TestNGProvider.invoke(TestNGProvider.java:121)
	at org.apache.maven.surefire.booter.ForkedBooter.invokeProviderInSameClassLoader(ForkedBooter.java:290)
	at org.apache.maven.surefire.booter.ForkedBooter.runSuitesInProcess(ForkedBooter.java:242)
	at org.apache.maven.surefire.booter.ForkedBooter.main(ForkedBooter.java:121)

</div> <!-- stack-trace -->
                </div> <!-- method-content -->
              </div> <!-- method -->
              <div class="method">
                <div class="method-content">
                  <a name="successfulLoginArrayDataProviderTest(tomsmith11, SuperSecretPass$#@)">
                  </a> <!-- successfulLoginArrayDataProviderTest(tomsmith11, SuperSecretPass$#@) -->
                  <span class="method-name">successfulLoginArrayDataProviderTest</span>
                  <span class="parameters">(tomsmith11, SuperSecretPass$#@)</span>
                  <div class="stack-trace">java.lang.AssertionError: 
Expecting:
 &lt;false&gt;
to be equal to:
 &lt;true&gt;
but was not.
	at com.volvo.project.tests.InternetTestSuiteDataProviderExampleLoginTest.successfulLoginArrayDataProviderTest(InternetTestSuiteDataProviderExampleLoginTest.java:24)
	at sun.reflect.NativeMethodAccessorImpl.invoke0(Native Method)
	at sun.reflect.NativeMethodAccessorImpl.invoke(NativeMethodAccessorImpl.java:62)
	at sun.reflect.DelegatingMethodAccessorImpl.invoke(DelegatingMethodAccessorImpl.java:43)
	at java.lang.reflect.Method.invoke(Method.java:498)
	at org.testng.internal.MethodInvocationHelper.invokeMethod(MethodInvocationHelper.java:108)
	at org.testng.internal.Invoker.invokeMethod(Invoker.java:661)
	at org.testng.internal.Invoker.invokeTestMethod(Invoker.java:869)
	at org.testng.internal.Invoker.invokeTestMethods(Invoker.java:1193)
	at org.testng.internal.TestMethodWorker.invokeTestMethods(TestMethodWorker.java:126)
	at org.testng.internal.TestMethodWorker.run(TestMethodWorker.java:109)
	at org.testng.TestRunner.privateRun(TestRunner.java:744)
	at org.testng.TestRunner.run(TestRunner.java:602)
	at org.testng.SuiteRunner.runTest(SuiteRunner.java:380)
	at org.testng.SuiteRunner.runSequentially(SuiteRunner.java:375)
	at org.testng.SuiteRunner.privateRun(SuiteRunner.java:340)
	at org.testng.SuiteRunner.run(SuiteRunner.java:289)
	at org.testng.SuiteRunnerWorker.runSuite(SuiteRunnerWorker.java:52)
	at org.testng.SuiteRunnerWorker.run(SuiteRunnerWorker.java:86)
	at org.testng.TestNG.runSuitesSequentially(TestNG.java:1301)
	at org.testng.TestNG.runSuitesLocally(TestNG.java:1226)
	at org.testng.TestNG.runSuites(TestNG.java:1144)
	at org.testng.TestNG.run(TestNG.java:1115)
	at org.apache.maven.surefire.testng.TestNGExecutor.run(TestNGExecutor.java:281)
	at org.apache.maven.surefire.testng.TestNGXmlTestSuite.execute(TestNGXmlTestSuite.java:75)
	at org.apache.maven.surefire.testng.TestNGProvider.invoke(TestNGProvider.java:121)
	at org.apache.maven.surefire.booter.ForkedBooter.invokeProviderInSameClassLoader(ForkedBooter.java:290)
	at org.apache.maven.surefire.booter.ForkedBooter.runSuitesInProcess(ForkedBooter.java:242)
	at org.apache.maven.surefire.booter.ForkedBooter.main(ForkedBooter.java:121)

</div> <!-- stack-trace -->
                </div> <!-- method-content -->
              </div> <!-- method -->
              <div class="method">
                <div class="method-content">
                  <a name="successfulLoginArrayDataProviderTest(tomsmith5, SuperSecretPass$#@)">
                  </a> <!-- successfulLoginArrayDataProviderTest(tomsmith5, SuperSecretPass$#@) -->
                  <span class="method-name">successfulLoginArrayDataProviderTest</span>
                  <span class="parameters">(tomsmith5, SuperSecretPass$#@)</span>
                  <div class="stack-trace">java.lang.AssertionError: 
Expecting:
 &lt;false&gt;
to be equal to:
 &lt;true&gt;
but was not.
	at com.volvo.project.tests.InternetTestSuiteDataProviderExampleLoginTest.successfulLoginArrayDataProviderTest(InternetTestSuiteDataProviderExampleLoginTest.java:24)
	at sun.reflect.NativeMethodAccessorImpl.invoke0(Native Method)
	at sun.reflect.NativeMethodAccessorImpl.invoke(NativeMethodAccessorImpl.java:62)
	at sun.reflect.DelegatingMethodAccessorImpl.invoke(DelegatingMethodAccessorImpl.java:43)
	at java.lang.reflect.Method.invoke(Method.java:498)
	at org.testng.internal.MethodInvocationHelper.invokeMethod(MethodInvocationHelper.java:108)
	at org.testng.internal.Invoker.invokeMethod(Invoker.java:661)
	at org.testng.internal.Invoker.invokeTestMethod(Invoker.java:869)
	at org.testng.internal.Invoker.invokeTestMethods(Invoker.java:1193)
	at org.testng.internal.TestMethodWorker.invokeTestMethods(TestMethodWorker.java:126)
	at org.testng.internal.TestMethodWorker.run(TestMethodWorker.java:109)
	at org.testng.TestRunner.privateRun(TestRunner.java:744)
	at org.testng.TestRunner.run(TestRunner.java:602)
	at org.testng.SuiteRunner.runTest(SuiteRunner.java:380)
	at org.testng.SuiteRunner.runSequentially(SuiteRunner.java:375)
	at org.testng.SuiteRunner.privateRun(SuiteRunner.java:340)
	at org.testng.SuiteRunner.run(SuiteRunner.java:289)
	at org.testng.SuiteRunnerWorker.runSuite(SuiteRunnerWorker.java:52)
	at org.testng.SuiteRunnerWorker.run(SuiteRunnerWorker.java:86)
	at org.testng.TestNG.runSuitesSequentially(TestNG.java:1301)
	at org.testng.TestNG.runSuitesLocally(TestNG.java:1226)
	at org.testng.TestNG.runSuites(TestNG.java:1144)
	at org.testng.TestNG.run(TestNG.java:1115)
	at org.apache.maven.surefire.testng.TestNGExecutor.run(TestNGExecutor.java:281)
	at org.apache.maven.surefire.testng.TestNGXmlTestSuite.execute(TestNGXmlTestSuite.java:75)
	at org.apache.maven.surefire.testng.TestNGProvider.invoke(TestNGProvider.java:121)
	at org.apache.maven.surefire.booter.ForkedBooter.invokeProviderInSameClassLoader(ForkedBooter.java:290)
	at org.apache.maven.surefire.booter.ForkedBooter.runSuitesInProcess(ForkedBooter.java:242)
	at org.apache.maven.surefire.booter.ForkedBooter.main(ForkedBooter.java:121)

</div> <!-- stack-trace -->
                </div> <!-- method-content -->
              </div> <!-- method -->
              <div class="method">
                <div class="method-content">
                  <a name="successfulLoginArrayDataProviderTest(tomsmith7, SuperSecretPass$#@)">
                  </a> <!-- successfulLoginArrayDataProviderTest(tomsmith7, SuperSecretPass$#@) -->
                  <span class="method-name">successfulLoginArrayDataProviderTest</span>
                  <span class="parameters">(tomsmith7, SuperSecretPass$#@)</span>
                  <div class="stack-trace">java.lang.AssertionError: 
Expecting:
 &lt;false&gt;
to be equal to:
 &lt;true&gt;
but was not.
	at com.volvo.project.tests.InternetTestSuiteDataProviderExampleLoginTest.successfulLoginArrayDataProviderTest(InternetTestSuiteDataProviderExampleLoginTest.java:24)
	at sun.reflect.NativeMethodAccessorImpl.invoke0(Native Method)
	at sun.reflect.NativeMethodAccessorImpl.invoke(NativeMethodAccessorImpl.java:62)
	at sun.reflect.DelegatingMethodAccessorImpl.invoke(DelegatingMethodAccessorImpl.java:43)
	at java.lang.reflect.Method.invoke(Method.java:498)
	at org.testng.internal.MethodInvocationHelper.invokeMethod(MethodInvocationHelper.java:108)
	at org.testng.internal.Invoker.invokeMethod(Invoker.java:661)
	at org.testng.internal.Invoker.invokeTestMethod(Invoker.java:869)
	at org.testng.internal.Invoker.invokeTestMethods(Invoker.java:1193)
	at org.testng.internal.TestMethodWorker.invokeTestMethods(TestMethodWorker.java:126)
	at org.testng.internal.TestMethodWorker.run(TestMethodWorker.java:109)
	at org.testng.TestRunner.privateRun(TestRunner.java:744)
	at org.testng.TestRunner.run(TestRunner.java:602)
	at org.testng.SuiteRunner.runTest(SuiteRunner.java:380)
	at org.testng.SuiteRunner.runSequentially(SuiteRunner.java:375)
	at org.testng.SuiteRunner.privateRun(SuiteRunner.java:340)
	at org.testng.SuiteRunner.run(SuiteRunner.java:289)
	at org.testng.SuiteRunnerWorker.runSuite(SuiteRunnerWorker.java:52)
	at org.testng.SuiteRunnerWorker.run(SuiteRunnerWorker.java:86)
	at org.testng.TestNG.runSuitesSequentially(TestNG.java:1301)
	at org.testng.TestNG.runSuitesLocally(TestNG.java:1226)
	at org.testng.TestNG.runSuites(TestNG.java:1144)
	at org.testng.TestNG.run(TestNG.java:1115)
	at org.apache.maven.surefire.testng.TestNGExecutor.run(TestNGExecutor.java:281)
	at org.apache.maven.surefire.testng.TestNGXmlTestSuite.execute(TestNGXmlTestSuite.java:75)
	at org.apache.maven.surefire.testng.TestNGProvider.invoke(TestNGProvider.java:121)
	at org.apache.maven.surefire.booter.ForkedBooter.invokeProviderInSameClassLoader(ForkedBooter.java:290)
	at org.apache.maven.surefire.booter.ForkedBooter.runSuitesInProcess(ForkedBooter.java:242)
	at org.apache.maven.surefire.booter.ForkedBooter.main(ForkedBooter.java:121)

</div> <!-- stack-trace -->
                </div> <!-- method-content -->
              </div> <!-- method -->
              <div class="method">
                <div class="method-content">
                  <a name="successfulLoginArrayDataProviderTest(tomsmith13, SuperSecretPass$#@)">
                  </a> <!-- successfulLoginArrayDataProviderTest(tomsmith13, SuperSecretPass$#@) -->
                  <span class="method-name">successfulLoginArrayDataProviderTest</span>
                  <span class="parameters">(tomsmith13, SuperSecretPass$#@)</span>
                  <div class="stack-trace">java.lang.AssertionError: 
Expecting:
 &lt;false&gt;
to be equal to:
 &lt;true&gt;
but was not.
	at com.volvo.project.tests.InternetTestSuiteDataProviderExampleLoginTest.successfulLoginArrayDataProviderTest(InternetTestSuiteDataProviderExampleLoginTest.java:24)
	at sun.reflect.NativeMethodAccessorImpl.invoke0(Native Method)
	at sun.reflect.NativeMethodAccessorImpl.invoke(NativeMethodAccessorImpl.java:62)
	at sun.reflect.DelegatingMethodAccessorImpl.invoke(DelegatingMethodAccessorImpl.java:43)
	at java.lang.reflect.Method.invoke(Method.java:498)
	at org.testng.internal.MethodInvocationHelper.invokeMethod(MethodInvocationHelper.java:108)
	at org.testng.internal.Invoker.invokeMethod(Invoker.java:661)
	at org.testng.internal.Invoker.invokeTestMethod(Invoker.java:869)
	at org.testng.internal.Invoker.invokeTestMethods(Invoker.java:1193)
	at org.testng.internal.TestMethodWorker.invokeTestMethods(TestMethodWorker.java:126)
	at org.testng.internal.TestMethodWorker.run(TestMethodWorker.java:109)
	at org.testng.TestRunner.privateRun(TestRunner.java:744)
	at org.testng.TestRunner.run(TestRunner.java:602)
	at org.testng.SuiteRunner.runTest(SuiteRunner.java:380)
	at org.testng.SuiteRunner.runSequentially(SuiteRunner.java:375)
	at org.testng.SuiteRunner.privateRun(SuiteRunner.java:340)
	at org.testng.SuiteRunner.run(SuiteRunner.java:289)
	at org.testng.SuiteRunnerWorker.runSuite(SuiteRunnerWorker.java:52)
	at org.testng.SuiteRunnerWorker.run(SuiteRunnerWorker.java:86)
	at org.testng.TestNG.runSuitesSequentially(TestNG.java:1301)
	at org.testng.TestNG.runSuitesLocally(TestNG.java:1226)
	at org.testng.TestNG.runSuites(TestNG.java:1144)
	at org.testng.TestNG.run(TestNG.java:1115)
	at org.apache.maven.surefire.testng.TestNGExecutor.run(TestNGExecutor.java:281)
	at org.apache.maven.surefire.testng.TestNGXmlTestSuite.execute(TestNGXmlTestSuite.java:75)
	at org.apache.maven.surefire.testng.TestNGProvider.invoke(TestNGProvider.java:121)
	at org.apache.maven.surefire.booter.ForkedBooter.invokeProviderInSameClassLoader(ForkedBooter.java:290)
	at org.apache.maven.surefire.booter.ForkedBooter.runSuitesInProcess(ForkedBooter.java:242)
	at org.apache.maven.surefire.booter.ForkedBooter.main(ForkedBooter.java:121)

</div> <!-- stack-trace -->
                </div> <!-- method-content -->
              </div> <!-- method -->
              <div class="method">
                <div class="method-content">
                  <a name="successfulLoginArrayDataProviderTest(tomsmith12, SuperSecretPass$#@)">
                  </a> <!-- successfulLoginArrayDataProviderTest(tomsmith12, SuperSecretPass$#@) -->
                  <span class="method-name">successfulLoginArrayDataProviderTest</span>
                  <span class="parameters">(tomsmith12, SuperSecretPass$#@)</span>
                  <div class="stack-trace">java.lang.AssertionError: 
Expecting:
 &lt;false&gt;
to be equal to:
 &lt;true&gt;
but was not.
	at com.volvo.project.tests.InternetTestSuiteDataProviderExampleLoginTest.successfulLoginArrayDataProviderTest(InternetTestSuiteDataProviderExampleLoginTest.java:24)
	at sun.reflect.NativeMethodAccessorImpl.invoke0(Native Method)
	at sun.reflect.NativeMethodAccessorImpl.invoke(NativeMethodAccessorImpl.java:62)
	at sun.reflect.DelegatingMethodAccessorImpl.invoke(DelegatingMethodAccessorImpl.java:43)
	at java.lang.reflect.Method.invoke(Method.java:498)
	at org.testng.internal.MethodInvocationHelper.invokeMethod(MethodInvocationHelper.java:108)
	at org.testng.internal.Invoker.invokeMethod(Invoker.java:661)
	at org.testng.internal.Invoker.invokeTestMethod(Invoker.java:869)
	at org.testng.internal.Invoker.invokeTestMethods(Invoker.java:1193)
	at org.testng.internal.TestMethodWorker.invokeTestMethods(TestMethodWorker.java:126)
	at org.testng.internal.TestMethodWorker.run(TestMethodWorker.java:109)
	at org.testng.TestRunner.privateRun(TestRunner.java:744)
	at org.testng.TestRunner.run(TestRunner.java:602)
	at org.testng.SuiteRunner.runTest(SuiteRunner.java:380)
	at org.testng.SuiteRunner.runSequentially(SuiteRunner.java:375)
	at org.testng.SuiteRunner.privateRun(SuiteRunner.java:340)
	at org.testng.SuiteRunner.run(SuiteRunner.java:289)
	at org.testng.SuiteRunnerWorker.runSuite(SuiteRunnerWorker.java:52)
	at org.testng.SuiteRunnerWorker.run(SuiteRunnerWorker.java:86)
	at org.testng.TestNG.runSuitesSequentially(TestNG.java:1301)
	at org.testng.TestNG.runSuitesLocally(TestNG.java:1226)
	at org.testng.TestNG.runSuites(TestNG.java:1144)
	at org.testng.TestNG.run(TestNG.java:1115)
	at org.apache.maven.surefire.testng.TestNGExecutor.run(TestNGExecutor.java:281)
	at org.apache.maven.surefire.testng.TestNGXmlTestSuite.execute(TestNGXmlTestSuite.java:75)
	at org.apache.maven.surefire.testng.TestNGProvider.invoke(TestNGProvider.java:121)
	at org.apache.maven.surefire.booter.ForkedBooter.invokeProviderInSameClassLoader(ForkedBooter.java:290)
	at org.apache.maven.surefire.booter.ForkedBooter.runSuitesInProcess(ForkedBooter.java:242)
	at org.apache.maven.surefire.booter.ForkedBooter.main(ForkedBooter.java:121)

</div> <!-- stack-trace -->
                </div> <!-- method-content -->
              </div> <!-- method -->
              <div class="method">
                <div class="method-content">
                  <a name="successfulLoginArrayDataProviderTest(tomsmith10, SuperSecretPass$#@)">
                  </a> <!-- successfulLoginArrayDataProviderTest(tomsmith10, SuperSecretPass$#@) -->
                  <span class="method-name">successfulLoginArrayDataProviderTest</span>
                  <span class="parameters">(tomsmith10, SuperSecretPass$#@)</span>
                  <div class="stack-trace">java.lang.AssertionError: 
Expecting:
 &lt;false&gt;
to be equal to:
 &lt;true&gt;
but was not.
	at com.volvo.project.tests.InternetTestSuiteDataProviderExampleLoginTest.successfulLoginArrayDataProviderTest(InternetTestSuiteDataProviderExampleLoginTest.java:24)
	at sun.reflect.NativeMethodAccessorImpl.invoke0(Native Method)
	at sun.reflect.NativeMethodAccessorImpl.invoke(NativeMethodAccessorImpl.java:62)
	at sun.reflect.DelegatingMethodAccessorImpl.invoke(DelegatingMethodAccessorImpl.java:43)
	at java.lang.reflect.Method.invoke(Method.java:498)
	at org.testng.internal.MethodInvocationHelper.invokeMethod(MethodInvocationHelper.java:108)
	at org.testng.internal.Invoker.invokeMethod(Invoker.java:661)
	at org.testng.internal.Invoker.invokeTestMethod(Invoker.java:869)
	at org.testng.internal.Invoker.invokeTestMethods(Invoker.java:1193)
	at org.testng.internal.TestMethodWorker.invokeTestMethods(TestMethodWorker.java:126)
	at org.testng.internal.TestMethodWorker.run(TestMethodWorker.java:109)
	at org.testng.TestRunner.privateRun(TestRunner.java:744)
	at org.testng.TestRunner.run(TestRunner.java:602)
	at org.testng.SuiteRunner.runTest(SuiteRunner.java:380)
	at org.testng.SuiteRunner.runSequentially(SuiteRunner.java:375)
	at org.testng.SuiteRunner.privateRun(SuiteRunner.java:340)
	at org.testng.SuiteRunner.run(SuiteRunner.java:289)
	at org.testng.SuiteRunnerWorker.runSuite(SuiteRunnerWorker.java:52)
	at org.testng.SuiteRunnerWorker.run(SuiteRunnerWorker.java:86)
	at org.testng.TestNG.runSuitesSequentially(TestNG.java:1301)
	at org.testng.TestNG.runSuitesLocally(TestNG.java:1226)
	at org.testng.TestNG.runSuites(TestNG.java:1144)
	at org.testng.TestNG.run(TestNG.java:1115)
	at org.apache.maven.surefire.testng.TestNGExecutor.run(TestNGExecutor.java:281)
	at org.apache.maven.surefire.testng.TestNGXmlTestSuite.execute(TestNGXmlTestSuite.java:75)
	at org.apache.maven.surefire.testng.TestNGProvider.invoke(TestNGProvider.java:121)
	at org.apache.maven.surefire.booter.ForkedBooter.invokeProviderInSameClassLoader(ForkedBooter.java:290)
	at org.apache.maven.surefire.booter.ForkedBooter.runSuitesInProcess(ForkedBooter.java:242)
	at org.apache.maven.surefire.booter.ForkedBooter.main(ForkedBooter.java:121)

</div> <!-- stack-trace -->
                </div> <!-- method-content -->
              </div> <!-- method -->
              <div class="method">
                <div class="method-content">
                  <a name="successfulLoginArrayDataProviderTest(tomsmith1, SuperSecretPass$#@)">
                  </a> <!-- successfulLoginArrayDataProviderTest(tomsmith1, SuperSecretPass$#@) -->
                  <span class="method-name">successfulLoginArrayDataProviderTest</span>
                  <span class="parameters">(tomsmith1, SuperSecretPass$#@)</span>
                  <div class="stack-trace">java.lang.AssertionError: 
Expecting:
 &lt;false&gt;
to be equal to:
 &lt;true&gt;
but was not.
	at com.volvo.project.tests.InternetTestSuiteDataProviderExampleLoginTest.successfulLoginArrayDataProviderTest(InternetTestSuiteDataProviderExampleLoginTest.java:24)
	at sun.reflect.NativeMethodAccessorImpl.invoke0(Native Method)
	at sun.reflect.NativeMethodAccessorImpl.invoke(NativeMethodAccessorImpl.java:62)
	at sun.reflect.DelegatingMethodAccessorImpl.invoke(DelegatingMethodAccessorImpl.java:43)
	at java.lang.reflect.Method.invoke(Method.java:498)
	at org.testng.internal.MethodInvocationHelper.invokeMethod(MethodInvocationHelper.java:108)
	at org.testng.internal.Invoker.invokeMethod(Invoker.java:661)
	at org.testng.internal.Invoker.invokeTestMethod(Invoker.java:869)
	at org.testng.internal.Invoker.invokeTestMethods(Invoker.java:1193)
	at org.testng.internal.TestMethodWorker.invokeTestMethods(TestMethodWorker.java:126)
	at org.testng.internal.TestMethodWorker.run(TestMethodWorker.java:109)
	at org.testng.TestRunner.privateRun(TestRunner.java:744)
	at org.testng.TestRunner.run(TestRunner.java:602)
	at org.testng.SuiteRunner.runTest(SuiteRunner.java:380)
	at org.testng.SuiteRunner.runSequentially(SuiteRunner.java:375)
	at org.testng.SuiteRunner.privateRun(SuiteRunner.java:340)
	at org.testng.SuiteRunner.run(SuiteRunner.java:289)
	at org.testng.SuiteRunnerWorker.runSuite(SuiteRunnerWorker.java:52)
	at org.testng.SuiteRunnerWorker.run(SuiteRunnerWorker.java:86)
	at org.testng.TestNG.runSuitesSequentially(TestNG.java:1301)
	at org.testng.TestNG.runSuitesLocally(TestNG.java:1226)
	at org.testng.TestNG.runSuites(TestNG.java:1144)
	at org.testng.TestNG.run(TestNG.java:1115)
	at org.apache.maven.surefire.testng.TestNGExecutor.run(TestNGExecutor.java:281)
	at org.apache.maven.surefire.testng.TestNGXmlTestSuite.execute(TestNGXmlTestSuite.java:75)
	at org.apache.maven.surefire.testng.TestNGProvider.invoke(TestNGProvider.java:121)
	at org.apache.maven.surefire.booter.ForkedBooter.invokeProviderInSameClassLoader(ForkedBooter.java:290)
	at org.apache.maven.surefire.booter.ForkedBooter.runSuitesInProcess(ForkedBooter.java:242)
	at org.apache.maven.surefire.booter.ForkedBooter.main(ForkedBooter.java:121)

</div> <!-- stack-trace -->
                </div> <!-- method-content -->
              </div> <!-- method -->
              <div class="method">
                <div class="method-content">
                  <a name="successfulLoginArrayDataProviderTest(tomsmith4, SuperSecretPass$#@)">
                  </a> <!-- successfulLoginArrayDataProviderTest(tomsmith4, SuperSecretPass$#@) -->
                  <span class="method-name">successfulLoginArrayDataProviderTest</span>
                  <span class="parameters">(tomsmith4, SuperSecretPass$#@)</span>
                  <div class="stack-trace">java.lang.AssertionError: 
Expecting:
 &lt;false&gt;
to be equal to:
 &lt;true&gt;
but was not.
	at com.volvo.project.tests.InternetTestSuiteDataProviderExampleLoginTest.successfulLoginArrayDataProviderTest(InternetTestSuiteDataProviderExampleLoginTest.java:24)
	at sun.reflect.NativeMethodAccessorImpl.invoke0(Native Method)
	at sun.reflect.NativeMethodAccessorImpl.invoke(NativeMethodAccessorImpl.java:62)
	at sun.reflect.DelegatingMethodAccessorImpl.invoke(DelegatingMethodAccessorImpl.java:43)
	at java.lang.reflect.Method.invoke(Method.java:498)
	at org.testng.internal.MethodInvocationHelper.invokeMethod(MethodInvocationHelper.java:108)
	at org.testng.internal.Invoker.invokeMethod(Invoker.java:661)
	at org.testng.internal.Invoker.invokeTestMethod(Invoker.java:869)
	at org.testng.internal.Invoker.invokeTestMethods(Invoker.java:1193)
	at org.testng.internal.TestMethodWorker.invokeTestMethods(TestMethodWorker.java:126)
	at org.testng.internal.TestMethodWorker.run(TestMethodWorker.java:109)
	at org.testng.TestRunner.privateRun(TestRunner.java:744)
	at org.testng.TestRunner.run(TestRunner.java:602)
	at org.testng.SuiteRunner.runTest(SuiteRunner.java:380)
	at org.testng.SuiteRunner.runSequentially(SuiteRunner.java:375)
	at org.testng.SuiteRunner.privateRun(SuiteRunner.java:340)
	at org.testng.SuiteRunner.run(SuiteRunner.java:289)
	at org.testng.SuiteRunnerWorker.runSuite(SuiteRunnerWorker.java:52)
	at org.testng.SuiteRunnerWorker.run(SuiteRunnerWorker.java:86)
	at org.testng.TestNG.runSuitesSequentially(TestNG.java:1301)
	at org.testng.TestNG.runSuitesLocally(TestNG.java:1226)
	at org.testng.TestNG.runSuites(TestNG.java:1144)
	at org.testng.TestNG.run(TestNG.java:1115)
	at org.apache.maven.surefire.testng.TestNGExecutor.run(TestNGExecutor.java:281)
	at org.apache.maven.surefire.testng.TestNGXmlTestSuite.execute(TestNGXmlTestSuite.java:75)
	at org.apache.maven.surefire.testng.TestNGProvider.invoke(TestNGProvider.java:121)
	at org.apache.maven.surefire.booter.ForkedBooter.invokeProviderInSameClassLoader(ForkedBooter.java:290)
	at org.apache.maven.surefire.booter.ForkedBooter.runSuitesInProcess(ForkedBooter.java:242)
	at org.apache.maven.surefire.booter.ForkedBooter.main(ForkedBooter.java:121)

</div> <!-- stack-trace -->
                </div> <!-- method-content -->
              </div> <!-- method -->
              <div class="method">
                <div class="method-content">
                  <a name="successfulLoginArrayDataProviderTest(tomsmith6, SuperSecretPass$#@)">
                  </a> <!-- successfulLoginArrayDataProviderTest(tomsmith6, SuperSecretPass$#@) -->
                  <span class="method-name">successfulLoginArrayDataProviderTest</span>
                  <span class="parameters">(tomsmith6, SuperSecretPass$#@)</span>
                  <div class="stack-trace">java.lang.AssertionError: 
Expecting:
 &lt;false&gt;
to be equal to:
 &lt;true&gt;
but was not.
	at com.volvo.project.tests.InternetTestSuiteDataProviderExampleLoginTest.successfulLoginArrayDataProviderTest(InternetTestSuiteDataProviderExampleLoginTest.java:24)
	at sun.reflect.NativeMethodAccessorImpl.invoke0(Native Method)
	at sun.reflect.NativeMethodAccessorImpl.invoke(NativeMethodAccessorImpl.java:62)
	at sun.reflect.DelegatingMethodAccessorImpl.invoke(DelegatingMethodAccessorImpl.java:43)
	at java.lang.reflect.Method.invoke(Method.java:498)
	at org.testng.internal.MethodInvocationHelper.invokeMethod(MethodInvocationHelper.java:108)
	at org.testng.internal.Invoker.invokeMethod(Invoker.java:661)
	at org.testng.internal.Invoker.invokeTestMethod(Invoker.java:869)
	at org.testng.internal.Invoker.invokeTestMethods(Invoker.java:1193)
	at org.testng.internal.TestMethodWorker.invokeTestMethods(TestMethodWorker.java:126)
	at org.testng.internal.TestMethodWorker.run(TestMethodWorker.java:109)
	at org.testng.TestRunner.privateRun(TestRunner.java:744)
	at org.testng.TestRunner.run(TestRunner.java:602)
	at org.testng.SuiteRunner.runTest(SuiteRunner.java:380)
	at org.testng.SuiteRunner.runSequentially(SuiteRunner.java:375)
	at org.testng.SuiteRunner.privateRun(SuiteRunner.java:340)
	at org.testng.SuiteRunner.run(SuiteRunner.java:289)
	at org.testng.SuiteRunnerWorker.runSuite(SuiteRunnerWorker.java:52)
	at org.testng.SuiteRunnerWorker.run(SuiteRunnerWorker.java:86)
	at org.testng.TestNG.runSuitesSequentially(TestNG.java:1301)
	at org.testng.TestNG.runSuitesLocally(TestNG.java:1226)
	at org.testng.TestNG.runSuites(TestNG.java:1144)
	at org.testng.TestNG.run(TestNG.java:1115)
	at org.apache.maven.surefire.testng.TestNGExecutor.run(TestNGExecutor.java:281)
	at org.apache.maven.surefire.testng.TestNGXmlTestSuite.execute(TestNGXmlTestSuite.java:75)
	at org.apache.maven.surefire.testng.TestNGProvider.invoke(TestNGProvider.java:121)
	at org.apache.maven.surefire.booter.ForkedBooter.invokeProviderInSameClassLoader(ForkedBooter.java:290)
	at org.apache.maven.surefire.booter.ForkedBooter.runSuitesInProcess(ForkedBooter.java:242)
	at org.apache.maven.surefire.booter.ForkedBooter.main(ForkedBooter.java:121)

</div> <!-- stack-trace -->
                </div> <!-- method-content -->
              </div> <!-- method -->
            </div> <!-- main-panel-content rounded-window-bottom -->
          </div> <!-- suite-Smoke_Tests-class-failed -->
          <div class="suite-Smoke_Tests-class-failed">
            <div class="main-panel-header rounded-window-top">
              <img src="failed.png"/>
              <span class="class-name">com.volvo.project.tests.TestSuiteExampleTest</span>
            </div> <!-- main-panel-header rounded-window-top -->
            <div class="main-panel-content rounded-window-bottom">
              <div class="method">
                <div class="method-content">
                  <a name="connectingToDataBase">
                  </a> <!-- connectingToDataBase -->
                  <span class="method-name">connectingToDataBase</span>
                  <div class="stack-trace">java.sql.SQLException: ORA-01017: invalid username/password; logon denied

	at oracle.jdbc.driver.T4CTTIoer.processError(T4CTTIoer.java:450)
	at oracle.jdbc.driver.T4CTTIoer.processError(T4CTTIoer.java:392)
	at oracle.jdbc.driver.T4CTTIoer.processError(T4CTTIoer.java:385)
	at oracle.jdbc.driver.T4CTTIfun.processError(T4CTTIfun.java:938)
	at oracle.jdbc.driver.T4CTTIoauthenticate.processError(T4CTTIoauthenticate.java:476)
	at oracle.jdbc.driver.T4CTTIfun.receive(T4CTTIfun.java:655)
	at oracle.jdbc.driver.T4CTTIfun.doRPC(T4CTTIfun.java:249)
	at oracle.jdbc.driver.T4CTTIoauthenticate.doOAUTH(T4CTTIoauthenticate.java:412)
	at oracle.jdbc.driver.T4CTTIoauthenticate.doOAUTH(T4CTTIoauthenticate.java:821)
	at oracle.jdbc.driver.T4CConnection.logon(T4CConnection.java:596)
	at oracle.jdbc.driver.PhysicalConnection.&lt;init&gt;(PhysicalConnection.java:711)
	at oracle.jdbc.driver.T4CConnection.&lt;init&gt;(T4CConnection.java:385)
	at oracle.jdbc.driver.T4CDriverExtension.getConnection(T4CDriverExtension.java:30)
	at oracle.jdbc.driver.OracleDriver.connect(OracleDriver.java:558)
	at java.sql.DriverManager.getConnection(DriverManager.java:664)
	at java.sql.DriverManager.getConnection(DriverManager.java:247)
	at com.volvo.project.components.ConnectionToDB.&lt;init&gt;(ConnectionToDB.java:36)
	at com.volvo.project.tests.TestSuiteExampleTest.connectingToDataBase(TestSuiteExampleTest.java:39)
	at sun.reflect.NativeMethodAccessorImpl.invoke0(Native Method)
	at sun.reflect.NativeMethodAccessorImpl.invoke(NativeMethodAccessorImpl.java:62)
	at sun.reflect.DelegatingMethodAccessorImpl.invoke(DelegatingMethodAccessorImpl.java:43)
	at java.lang.reflect.Method.invoke(Method.java:498)
	at org.testng.internal.MethodInvocationHelper.invokeMethod(MethodInvocationHelper.java:108)
	at org.testng.internal.Invoker.invokeMethod(Invoker.java:661)
	at org.testng.internal.Invoker.invokeTestMethod(Invoker.java:869)
	at org.testng.internal.Invoker.invokeTestMethods(Invoker.java:1193)
	at org.testng.internal.TestMethodWorker.invokeTestMethods(TestMethodWorker.java:126)
	at org.testng.internal.TestMethodWorker.run(TestMethodWorker.java:109)
	at org.testng.TestRunner.privateRun(TestRunner.java:744)
	at org.testng.TestRunner.run(TestRunner.java:602)
	at org.testng.SuiteRunner.runTest(SuiteRunner.java:380)
	at org.testng.SuiteRunner.runSequentially(SuiteRunner.java:375)
	at org.testng.SuiteRunner.privateRun(SuiteRunner.java:340)
	at org.testng.SuiteRunner.run(SuiteRunner.java:289)
	at org.testng.SuiteRunnerWorker.runSuite(SuiteRunnerWorker.java:52)
	at org.testng.SuiteRunnerWorker.run(SuiteRunnerWorker.java:86)
	at org.testng.TestNG.runSuitesSequentially(TestNG.java:1301)
	at org.testng.TestNG.runSuitesLocally(TestNG.java:1226)
	at org.testng.TestNG.runSuites(TestNG.java:1144)
	at org.testng.TestNG.run(TestNG.java:1115)
	at org.apache.maven.surefire.testng.TestNGExecutor.run(TestNGExecutor.java:281)
	at org.apache.maven.surefire.testng.TestNGXmlTestSuite.execute(TestNGXmlTestSuite.java:75)
	at org.apache.maven.surefire.testng.TestNGProvider.invoke(TestNGProvider.java:121)
	at org.apache.maven.surefire.booter.ForkedBooter.invokeProviderInSameClassLoader(ForkedBooter.java:290)
	at org.apache.maven.surefire.booter.ForkedBooter.runSuitesInProcess(ForkedBooter.java:242)
	at org.apache.maven.surefire.booter.ForkedBooter.main(ForkedBooter.java:121)

</div> <!-- stack-trace -->
                </div> <!-- method-content -->
              </div> <!-- method -->
              <div class="method">
                <div class="method-content">
                  <a name="searchingInformationInLogs">
                  </a> <!-- searchingInformationInLogs -->
                  <span class="method-name">searchingInformationInLogs</span>
                  <div class="stack-trace">java.io.FileNotFoundException: \\segotx813.vcn.ds.volvo.net\wp1200_dsfs_1001_q1000m$\baldo\VLDGOT02_NODE01_BALDO\logs\baldo_app.log (The network path was not found)
	at java.io.FileInputStream.open0(Native Method)
	at java.io.FileInputStream.open(FileInputStream.java:195)
	at java.io.FileInputStream.&lt;init&gt;(FileInputStream.java:138)
	at java.io.FileReader.&lt;init&gt;(FileReader.java:72)
	at com.volvo.project.components.SearchInfoInLogs.searchingInformationInLogs(SearchInfoInLogs.java:16)
	at com.volvo.project.tests.TestSuiteExampleTest.searchingInformationInLogs(TestSuiteExampleTest.java:65)
	at sun.reflect.NativeMethodAccessorImpl.invoke0(Native Method)
	at sun.reflect.NativeMethodAccessorImpl.invoke(NativeMethodAccessorImpl.java:62)
	at sun.reflect.DelegatingMethodAccessorImpl.invoke(DelegatingMethodAccessorImpl.java:43)
	at java.lang.reflect.Method.invoke(Method.java:498)
	at org.testng.internal.MethodInvocationHelper.invokeMethod(MethodInvocationHelper.java:108)
	at org.testng.internal.Invoker.invokeMethod(Invoker.java:661)
	at org.testng.internal.Invoker.invokeTestMethod(Invoker.java:869)
	at org.testng.internal.Invoker.invokeTestMethods(Invoker.java:1193)
	at org.testng.internal.TestMethodWorker.invokeTestMethods(TestMethodWorker.java:126)
	at org.testng.internal.TestMethodWorker.run(TestMethodWorker.java:109)
	at org.testng.TestRunner.privateRun(TestRunner.java:744)
	at org.testng.TestRunner.run(TestRunner.java:602)
	at org.testng.SuiteRunner.runTest(SuiteRunner.java:380)
	at org.testng.SuiteRunner.runSequentially(SuiteRunner.java:375)
	at org.testng.SuiteRunner.privateRun(SuiteRunner.java:340)
	at org.testng.SuiteRunner.run(SuiteRunner.java:289)
	at org.testng.SuiteRunnerWorker.runSuite(SuiteRunnerWorker.java:52)
	at org.testng.SuiteRunnerWorker.run(SuiteRunnerWorker.java:86)
	at org.testng.TestNG.runSuitesSequentially(TestNG.java:1301)
	at org.testng.TestNG.runSuitesLocally(TestNG.java:1226)
	at org.testng.TestNG.runSuites(TestNG.java:1144)
	at org.testng.TestNG.run(TestNG.java:1115)
	at org.apache.maven.surefire.testng.TestNGExecutor.run(TestNGExecutor.java:281)
	at org.apache.maven.surefire.testng.TestNGXmlTestSuite.execute(TestNGXmlTestSuite.java:75)
	at org.apache.maven.surefire.testng.TestNGProvider.invoke(TestNGProvider.java:121)
	at org.apache.maven.surefire.booter.ForkedBooter.invokeProviderInSameClassLoader(ForkedBooter.java:290)
	at org.apache.maven.surefire.booter.ForkedBooter.runSuitesInProcess(ForkedBooter.java:242)
	at org.apache.maven.surefire.booter.ForkedBooter.main(ForkedBooter.java:121)

</div> <!-- stack-trace -->
                </div> <!-- method-content -->
              </div> <!-- method -->
              <div class="method">
                <div class="method-content">
                  <a name="sendingMessagesViaMQExplorer">
                  </a> <!-- sendingMessagesViaMQExplorer -->
                  <span class="method-name">sendingMessagesViaMQExplorer</span>
                  <div class="stack-trace">java.io.FileNotFoundException: \\segotx813.vcn.ds.volvo.net\wp1200_dsfs_1001_q1000m$\baldo\VLDGOT02_NODE01_BALDO\logs\baldo_app.log (The network path was not found)
	at java.io.FileInputStream.open0(Native Method)
	at java.io.FileInputStream.open(FileInputStream.java:195)
	at java.io.FileInputStream.&lt;init&gt;(FileInputStream.java:138)
	at java.io.FileReader.&lt;init&gt;(FileReader.java:72)
	at com.volvo.project.components.SearchInfoInLogs.searchingInformationInLogs(SearchInfoInLogs.java:16)
	at com.volvo.project.tests.TestSuiteExampleTest.sendingMessagesViaMQExplorer(TestSuiteExampleTest.java:31)
	at sun.reflect.NativeMethodAccessorImpl.invoke0(Native Method)
	at sun.reflect.NativeMethodAccessorImpl.invoke(NativeMethodAccessorImpl.java:62)
	at sun.reflect.DelegatingMethodAccessorImpl.invoke(DelegatingMethodAccessorImpl.java:43)
	at java.lang.reflect.Method.invoke(Method.java:498)
	at org.testng.internal.MethodInvocationHelper.invokeMethod(MethodInvocationHelper.java:108)
	at org.testng.internal.Invoker.invokeMethod(Invoker.java:661)
	at org.testng.internal.Invoker.invokeTestMethod(Invoker.java:869)
	at org.testng.internal.Invoker.invokeTestMethods(Invoker.java:1193)
	at org.testng.internal.TestMethodWorker.invokeTestMethods(TestMethodWorker.java:126)
	at org.testng.internal.TestMethodWorker.run(TestMethodWorker.java:109)
	at org.testng.TestRunner.privateRun(TestRunner.java:744)
	at org.testng.TestRunner.run(TestRunner.java:602)
	at org.testng.SuiteRunner.runTest(SuiteRunner.java:380)
	at org.testng.SuiteRunner.runSequentially(SuiteRunner.java:375)
	at org.testng.SuiteRunner.privateRun(SuiteRunner.java:340)
	at org.testng.SuiteRunner.run(SuiteRunner.java:289)
	at org.testng.SuiteRunnerWorker.runSuite(SuiteRunnerWorker.java:52)
	at org.testng.SuiteRunnerWorker.run(SuiteRunnerWorker.java:86)
	at org.testng.TestNG.runSuitesSequentially(TestNG.java:1301)
	at org.testng.TestNG.runSuitesLocally(TestNG.java:1226)
	at org.testng.TestNG.runSuites(TestNG.java:1144)
	at org.testng.TestNG.run(TestNG.java:1115)
	at org.apache.maven.surefire.testng.TestNGExecutor.run(TestNGExecutor.java:281)
	at org.apache.maven.surefire.testng.TestNGXmlTestSuite.execute(TestNGXmlTestSuite.java:75)
	at org.apache.maven.surefire.testng.TestNGProvider.invoke(TestNGProvider.java:121)
	at org.apache.maven.surefire.booter.ForkedBooter.invokeProviderInSameClassLoader(ForkedBooter.java:290)
	at org.apache.maven.surefire.booter.ForkedBooter.runSuitesInProcess(ForkedBooter.java:242)
	at org.apache.maven.surefire.booter.ForkedBooter.main(ForkedBooter.java:121)

</div> <!-- stack-trace -->
                </div> <!-- method-content -->
              </div> <!-- method -->
            </div> <!-- main-panel-content rounded-window-bottom -->
          </div> <!-- suite-Smoke_Tests-class-failed -->
          <div class="suite-Smoke_Tests-class-passed">
            <div class="main-panel-header rounded-window-top">
              <img src="passed.png"/>
              <span class="class-name">com.volvo.project.tests.InternetTestSuiteDataProviderExampleLoginTest</span>
            </div> <!-- main-panel-header rounded-window-top -->
            <div class="main-panel-content rounded-window-bottom">
              <div class="method">
                <div class="method-content">
                  <a name="successfulLoginArrayDataProviderTest(tomsmith, SuperSecretPassword!)">
                  </a> <!-- successfulLoginArrayDataProviderTest(tomsmith, SuperSecretPassword!) -->
                  <span class="method-name">successfulLoginArrayDataProviderTest</span>
                  <span class="parameters">(tomsmith, SuperSecretPassword!)</span>
                </div> <!-- method-content -->
              </div> <!-- method -->
              <div class="method">
                <div class="method-content">
                  <a name="unsuccessLogiExcelDataProviderTabTest(A123, Tester15, , col4)">
                  </a> <!-- unsuccessLogiExcelDataProviderTabTest(A123, Tester15, , col4) -->
                  <span class="method-name">unsuccessLogiExcelDataProviderTabTest</span>
                  <span class="parameters">(A123, Tester15, , col4)</span>
                </div> <!-- method-content -->
              </div> <!-- method -->
              <div class="method">
                <div class="method-content">
                  <a name="unsuccessLogiExcelDataProviderTabTest(M960, Tester15, col3, )">
                  </a> <!-- unsuccessLogiExcelDataProviderTabTest(M960, Tester15, col3, ) -->
                  <span class="method-name">unsuccessLogiExcelDataProviderTabTest</span>
                  <span class="parameters">(M960, Tester15, col3, )</span>
                </div> <!-- method-content -->
              </div> <!-- method -->
              <div class="method">
                <div class="method-content">
                  <a name="unsuccessLogiExcelDataProviderTabTest(M962, Tester17, col3, )">
                  </a> <!-- unsuccessLogiExcelDataProviderTabTest(M962, Tester17, col3, ) -->
                  <span class="method-name">unsuccessLogiExcelDataProviderTabTest</span>
                  <span class="parameters">(M962, Tester17, col3, )</span>
                </div> <!-- method-content -->
              </div> <!-- method -->
              <div class="method">
                <div class="method-content">
                  <a name="unsuccessLogiExcelDataProviderTabTest(A125, Tester15, , col4)">
                  </a> <!-- unsuccessLogiExcelDataProviderTabTest(A125, Tester15, , col4) -->
                  <span class="method-name">unsuccessLogiExcelDataProviderTabTest</span>
                  <span class="parameters">(A125, Tester15, , col4)</span>
                </div> <!-- method-content -->
              </div> <!-- method -->
              <div class="method">
                <div class="method-content">
                  <a name="unsuccessLogiExcelDataProviderTabTest(M965, Tester17, col3, )">
                  </a> <!-- unsuccessLogiExcelDataProviderTabTest(M965, Tester17, col3, ) -->
                  <span class="method-name">unsuccessLogiExcelDataProviderTabTest</span>
                  <span class="parameters">(M965, Tester17, col3, )</span>
                </div> <!-- method-content -->
              </div> <!-- method -->
              <div class="method">
                <div class="method-content">
                  <a name="unsuccessLogiExcelDataProviderTabTest(M963, Tester15, col3, )">
                  </a> <!-- unsuccessLogiExcelDataProviderTabTest(M963, Tester15, col3, ) -->
                  <span class="method-name">unsuccessLogiExcelDataProviderTabTest</span>
                  <span class="parameters">(M963, Tester15, col3, )</span>
                </div> <!-- method-content -->
              </div> <!-- method -->
              <div class="method">
                <div class="method-content">
                  <a name="unsuccessLogiExcelDataProviderTabTest(M967, Tester16, , col4)">
                  </a> <!-- unsuccessLogiExcelDataProviderTabTest(M967, Tester16, , col4) -->
                  <span class="method-name">unsuccessLogiExcelDataProviderTabTest</span>
                  <span class="parameters">(M967, Tester16, , col4)</span>
                </div> <!-- method-content -->
              </div> <!-- method -->
              <div class="method">
                <div class="method-content">
                  <a name="unsuccessLogiExcelDataProviderTabTest(M964, Tester16, , col4)">
                  </a> <!-- unsuccessLogiExcelDataProviderTabTest(M964, Tester16, , col4) -->
                  <span class="method-name">unsuccessLogiExcelDataProviderTabTest</span>
                  <span class="parameters">(M964, Tester16, , col4)</span>
                </div> <!-- method-content -->
              </div> <!-- method -->
              <div class="method">
                <div class="method-content">
                  <a name="unsuccessLogiExcelDataProviderTabTest(M961, Tester16, , col4)">
                  </a> <!-- unsuccessLogiExcelDataProviderTabTest(M961, Tester16, , col4) -->
                  <span class="method-name">unsuccessLogiExcelDataProviderTabTest</span>
                  <span class="parameters">(M961, Tester16, , col4)</span>
                </div> <!-- method-content -->
              </div> <!-- method -->
              <div class="method">
                <div class="method-content">
                  <a name="unsuccessLogiExcelDataProviderTabTest(A124, Tester15, , col4)">
                  </a> <!-- unsuccessLogiExcelDataProviderTabTest(A124, Tester15, , col4) -->
                  <span class="method-name">unsuccessLogiExcelDataProviderTabTest</span>
                  <span class="parameters">(A124, Tester15, , col4)</span>
                </div> <!-- method-content -->
              </div> <!-- method -->
              <div class="method">
                <div class="method-content">
                  <a name="unsuccessLogiExcelDataProviderTabTest(M966, Tester15, col3, )">
                  </a> <!-- unsuccessLogiExcelDataProviderTabTest(M966, Tester15, col3, ) -->
                  <span class="method-name">unsuccessLogiExcelDataProviderTabTest</span>
                  <span class="parameters">(M966, Tester15, col3, )</span>
                </div> <!-- method-content -->
              </div> <!-- method -->
            </div> <!-- main-panel-content rounded-window-bottom -->
          </div> <!-- suite-Smoke_Tests-class-passed -->
        </div> <!-- panel Smoke_Tests -->
        <div panel-name="test-xml-Smoke_Tests" class="panel">
          <div class="main-panel-header rounded-window-top">
            <span class="header-content">C:\tcoeGITRepo\selJava\tcoeFrameworkJava\src\test\resources\testsuites\smoke.xml</span>
          </div> <!-- main-panel-header rounded-window-top -->
          <div class="main-panel-content rounded-window-bottom">
            <pre>
&lt;?xml version=&quot;1.0&quot; encoding=&quot;UTF-8&quot;?&gt;
&lt;!DOCTYPE suite SYSTEM &quot;http://testng.org/testng-1.0.dtd&quot;&gt;
&lt;suite guice-stage=&quot;DEVELOPMENT&quot; verbose=&quot;0&quot; name=&quot;Smoke Tests&quot;&gt;
  &lt;listeners&gt;
    &lt;listener class-name=&quot;com.volvo.project.components.XrayListener&quot;/&gt;
  &lt;/listeners&gt;
  &lt;test verbose=&quot;2&quot; name=&quot;Smoke Tests on SauceLabs&quot;&gt;
    &lt;classes&gt;
      &lt;class name=&quot;com.volvo.project.tests.TestSuiteExampleTest&quot;/&gt;
      &lt;class name=&quot;com.volvo.project.tests.InternetTestSuiteDataProviderExampleLoginTest&quot;/&gt;
    &lt;/classes&gt;
  &lt;/test&gt; &lt;!-- Smoke Tests on SauceLabs --&gt;
&lt;/suite&gt; &lt;!-- Smoke Tests --&gt;
            </pre>
          </div> <!-- main-panel-content rounded-window-bottom -->
        </div> <!-- panel -->
        <div panel-name="testlist-Smoke_Tests" class="panel">
          <div class="main-panel-header rounded-window-top">
            <span class="header-content">Tests for Smoke Tests</span>
          </div> <!-- main-panel-header rounded-window-top -->
          <div class="main-panel-content rounded-window-bottom">
            <ul>
              <li>
                <span class="test-name">Smoke Tests on SauceLabs (2 classes)</span>
              </li>
            </ul>
          </div> <!-- main-panel-content rounded-window-bottom -->
        </div> <!-- panel -->
        <div panel-name="group-Smoke_Tests" class="panel">
          <div class="main-panel-header rounded-window-top">
            <span class="header-content">Groups for Smoke Tests</span>
          </div> <!-- main-panel-header rounded-window-top -->
          <div class="main-panel-content rounded-window-bottom">
            <div class="test-group">
              <span class="test-group-name">MQintegration</span>
              <br/>
              <div class="method-in-group">
                <span class="method-in-group-name">sendingMessagesViaMQExplorer</span>
                <br/>
              </div> <!-- method-in-group -->
            </div> <!-- test-group -->
            <div class="test-group">
              <span class="test-group-name">database</span>
              <br/>
              <div class="method-in-group">
                <span class="method-in-group-name">connectingToDataBase</span>
                <br/>
              </div> <!-- method-in-group -->
            </div> <!-- test-group -->
            <div class="test-group">
              <span class="test-group-name">login</span>
              <br/>
              <div class="method-in-group">
                <span class="method-in-group-name">successfulLoginArrayDataProviderTest</span>
                <br/>
              </div> <!-- method-in-group -->
              <div class="method-in-group">
                <span class="method-in-group-name">unsuccessLogiExcelDataProviderTabTest</span>
                <br/>
              </div> <!-- method-in-group -->
            </div> <!-- test-group -->
            <div class="test-group">
              <span class="test-group-name">regression</span>
              <br/>
              <div class="method-in-group">
                <span class="method-in-group-name">connectingToDataBase</span>
                <br/>
              </div> <!-- method-in-group -->
              <div class="method-in-group">
                <span class="method-in-group-name">successfulLoginArrayDataProviderTest</span>
                <br/>
              </div> <!-- method-in-group -->
              <div class="method-in-group">
                <span class="method-in-group-name">unsuccessLogiExcelDataProviderTabTest</span>
                <br/>
              </div> <!-- method-in-group -->
            </div> <!-- test-group -->
            <div class="test-group">
              <span class="test-group-name">searchInfo</span>
              <br/>
              <div class="method-in-group">
                <span class="method-in-group-name">searchingInformationInLogs</span>
                <br/>
              </div> <!-- method-in-group -->
            </div> <!-- test-group -->
            <div class="test-group">
              <span class="test-group-name">smoke</span>
              <br/>
              <div class="method-in-group">
                <span class="method-in-group-name">searchingInformationInLogs</span>
                <br/>
              </div> <!-- method-in-group -->
              <div class="method-in-group">
                <span class="method-in-group-name">sendingMessagesViaMQExplorer</span>
                <br/>
              </div> <!-- method-in-group -->
            </div> <!-- test-group -->
          </div> <!-- main-panel-content rounded-window-bottom -->
        </div> <!-- panel -->
        <div panel-name="times-Smoke_Tests" class="panel">
          <div class="main-panel-header rounded-window-top">
            <span class="header-content">Times for Smoke Tests</span>
          </div> <!-- main-panel-header rounded-window-top -->
          <div class="main-panel-content rounded-window-bottom">
            <div class="times-div">
              <script type="text/javascript">
suiteTableInitFunctions.push('tableData_Smoke_Tests');
function tableData_Smoke_Tests() {
var data = new google.visualization.DataTable();
data.addColumn('number', 'Number');
data.addColumn('string', 'Method');
data.addColumn('string', 'Class');
data.addColumn('number', 'Time (ms)');
data.addRows(28);
data.setCell(0, 0, 0)
data.setCell(0, 1, 'searchingInformationInLogs')
data.setCell(0, 2, 'com.volvo.project.tests.TestSuiteExampleTest')
data.setCell(0, 3, 25676);
data.setCell(1, 0, 1)
data.setCell(1, 1, 'unsuccessLogiExcelDataProviderTabTest')
data.setCell(1, 2, 'com.volvo.project.tests.InternetTestSuiteDataProviderExampleLoginTest')
data.setCell(1, 3, 20464);
data.setCell(2, 0, 2)
data.setCell(2, 1, 'unsuccessLogiExcelDataProviderTabTest')
data.setCell(2, 2, 'com.volvo.project.tests.InternetTestSuiteDataProviderExampleLoginTest')
data.setCell(2, 3, 19807);
data.setCell(3, 0, 3)
data.setCell(3, 1, 'successfulLoginArrayDataProviderTest')
data.setCell(3, 2, 'com.volvo.project.tests.InternetTestSuiteDataProviderExampleLoginTest')
data.setCell(3, 3, 16332);
data.setCell(4, 0, 4)
data.setCell(4, 1, 'unsuccessLogiExcelDataProviderTabTest')
data.setCell(4, 2, 'com.volvo.project.tests.InternetTestSuiteDataProviderExampleLoginTest')
data.setCell(4, 3, 15867);
data.setCell(5, 0, 5)
data.setCell(5, 1, 'unsuccessLogiExcelDataProviderTabTest')
data.setCell(5, 2, 'com.volvo.project.tests.InternetTestSuiteDataProviderExampleLoginTest')
data.setCell(5, 3, 15094);
data.setCell(6, 0, 6)
data.setCell(6, 1, 'successfulLoginArrayDataProviderTest')
data.setCell(6, 2, 'com.volvo.project.tests.InternetTestSuiteDataProviderExampleLoginTest')
data.setCell(6, 3, 14927);
data.setCell(7, 0, 7)
data.setCell(7, 1, 'successfulLoginArrayDataProviderTest')
data.setCell(7, 2, 'com.volvo.project.tests.InternetTestSuiteDataProviderExampleLoginTest')
data.setCell(7, 3, 14737);
data.setCell(8, 0, 8)
data.setCell(8, 1, 'successfulLoginArrayDataProviderTest')
data.setCell(8, 2, 'com.volvo.project.tests.InternetTestSuiteDataProviderExampleLoginTest')
data.setCell(8, 3, 14663);
data.setCell(9, 0, 9)
data.setCell(9, 1, 'unsuccessLogiExcelDataProviderTabTest')
data.setCell(9, 2, 'com.volvo.project.tests.InternetTestSuiteDataProviderExampleLoginTest')
data.setCell(9, 3, 14607);
data.setCell(10, 0, 10)
data.setCell(10, 1, 'successfulLoginArrayDataProviderTest')
data.setCell(10, 2, 'com.volvo.project.tests.InternetTestSuiteDataProviderExampleLoginTest')
data.setCell(10, 3, 14544);
data.setCell(11, 0, 11)
data.setCell(11, 1, 'unsuccessLogiExcelDataProviderTabTest')
data.setCell(11, 2, 'com.volvo.project.tests.InternetTestSuiteDataProviderExampleLoginTest')
data.setCell(11, 3, 14538);
data.setCell(12, 0, 12)
data.setCell(12, 1, 'successfulLoginArrayDataProviderTest')
data.setCell(12, 2, 'com.volvo.project.tests.InternetTestSuiteDataProviderExampleLoginTest')
data.setCell(12, 3, 14455);
data.setCell(13, 0, 13)
data.setCell(13, 1, 'unsuccessLogiExcelDataProviderTabTest')
data.setCell(13, 2, 'com.volvo.project.tests.InternetTestSuiteDataProviderExampleLoginTest')
data.setCell(13, 3, 14401);
data.setCell(14, 0, 14)
data.setCell(14, 1, 'unsuccessLogiExcelDataProviderTabTest')
data.setCell(14, 2, 'com.volvo.project.tests.InternetTestSuiteDataProviderExampleLoginTest')
data.setCell(14, 3, 14370);
data.setCell(15, 0, 15)
data.setCell(15, 1, 'successfulLoginArrayDataProviderTest')
data.setCell(15, 2, 'com.volvo.project.tests.InternetTestSuiteDataProviderExampleLoginTest')
data.setCell(15, 3, 14231);
data.setCell(16, 0, 16)
data.setCell(16, 1, 'unsuccessLogiExcelDataProviderTabTest')
data.setCell(16, 2, 'com.volvo.project.tests.InternetTestSuiteDataProviderExampleLoginTest')
data.setCell(16, 3, 13961);
data.setCell(17, 0, 17)
data.setCell(17, 1, 'successfulLoginArrayDataProviderTest')
data.setCell(17, 2, 'com.volvo.project.tests.InternetTestSuiteDataProviderExampleLoginTest')
data.setCell(17, 3, 13918);
data.setCell(18, 0, 18)
data.setCell(18, 1, 'successfulLoginArrayDataProviderTest')
data.setCell(18, 2, 'com.volvo.project.tests.InternetTestSuiteDataProviderExampleLoginTest')
data.setCell(18, 3, 13910);
data.setCell(19, 0, 19)
data.setCell(19, 1, 'unsuccessLogiExcelDataProviderTabTest')
data.setCell(19, 2, 'com.volvo.project.tests.InternetTestSuiteDataProviderExampleLoginTest')
data.setCell(19, 3, 13907);
data.setCell(20, 0, 20)
data.setCell(20, 1, 'successfulLoginArrayDataProviderTest')
data.setCell(20, 2, 'com.volvo.project.tests.InternetTestSuiteDataProviderExampleLoginTest')
data.setCell(20, 3, 13877);
data.setCell(21, 0, 21)
data.setCell(21, 1, 'unsuccessLogiExcelDataProviderTabTest')
data.setCell(21, 2, 'com.volvo.project.tests.InternetTestSuiteDataProviderExampleLoginTest')
data.setCell(21, 3, 13829);
data.setCell(22, 0, 22)
data.setCell(22, 1, 'successfulLoginArrayDataProviderTest')
data.setCell(22, 2, 'com.volvo.project.tests.InternetTestSuiteDataProviderExampleLoginTest')
data.setCell(22, 3, 13810);
data.setCell(23, 0, 23)
data.setCell(23, 1, 'successfulLoginArrayDataProviderTest')
data.setCell(23, 2, 'com.volvo.project.tests.InternetTestSuiteDataProviderExampleLoginTest')
data.setCell(23, 3, 13781);
data.setCell(24, 0, 24)
data.setCell(24, 1, 'successfulLoginArrayDataProviderTest')
data.setCell(24, 2, 'com.volvo.project.tests.InternetTestSuiteDataProviderExampleLoginTest')
data.setCell(24, 3, 13422);
data.setCell(25, 0, 25)
data.setCell(25, 1, 'successfulLoginArrayDataProviderTest')
data.setCell(25, 2, 'com.volvo.project.tests.InternetTestSuiteDataProviderExampleLoginTest')
data.setCell(25, 3, 12107);
data.setCell(26, 0, 26)
data.setCell(26, 1, 'sendingMessagesViaMQExplorer')
data.setCell(26, 2, 'com.volvo.project.tests.TestSuiteExampleTest')
data.setCell(26, 3, 3216);
data.setCell(27, 0, 27)
data.setCell(27, 1, 'connectingToDataBase')
data.setCell(27, 2, 'com.volvo.project.tests.TestSuiteExampleTest')
data.setCell(27, 3, 2774);
window.suiteTableData['Smoke_Tests']= { tableData: data, tableDiv: 'times-div-Smoke_Tests'}
return data;
}
              </script>
              <span class="suite-total-time">Total running time: 6 minutes</span>
              <div id="times-div-Smoke_Tests">
              </div> <!-- times-div-Smoke_Tests -->
            </div> <!-- times-div -->
          </div> <!-- main-panel-content rounded-window-bottom -->
        </div> <!-- panel -->
        <div panel-name="reporter-Smoke_Tests" class="panel">
          <div class="main-panel-header rounded-window-top">
            <span class="header-content">Reporter output for Smoke Tests</span>
          </div> <!-- main-panel-header rounded-window-top -->
          <div class="main-panel-content rounded-window-bottom">
          </div> <!-- main-panel-content rounded-window-bottom -->
        </div> <!-- panel -->
        <div panel-name="ignored-methods-Smoke_Tests" class="panel">
          <div class="main-panel-header rounded-window-top">
            <span class="header-content">2 ignored methods</span>
          </div> <!-- main-panel-header rounded-window-top -->
          <div class="main-panel-content rounded-window-bottom">
            <div class="ignored-class-div">
              <span class="ignored-class-name">com.volvo.project.tests.InternetTestSuiteDataProviderExampleLoginTest</span>
              <div class="ignored-methods-div">
                <span class="ignored-method-name">beforeSuite</span>
                <br/>
                <span class="ignored-method-name">logEndTestExecutionAfterSuite</span>
                <br/>
              </div> <!-- ignored-methods-div -->
            </div> <!-- ignored-class-div -->
          </div> <!-- main-panel-content rounded-window-bottom -->
        </div> <!-- panel -->
        <div panel-name="chronological-Smoke_Tests" class="panel">
          <div class="main-panel-header rounded-window-top">
            <span class="header-content">Methods in chronological order</span>
          </div> <!-- main-panel-header rounded-window-top -->
          <div class="main-panel-content rounded-window-bottom">
            <div class="chronological-class">
              <div class="chronological-class-name">com.volvo.project.tests.TestSuiteExampleTest</div> <!-- chronological-class-name -->
              <div class="configuration-suite before">
                <span class="method-name">beforeSuite</span>
                <span class="method-start">0 ms</span>
              </div> <!-- configuration-suite before -->
              <div class="configuration-class before">
                <span class="method-name">logStartTestExecutionBeforeClass</span>
                <span class="method-start">611 ms</span>
              </div> <!-- configuration-class before -->
              <div class="configuration-method before">
                <span class="method-name">logStartTestExecutionBeforeMethod(public void com.volvo.project.tests.TestSuiteExampleTest.connectingToDataBase() throws java.sql.SQLE...)</span>
                <span class="method-start">786 ms</span>
              </div> <!-- configuration-method before -->
              <div class="test-method">
                <img src="failed.png">
                </img>
                <span class="method-name">connectingToDataBase</span>
                <span class="method-start">6636 ms</span>
              </div> <!-- test-method -->
              <div class="configuration-method after">
                <span class="method-name">logEndTestExecutionAfterMethod([TestResult name=connectingToDataBase status=FAILURE method=TestSuiteExampleTest.connectingToDataBas...)</span>
                <span class="method-start">9418 ms</span>
              </div> <!-- configuration-method after -->
              <div class="configuration-method before">
                <span class="method-name">logStartTestExecutionBeforeMethod(public void com.volvo.project.tests.TestSuiteExampleTest.searchingInformationInLogs() throws java.io...)</span>
                <span class="method-start">10582 ms</span>
              </div> <!-- configuration-method before -->
              <div class="test-method">
                <img src="failed.png">
                </img>
                <span class="method-name">searchingInformationInLogs</span>
                <span class="method-start">14265 ms</span>
              </div> <!-- test-method -->
              <div class="configuration-method after">
                <span class="method-name">logEndTestExecutionAfterMethod([TestResult name=searchingInformationInLogs status=FAILURE method=TestSuiteExampleTest.searchingInfo...)</span>
                <span class="method-start">39941 ms</span>
              </div> <!-- configuration-method after -->
              <div class="configuration-method before">
                <span class="method-name">logStartTestExecutionBeforeMethod(public void com.volvo.project.tests.TestSuiteExampleTest.sendingMessagesViaMQExplorer() throws java....)</span>
                <span class="method-start">41047 ms</span>
              </div> <!-- configuration-method before -->
              <div class="test-method">
                <img src="failed.png">
                </img>
                <span class="method-name">sendingMessagesViaMQExplorer</span>
                <span class="method-start">44703 ms</span>
              </div> <!-- test-method -->
              <div class="configuration-method after">
                <span class="method-name">logEndTestExecutionAfterMethod([TestResult name=sendingMessagesViaMQExplorer status=FAILURE method=TestSuiteExampleTest.sendingMess...)</span>
                <span class="method-start">47920 ms</span>
              </div> <!-- configuration-method after -->
              <div class="configuration-class after">
                <span class="method-name">logEndTestExecutionAfterClass</span>
                <span class="method-start">49037 ms</span>
              </div> <!-- configuration-class after -->
            </div> <!-- chronological-class -->
            <div class="chronological-class">
              <div class="chronological-class-name">com.volvo.project.tests.InternetTestSuiteDataProviderExampleLoginTest</div> <!-- chronological-class-name -->
              <div class="configuration-class before">
                <span class="method-name">logStartTestExecutionBeforeClass</span>
                <span class="method-start">49039 ms</span>
              </div> <!-- configuration-class before -->
              <div class="configuration-method before">
                <span class="method-name">logStartTestExecutionBeforeMethod(public void com.volvo.project.tests.InternetTestSuiteDataProviderExampleLoginTest.successfulLoginArr...)</span>
                <span class="method-start">49130 ms</span>
              </div> <!-- configuration-method before -->
              <div class="test-method">
                <span class="method-name">successfulLoginArrayDataProviderTest(tomsmith, SuperSecretPassword!)</span>
                <span class="method-start">52829 ms</span>
              </div> <!-- test-method -->
              <div class="configuration-method after">
                <span class="method-name">logEndTestExecutionAfterMethod([TestResult name=successfulLoginArrayDataProviderTest status=SUCCESS method=InternetTestSuiteDataPro...)</span>
                <span class="method-start">64936 ms</span>
              </div> <!-- configuration-method after -->
              <div class="configuration-method before">
                <span class="method-name">logStartTestExecutionBeforeMethod(public void com.volvo.project.tests.InternetTestSuiteDataProviderExampleLoginTest.successfulLoginArr...)</span>
                <span class="method-start">65724 ms</span>
              </div> <!-- configuration-method before -->
              <div class="test-method">
                <img src="failed.png">
                </img>
                <span class="method-name">successfulLoginArrayDataProviderTest(tomsmith1, SuperSecretPass$#@)</span>
                <span class="method-start">69223 ms</span>
              </div> <!-- test-method -->
              <div class="configuration-method after">
                <span class="method-name">logEndTestExecutionAfterMethod([TestResult name=successfulLoginArrayDataProviderTest status=FAILURE method=InternetTestSuiteDataPro...)</span>
                <span class="method-start">82645 ms</span>
              </div> <!-- configuration-method after -->
              <div class="configuration-method before">
                <span class="method-name">logStartTestExecutionBeforeMethod(public void com.volvo.project.tests.InternetTestSuiteDataProviderExampleLoginTest.successfulLoginArr...)</span>
                <span class="method-start">83731 ms</span>
              </div> <!-- configuration-method before -->
              <div class="test-method">
                <img src="failed.png">
                </img>
                <span class="method-name">successfulLoginArrayDataProviderTest(tomsmith2, SuperSecretPass$#@)</span>
                <span class="method-start">87417 ms</span>
              </div> <!-- test-method -->
              <div class="configuration-method after">
                <span class="method-name">logEndTestExecutionAfterMethod([TestResult name=successfulLoginArrayDataProviderTest status=FAILURE method=InternetTestSuiteDataPro...)</span>
                <span class="method-start">103750 ms</span>
              </div> <!-- configuration-method after -->
              <div class="configuration-method before">
                <span class="method-name">logStartTestExecutionBeforeMethod(public void com.volvo.project.tests.InternetTestSuiteDataProviderExampleLoginTest.successfulLoginArr...)</span>
                <span class="method-start">105056 ms</span>
              </div> <!-- configuration-method before -->
              <div class="test-method">
                <img src="failed.png">
                </img>
                <span class="method-name">successfulLoginArrayDataProviderTest(tomsmith3, SuperSecretPass$#@)</span>
                <span class="method-start">109623 ms</span>
              </div> <!-- test-method -->
              <div class="configuration-method after">
                <span class="method-name">logEndTestExecutionAfterMethod([TestResult name=successfulLoginArrayDataProviderTest status=FAILURE method=InternetTestSuiteDataPro...)</span>
                <span class="method-start">124360 ms</span>
              </div> <!-- configuration-method after -->
              <div class="configuration-method before">
                <span class="method-name">logStartTestExecutionBeforeMethod(public void com.volvo.project.tests.InternetTestSuiteDataProviderExampleLoginTest.successfulLoginArr...)</span>
                <span class="method-start">125658 ms</span>
              </div> <!-- configuration-method before -->
              <div class="test-method">
                <img src="failed.png">
                </img>
                <span class="method-name">successfulLoginArrayDataProviderTest(tomsmith4, SuperSecretPass$#@)</span>
                <span class="method-start">129410 ms</span>
              </div> <!-- test-method -->
              <div class="configuration-method after">
                <span class="method-name">logEndTestExecutionAfterMethod([TestResult name=successfulLoginArrayDataProviderTest status=FAILURE method=InternetTestSuiteDataPro...)</span>
                <span class="method-start">144073 ms</span>
              </div> <!-- configuration-method after -->
              <div class="configuration-method before">
                <span class="method-name">logStartTestExecutionBeforeMethod(public void com.volvo.project.tests.InternetTestSuiteDataProviderExampleLoginTest.successfulLoginArr...)</span>
                <span class="method-start">145259 ms</span>
              </div> <!-- configuration-method before -->
              <div class="test-method">
                <img src="failed.png">
                </img>
                <span class="method-name">successfulLoginArrayDataProviderTest(tomsmith5, SuperSecretPass$#@)</span>
                <span class="method-start">148948 ms</span>
              </div> <!-- test-method -->
              <div class="configuration-method after">
                <span class="method-name">logEndTestExecutionAfterMethod([TestResult name=successfulLoginArrayDataProviderTest status=FAILURE method=InternetTestSuiteDataPro...)</span>
                <span class="method-start">163493 ms</span>
              </div> <!-- configuration-method after -->
              <div class="configuration-method before">
                <span class="method-name">logStartTestExecutionBeforeMethod(public void com.volvo.project.tests.InternetTestSuiteDataProviderExampleLoginTest.successfulLoginArr...)</span>
                <span class="method-start">164566 ms</span>
              </div> <!-- configuration-method before -->
              <div class="test-method">
                <img src="failed.png">
                </img>
                <span class="method-name">successfulLoginArrayDataProviderTest(tomsmith6, SuperSecretPass$#@)</span>
                <span class="method-start">168166 ms</span>
              </div> <!-- test-method -->
              <div class="configuration-method after">
                <span class="method-name">logEndTestExecutionAfterMethod([TestResult name=successfulLoginArrayDataProviderTest status=FAILURE method=InternetTestSuiteDataPro...)</span>
                <span class="method-start">182621 ms</span>
              </div> <!-- configuration-method after -->
              <div class="configuration-method before">
                <span class="method-name">logStartTestExecutionBeforeMethod(public void com.volvo.project.tests.InternetTestSuiteDataProviderExampleLoginTest.successfulLoginArr...)</span>
                <span class="method-start">183765 ms</span>
              </div> <!-- configuration-method before -->
              <div class="test-method">
                <img src="failed.png">
                </img>
                <span class="method-name">successfulLoginArrayDataProviderTest(tomsmith7, SuperSecretPass$#@)</span>
                <span class="method-start">188104 ms</span>
              </div> <!-- test-method -->
              <div class="configuration-method after">
                <span class="method-name">logEndTestExecutionAfterMethod([TestResult name=successfulLoginArrayDataProviderTest status=FAILURE method=InternetTestSuiteDataPro...)</span>
                <span class="method-start">201885 ms</span>
              </div> <!-- configuration-method after -->
              <div class="configuration-method before">
                <span class="method-name">logStartTestExecutionBeforeMethod(public void com.volvo.project.tests.InternetTestSuiteDataProviderExampleLoginTest.successfulLoginArr...)</span>
                <span class="method-start">202986 ms</span>
              </div> <!-- configuration-method before -->
              <div class="test-method">
                <img src="failed.png">
                </img>
                <span class="method-name">successfulLoginArrayDataProviderTest(tomsmith8, SuperSecretPass$#@)</span>
                <span class="method-start">206663 ms</span>
              </div> <!-- test-method -->
              <div class="configuration-method after">
                <span class="method-name">logEndTestExecutionAfterMethod([TestResult name=successfulLoginArrayDataProviderTest status=FAILURE method=InternetTestSuiteDataPro...)</span>
                <span class="method-start">220573 ms</span>
              </div> <!-- configuration-method after -->
              <div class="configuration-method before">
                <span class="method-name">logStartTestExecutionBeforeMethod(public void com.volvo.project.tests.InternetTestSuiteDataProviderExampleLoginTest.successfulLoginArr...)</span>
                <span class="method-start">221649 ms</span>
              </div> <!-- configuration-method before -->
              <div class="test-method">
                <img src="failed.png">
                </img>
                <span class="method-name">successfulLoginArrayDataProviderTest(tomsmith9, SuperSecretPass$#@)</span>
                <span class="method-start">225255 ms</span>
              </div> <!-- test-method -->
              <div class="configuration-method after">
                <span class="method-name">logEndTestExecutionAfterMethod([TestResult name=successfulLoginArrayDataProviderTest status=FAILURE method=InternetTestSuiteDataPro...)</span>
                <span class="method-start">239173 ms</span>
              </div> <!-- configuration-method after -->
              <div class="configuration-method before">
                <span class="method-name">logStartTestExecutionBeforeMethod(public void com.volvo.project.tests.InternetTestSuiteDataProviderExampleLoginTest.successfulLoginArr...)</span>
                <span class="method-start">240309 ms</span>
              </div> <!-- configuration-method before -->
              <div class="test-method">
                <img src="failed.png">
                </img>
                <span class="method-name">successfulLoginArrayDataProviderTest(tomsmith10, SuperSecretPass$#@)</span>
                <span class="method-start">244526 ms</span>
              </div> <!-- test-method -->
              <div class="configuration-method after">
                <span class="method-name">logEndTestExecutionAfterMethod([TestResult name=successfulLoginArrayDataProviderTest status=FAILURE method=InternetTestSuiteDataPro...)</span>
                <span class="method-start">258336 ms</span>
              </div> <!-- configuration-method after -->
              <div class="configuration-method before">
                <span class="method-name">logStartTestExecutionBeforeMethod(public void com.volvo.project.tests.InternetTestSuiteDataProviderExampleLoginTest.successfulLoginArr...)</span>
                <span class="method-start">259422 ms</span>
              </div> <!-- configuration-method before -->
              <div class="test-method">
                <img src="failed.png">
                </img>
                <span class="method-name">successfulLoginArrayDataProviderTest(tomsmith11, SuperSecretPass$#@)</span>
                <span class="method-start">263136 ms</span>
              </div> <!-- test-method -->
              <div class="configuration-method after">
                <span class="method-name">logEndTestExecutionAfterMethod([TestResult name=successfulLoginArrayDataProviderTest status=FAILURE method=InternetTestSuiteDataPro...)</span>
                <span class="method-start">277013 ms</span>
              </div> <!-- configuration-method after -->
              <div class="configuration-method before">
                <span class="method-name">logStartTestExecutionBeforeMethod(public void com.volvo.project.tests.InternetTestSuiteDataProviderExampleLoginTest.successfulLoginArr...)</span>
                <span class="method-start">278093 ms</span>
              </div> <!-- configuration-method before -->
              <div class="test-method">
                <img src="failed.png">
                </img>
                <span class="method-name">successfulLoginArrayDataProviderTest(tomsmith12, SuperSecretPass$#@)</span>
                <span class="method-start">281689 ms</span>
              </div> <!-- test-method -->
              <div class="configuration-method after">
                <span class="method-name">logEndTestExecutionAfterMethod([TestResult name=successfulLoginArrayDataProviderTest status=FAILURE method=InternetTestSuiteDataPro...)</span>
                <span class="method-start">295921 ms</span>
              </div> <!-- configuration-method after -->
              <div class="configuration-method before">
                <span class="method-name">logStartTestExecutionBeforeMethod(public void com.volvo.project.tests.InternetTestSuiteDataProviderExampleLoginTest.successfulLoginArr...)</span>
                <span class="method-start">296992 ms</span>
              </div> <!-- configuration-method before -->
              <div class="test-method">
                <img src="failed.png">
                </img>
                <span class="method-name">successfulLoginArrayDataProviderTest(tomsmith13, SuperSecretPass$#@)</span>
                <span class="method-start">301239 ms</span>
              </div> <!-- test-method -->
              <div class="configuration-method after">
                <span class="method-name">logEndTestExecutionAfterMethod([TestResult name=successfulLoginArrayDataProviderTest status=FAILURE method=InternetTestSuiteDataPro...)</span>
                <span class="method-start">316166 ms</span>
              </div> <!-- configuration-method after -->
              <div class="configuration-method before">
                <span class="method-name">logStartTestExecutionBeforeMethod(public void com.volvo.project.tests.InternetTestSuiteDataProviderExampleLoginTest.unsuccessLogiExcel...)</span>
                <span class="method-start">317338 ms</span>
              </div> <!-- configuration-method before -->
              <div class="test-method">
                <span class="method-name">unsuccessLogiExcelDataProviderTabTest(A123, Tester15, , col4)</span>
                <span class="method-start">321003 ms</span>
              </div> <!-- test-method -->
              <div class="configuration-method after">
                <span class="method-name">logEndTestExecutionAfterMethod([TestResult name=unsuccessLogiExcelDataProviderTabTest status=SUCCESS method=InternetTestSuiteDataPr...)</span>
                <span class="method-start">335373 ms</span>
              </div> <!-- configuration-method after -->
              <div class="configuration-method before">
                <span class="method-name">logStartTestExecutionBeforeMethod(public void com.volvo.project.tests.InternetTestSuiteDataProviderExampleLoginTest.unsuccessLogiExcel...)</span>
                <span class="method-start">336676 ms</span>
              </div> <!-- configuration-method before -->
              <div class="test-method">
                <span class="method-name">unsuccessLogiExcelDataProviderTabTest(M960, Tester15, col3, )</span>
                <span class="method-start">340322 ms</span>
              </div> <!-- test-method -->
              <div class="configuration-method after">
                <span class="method-name">logEndTestExecutionAfterMethod([TestResult name=unsuccessLogiExcelDataProviderTabTest status=SUCCESS method=InternetTestSuiteDataPr...)</span>
                <span class="method-start">355416 ms</span>
              </div> <!-- configuration-method after -->
              <div class="configuration-method before">
                <span class="method-name">logStartTestExecutionBeforeMethod(public void com.volvo.project.tests.InternetTestSuiteDataProviderExampleLoginTest.unsuccessLogiExcel...)</span>
                <span class="method-start">356254 ms</span>
              </div> <!-- configuration-method before -->
              <div class="test-method">
                <span class="method-name">unsuccessLogiExcelDataProviderTabTest(M961, Tester16, , col4)</span>
                <span class="method-start">359750 ms</span>
              </div> <!-- test-method -->
              <div class="configuration-method after">
                <span class="method-name">logEndTestExecutionAfterMethod([TestResult name=unsuccessLogiExcelDataProviderTabTest status=SUCCESS method=InternetTestSuiteDataPr...)</span>
                <span class="method-start">374152 ms</span>
              </div> <!-- configuration-method after -->
              <div class="configuration-method before">
                <span class="method-name">logStartTestExecutionBeforeMethod(public void com.volvo.project.tests.InternetTestSuiteDataProviderExampleLoginTest.unsuccessLogiExcel...)</span>
                <span class="method-start">374930 ms</span>
              </div> <!-- configuration-method before -->
              <div class="test-method">
                <span class="method-name">unsuccessLogiExcelDataProviderTabTest(M962, Tester17, col3, )</span>
                <span class="method-start">378510 ms</span>
              </div> <!-- test-method -->
              <div class="configuration-method after">
                <span class="method-name">logEndTestExecutionAfterMethod([TestResult name=unsuccessLogiExcelDataProviderTabTest status=SUCCESS method=InternetTestSuiteDataPr...)</span>
                <span class="method-start">392471 ms</span>
              </div> <!-- configuration-method after -->
              <div class="configuration-method before">
                <span class="method-name">logStartTestExecutionBeforeMethod(public void com.volvo.project.tests.InternetTestSuiteDataProviderExampleLoginTest.unsuccessLogiExcel...)</span>
                <span class="method-start">393217 ms</span>
              </div> <!-- configuration-method before -->
              <div class="test-method">
                <span class="method-name">unsuccessLogiExcelDataProviderTabTest(A124, Tester15, , col4)</span>
                <span class="method-start">396848 ms</span>
              </div> <!-- test-method -->
              <div class="configuration-method after">
                <span class="method-name">logEndTestExecutionAfterMethod([TestResult name=unsuccessLogiExcelDataProviderTabTest status=SUCCESS method=InternetTestSuiteDataPr...)</span>
                <span class="method-start">410677 ms</span>
              </div> <!-- configuration-method after -->
              <div class="configuration-method before">
                <span class="method-name">logStartTestExecutionBeforeMethod(public void com.volvo.project.tests.InternetTestSuiteDataProviderExampleLoginTest.unsuccessLogiExcel...)</span>
                <span class="method-start">411508 ms</span>
              </div> <!-- configuration-method before -->
              <div class="test-method">
                <span class="method-name">unsuccessLogiExcelDataProviderTabTest(M963, Tester15, col3, )</span>
                <span class="method-start">415137 ms</span>
              </div> <!-- test-method -->
              <div class="configuration-method after">
                <span class="method-name">logEndTestExecutionAfterMethod([TestResult name=unsuccessLogiExcelDataProviderTabTest status=SUCCESS method=InternetTestSuiteDataPr...)</span>
                <span class="method-start">429744 ms</span>
              </div> <!-- configuration-method after -->
              <div class="configuration-method before">
                <span class="method-name">logStartTestExecutionBeforeMethod(public void com.volvo.project.tests.InternetTestSuiteDataProviderExampleLoginTest.unsuccessLogiExcel...)</span>
                <span class="method-start">430509 ms</span>
              </div> <!-- configuration-method before -->
              <div class="test-method">
                <span class="method-name">unsuccessLogiExcelDataProviderTabTest(M964, Tester16, , col4)</span>
                <span class="method-start">434137 ms</span>
              </div> <!-- test-method -->
              <div class="configuration-method after">
                <span class="method-name">logEndTestExecutionAfterMethod([TestResult name=unsuccessLogiExcelDataProviderTabTest status=SUCCESS method=InternetTestSuiteDataPr...)</span>
                <span class="method-start">448044 ms</span>
              </div> <!-- configuration-method after -->
              <div class="configuration-method before">
                <span class="method-name">logStartTestExecutionBeforeMethod(public void com.volvo.project.tests.InternetTestSuiteDataProviderExampleLoginTest.unsuccessLogiExcel...)</span>
                <span class="method-start">448813 ms</span>
              </div> <!-- configuration-method before -->
              <div class="test-method">
                <span class="method-name">unsuccessLogiExcelDataProviderTabTest(M965, Tester17, col3, )</span>
                <span class="method-start">452293 ms</span>
              </div> <!-- test-method -->
              <div class="configuration-method after">
                <span class="method-name">logEndTestExecutionAfterMethod([TestResult name=unsuccessLogiExcelDataProviderTabTest status=SUCCESS method=InternetTestSuiteDataPr...)</span>
                <span class="method-start">472101 ms</span>
              </div> <!-- configuration-method after -->
              <div class="configuration-method before">
                <span class="method-name">logStartTestExecutionBeforeMethod(public void com.volvo.project.tests.InternetTestSuiteDataProviderExampleLoginTest.unsuccessLogiExcel...)</span>
                <span class="method-start">472858 ms</span>
              </div> <!-- configuration-method before -->
              <div class="test-method">
                <span class="method-name">unsuccessLogiExcelDataProviderTabTest(A125, Tester15, , col4)</span>
                <span class="method-start">476394 ms</span>
              </div> <!-- test-method -->
              <div class="configuration-method after">
                <span class="method-name">logEndTestExecutionAfterMethod([TestResult name=unsuccessLogiExcelDataProviderTabTest status=SUCCESS method=InternetTestSuiteDataPr...)</span>
                <span class="method-start">492261 ms</span>
              </div> <!-- configuration-method after -->
              <div class="configuration-method before">
                <span class="method-name">logStartTestExecutionBeforeMethod(public void com.volvo.project.tests.InternetTestSuiteDataProviderExampleLoginTest.unsuccessLogiExcel...)</span>
                <span class="method-start">493035 ms</span>
              </div> <!-- configuration-method before -->
              <div class="test-method">
                <span class="method-name">unsuccessLogiExcelDataProviderTabTest(M966, Tester15, col3, )</span>
                <span class="method-start">496677 ms</span>
              </div> <!-- test-method -->
              <div class="configuration-method after">
                <span class="method-name">logEndTestExecutionAfterMethod([TestResult name=unsuccessLogiExcelDataProviderTabTest status=SUCCESS method=InternetTestSuiteDataPr...)</span>
                <span class="method-start">511215 ms</span>
              </div> <!-- configuration-method after -->
              <div class="configuration-method before">
                <span class="method-name">logStartTestExecutionBeforeMethod(public void com.volvo.project.tests.InternetTestSuiteDataProviderExampleLoginTest.unsuccessLogiExcel...)</span>
                <span class="method-start">512004 ms</span>
              </div> <!-- configuration-method before -->
              <div class="test-method">
                <span class="method-name">unsuccessLogiExcelDataProviderTabTest(M967, Tester16, , col4)</span>
                <span class="method-start">515645 ms</span>
              </div> <!-- test-method -->
              <div class="configuration-method after">
                <span class="method-name">logEndTestExecutionAfterMethod([TestResult name=unsuccessLogiExcelDataProviderTabTest status=SUCCESS method=InternetTestSuiteDataPr...)</span>
                <span class="method-start">536109 ms</span>
              </div> <!-- configuration-method after -->
              <div class="configuration-class after">
                <span class="method-name">logEndTestExecutionAfterClass</span>
                <span class="method-start">536960 ms</span>
              </div> <!-- configuration-class after -->
            </div> <!-- chronological-class -->
            <div class="chronological-class">
              <div class="chronological-class-name">com.volvo.project.tests.TestSuiteExampleTest</div> <!-- chronological-class-name -->
              <div class="configuration-suite after">
                <span class="method-name">logEndTestExecutionAfterSuite</span>
                <span class="method-start">537041 ms</span>
              </div> <!-- configuration-suite after -->
          </div> <!-- main-panel-content rounded-window-bottom -->
        </div> <!-- panel -->
      </div> <!-- main-panel-root -->
    </div> <!-- wrapper -->
  </body>
</html>
