<?xml version="1.0" encoding="UTF-8"?>
<testng-results skipped="0" failed="16" ignored="2" total="30" passed="12">
  <reporter-output>
  </reporter-output>
  <suite name="Smoke Tests" duration-ms="536355" started-at="2018-10-12T11:40:02Z" finished-at="2018-10-12T11:48:58Z">
    <groups>
      <group name="database">
        <method signature="TestSuiteExampleTest.connectingToDataBase()[pri:0, instance:com.volvo.project.tests.TestSuiteExampleTest@561b6512]" name="connectingToDataBase" class="com.volvo.project.tests.TestSuiteExampleTest"/>
      </group> <!-- database -->
      <group name="searchInfo">
        <method signature="TestSuiteExampleTest.searchingInformationInLogs()[pri:0, instance:com.volvo.project.tests.TestSuiteExampleTest@561b6512]" name="searchingInformationInLogs" class="com.volvo.project.tests.TestSuiteExampleTest"/>
      </group> <!-- searchInfo -->
      <group name="regression">
        <method signature="InternetTestSuiteDataProviderExampleLoginTest.successfulLoginArrayDataProviderTest(java.lang.String, java.lang.String)[pri:0, instance:com.volvo.project.tests.InternetTestSuiteDataProviderExampleLoginTest@445b295b]" name="successfulLoginArrayDataProviderTest" class="com.volvo.project.tests.InternetTestSuiteDataProviderExampleLoginTest"/>
        <method signature="InternetTestSuiteDataProviderExampleLoginTest.unsuccessLogiExcelDataProviderTabTest(java.lang.String, java.lang.String, java.lang.String, java.lang.String)[pri:0, instance:com.volvo.project.tests.InternetTestSuiteDataProviderExampleLoginTest@445b295b]" name="unsuccessLogiExcelDataProviderTabTest" class="com.volvo.project.tests.InternetTestSuiteDataProviderExampleLoginTest"/>
        <method signature="TestSuiteExampleTest.connectingToDataBase()[pri:0, instance:com.volvo.project.tests.TestSuiteExampleTest@561b6512]" name="connectingToDataBase" class="com.volvo.project.tests.TestSuiteExampleTest"/>
      </group> <!-- regression -->
      <group name="smoke">
        <method signature="TestSuiteExampleTest.searchingInformationInLogs()[pri:0, instance:com.volvo.project.tests.TestSuiteExampleTest@561b6512]" name="searchingInformationInLogs" class="com.volvo.project.tests.TestSuiteExampleTest"/>
        <method signature="TestSuiteExampleTest.sendingMessagesViaMQExplorer()[pri:0, instance:com.volvo.project.tests.TestSuiteExampleTest@561b6512]" name="sendingMessagesViaMQExplorer" class="com.volvo.project.tests.TestSuiteExampleTest"/>
      </group> <!-- smoke -->
      <group name="MQintegration">
        <method signature="TestSuiteExampleTest.sendingMessagesViaMQExplorer()[pri:0, instance:com.volvo.project.tests.TestSuiteExampleTest@561b6512]" name="sendingMessagesViaMQExplorer" class="com.volvo.project.tests.TestSuiteExampleTest"/>
      </group> <!-- MQintegration -->
      <group name="login">
        <method signature="InternetTestSuiteDataProviderExampleLoginTest.successfulLoginArrayDataProviderTest(java.lang.String, java.lang.String)[pri:0, instance:com.volvo.project.tests.InternetTestSuiteDataProviderExampleLoginTest@445b295b]" name="successfulLoginArrayDataProviderTest" class="com.volvo.project.tests.InternetTestSuiteDataProviderExampleLoginTest"/>
        <method signature="InternetTestSuiteDataProviderExampleLoginTest.unsuccessLogiExcelDataProviderTabTest(java.lang.String, java.lang.String, java.lang.String, java.lang.String)[pri:0, instance:com.volvo.project.tests.InternetTestSuiteDataProviderExampleLoginTest@445b295b]" name="unsuccessLogiExcelDataProviderTabTest" class="com.volvo.project.tests.InternetTestSuiteDataProviderExampleLoginTest"/>
      </group> <!-- login -->
    </groups>
    <test name="Smoke Tests on SauceLabs" duration-ms="536355" started-at="2018-10-12T11:40:02Z" finished-at="2018-10-12T11:48:58Z">
      <class name="com.volvo.project.tests.InternetTestSuiteDataProviderExampleLoginTest">
        <test-method status="PASS" signature="logStartTestExecutionBeforeClass()[pri:0, instance:com.volvo.project.tests.InternetTestSuiteDataProviderExampleLoginTest@445b295b]" name="logStartTestExecutionBeforeClass" is-config="true" duration-ms="1" started-at="2018-10-12T13:40:50Z" finished-at="2018-10-12T13:40:50Z">
          <reporter-output>
          </reporter-output>
        </test-method> <!-- logStartTestExecutionBeforeClass -->
        <test-method status="PASS" signature="logStartTestExecutionBeforeMethod(java.lang.reflect.Method)[pri:0, instance:com.volvo.project.tests.InternetTestSuiteDataProviderExampleLoginTest@445b295b]" name="logStartTestExecutionBeforeMethod" is-config="true" duration-ms="3699" started-at="2018-10-12T13:40:50Z" finished-at="2018-10-12T13:40:54Z">
          <params>
            <param index="0">
              <value>
                <![CDATA[public void com.volvo.project.tests.InternetTestSuiteDataProviderExampleLoginTest.successfulLoginArrayDataProviderTest(java.lang.String,java.lang.String)]]>
              </value>
            </param>
          </params>
          <reporter-output>
          </reporter-output>
        </test-method> <!-- logStartTestExecutionBeforeMethod -->
        <test-method groups="regression, login" status="PASS" signature="successfulLoginArrayDataProviderTest(java.lang.String, java.lang.String)[pri:0, instance:com.volvo.project.tests.InternetTestSuiteDataProviderExampleLoginTest@445b295b]" name="successfulLoginArrayDataProviderTest" duration-ms="12107" started-at="2018-10-12T13:40:54Z" data-provider="getDataFromFile" finished-at="2018-10-12T13:41:06Z">
          <params>
            <param index="0">
              <value>
                <![CDATA[tomsmith]]>
              </value>
            </param>
            <param index="1">
              <value>
                <![CDATA[SuperSecretPassword!]]>
              </value>
            </param>
          </params>
          <reporter-output>
          </reporter-output>
          <attributes>
            <attribute name="test">
              <![CDATA[INTERNET-75]]>
            </attribute> <!-- test -->
            <attribute name="requirement">
              <![CDATA[]]>
            </attribute> <!-- requirement -->
            <attribute name="labels">
              <![CDATA[Label2]]>
            </attribute> <!-- labels -->
          </attributes>
        </test-method> <!-- successfulLoginArrayDataProviderTest -->
        <test-method status="PASS" signature="logEndTestExecutionAfterMethod(org.testng.ITestResult, java.lang.reflect.Method)[pri:0, instance:com.volvo.project.tests.InternetTestSuiteDataProviderExampleLoginTest@445b295b]" name="logEndTestExecutionAfterMethod" is-config="true" duration-ms="788" started-at="2018-10-12T13:41:06Z" finished-at="2018-10-12T13:41:07Z">
          <params>
            <param index="0">
              <value>
                <![CDATA[[TestResult name=successfulLoginArrayDataProviderTest status=SUCCESS method=InternetTestSuiteDataProviderExampleLoginTest.successfulLoginArrayDataProviderTest(java.lang.String, java.lang.String)[pri:0, instance:com.volvo.project.tests.InternetTestSuiteDataProviderExampleLoginTest@445b295b] output={null}]]]>
              </value>
            </param>
            <param index="1">
              <value>
                <![CDATA[public void com.volvo.project.tests.InternetTestSuiteDataProviderExampleLoginTest.successfulLoginArrayDataProviderTest(java.lang.String,java.lang.String)]]>
              </value>
            </param>
          </params>
          <reporter-output>
          </reporter-output>
        </test-method> <!-- logEndTestExecutionAfterMethod -->
        <test-method status="PASS" signature="logStartTestExecutionBeforeMethod(java.lang.reflect.Method)[pri:0, instance:com.volvo.project.tests.InternetTestSuiteDataProviderExampleLoginTest@445b295b]" name="logStartTestExecutionBeforeMethod" is-config="true" duration-ms="3499" started-at="2018-10-12T13:41:07Z" finished-at="2018-10-12T13:41:10Z">
          <params>
            <param index="0">
              <value>
                <![CDATA[public void com.volvo.project.tests.InternetTestSuiteDataProviderExampleLoginTest.successfulLoginArrayDataProviderTest(java.lang.String,java.lang.String)]]>
              </value>
            </param>
          </params>
          <reporter-output>
          </reporter-output>
        </test-method> <!-- logStartTestExecutionBeforeMethod -->
        <test-method groups="regression, login" status="FAIL" signature="successfulLoginArrayDataProviderTest(java.lang.String, java.lang.String)[pri:0, instance:com.volvo.project.tests.InternetTestSuiteDataProviderExampleLoginTest@445b295b]" name="successfulLoginArrayDataProviderTest" duration-ms="13422" started-at="2018-10-12T13:41:10Z" data-provider="getDataFromFile" finished-at="2018-10-12T13:41:24Z">
          <params>
            <param index="0">
              <value>
                <![CDATA[tomsmith1]]>
              </value>
            </param>
            <param index="1">
              <value>
                <![CDATA[SuperSecretPass$#@]]>
              </value>
            </param>
          </params>
          <exception class="java.lang.AssertionError">
            <message>
              <![CDATA[
Expecting:
 <false>
to be equal to:
 <true>
but was not.]]>
            </message>
            <full-stacktrace>
              <![CDATA[java.lang.AssertionError: 
Expecting:
 <false>
to be equal to:
 <true>
but was not.
	at com.volvo.project.tests.InternetTestSuiteDataProviderExampleLoginTest.successfulLoginArrayDataProviderTest(InternetTestSuiteDataProviderExampleLoginTest.java:24)
	at sun.reflect.NativeMethodAccessorImpl.invoke0(Native Method)
	at sun.reflect.NativeMethodAccessorImpl.invoke(NativeMethodAccessorImpl.java:62)
	at sun.reflect.DelegatingMethodAccessorImpl.invoke(DelegatingMethodAccessorImpl.java:43)
	at java.lang.reflect.Method.invoke(Method.java:498)
	at org.testng.internal.MethodInvocationHelper.invokeMethod(MethodInvocationHelper.java:108)
	at org.testng.internal.Invoker.invokeMethod(Invoker.java:661)
	at org.testng.internal.Invoker.invokeTestMethod(Invoker.java:869)
	at org.testng.internal.Invoker.invokeTestMethods(Invoker.java:1193)
	at org.testng.internal.TestMethodWorker.invokeTestMethods(TestMethodWorker.java:126)
	at org.testng.internal.TestMethodWorker.run(TestMethodWorker.java:109)
	at org.testng.TestRunner.privateRun(TestRunner.java:744)
	at org.testng.TestRunner.run(TestRunner.java:602)
	at org.testng.SuiteRunner.runTest(SuiteRunner.java:380)
	at org.testng.SuiteRunner.runSequentially(SuiteRunner.java:375)
	at org.testng.SuiteRunner.privateRun(SuiteRunner.java:340)
	at org.testng.SuiteRunner.run(SuiteRunner.java:289)
	at org.testng.SuiteRunnerWorker.runSuite(SuiteRunnerWorker.java:52)
	at org.testng.SuiteRunnerWorker.run(SuiteRunnerWorker.java:86)
	at org.testng.TestNG.runSuitesSequentially(TestNG.java:1301)
	at org.testng.TestNG.runSuitesLocally(TestNG.java:1226)
	at org.testng.TestNG.runSuites(TestNG.java:1144)
	at org.testng.TestNG.run(TestNG.java:1115)
	at org.apache.maven.surefire.testng.TestNGExecutor.run(TestNGExecutor.java:281)
	at org.apache.maven.surefire.testng.TestNGXmlTestSuite.execute(TestNGXmlTestSuite.java:75)
	at org.apache.maven.surefire.testng.TestNGProvider.invoke(TestNGProvider.java:121)
	at org.apache.maven.surefire.booter.ForkedBooter.invokeProviderInSameClassLoader(ForkedBooter.java:290)
	at org.apache.maven.surefire.booter.ForkedBooter.runSuitesInProcess(ForkedBooter.java:242)
	at org.apache.maven.surefire.booter.ForkedBooter.main(ForkedBooter.java:121)
]]>
            </full-stacktrace>
          </exception> <!-- java.lang.AssertionError -->
          <reporter-output>
          </reporter-output>
          <attributes>
            <attribute name="test">
              <![CDATA[INTERNET-75]]>
            </attribute> <!-- test -->
            <attribute name="requirement">
              <![CDATA[]]>
            </attribute> <!-- requirement -->
            <attribute name="labels">
              <![CDATA[Label2]]>
            </attribute> <!-- labels -->
          </attributes>
        </test-method> <!-- successfulLoginArrayDataProviderTest -->
        <test-method status="PASS" signature="logEndTestExecutionAfterMethod(org.testng.ITestResult, java.lang.reflect.Method)[pri:0, instance:com.volvo.project.tests.InternetTestSuiteDataProviderExampleLoginTest@445b295b]" name="logEndTestExecutionAfterMethod" is-config="true" duration-ms="1086" started-at="2018-10-12T13:41:24Z" finished-at="2018-10-12T13:41:25Z">
          <params>
            <param index="0">
              <value>
                <![CDATA[[TestResult name=successfulLoginArrayDataProviderTest status=FAILURE method=InternetTestSuiteDataProviderExampleLoginTest.successfulLoginArrayDataProviderTest(java.lang.String, java.lang.String)[pri:0, instance:com.volvo.project.tests.InternetTestSuiteDataProviderExampleLoginTest@445b295b] output={null}]]]>
              </value>
            </param>
            <param index="1">
              <value>
                <![CDATA[public void com.volvo.project.tests.InternetTestSuiteDataProviderExampleLoginTest.successfulLoginArrayDataProviderTest(java.lang.String,java.lang.String)]]>
              </value>
            </param>
          </params>
          <reporter-output>
          </reporter-output>
        </test-method> <!-- logEndTestExecutionAfterMethod -->
        <test-method status="PASS" signature="logStartTestExecutionBeforeMethod(java.lang.reflect.Method)[pri:0, instance:com.volvo.project.tests.InternetTestSuiteDataProviderExampleLoginTest@445b295b]" name="logStartTestExecutionBeforeMethod" is-config="true" duration-ms="3685" started-at="2018-10-12T13:41:25Z" finished-at="2018-10-12T13:41:29Z">
          <params>
            <param index="0">
              <value>
                <![CDATA[public void com.volvo.project.tests.InternetTestSuiteDataProviderExampleLoginTest.successfulLoginArrayDataProviderTest(java.lang.String,java.lang.String)]]>
              </value>
            </param>
          </params>
          <reporter-output>
          </reporter-output>
        </test-method> <!-- logStartTestExecutionBeforeMethod -->
        <test-method groups="regression, login" status="FAIL" signature="successfulLoginArrayDataProviderTest(java.lang.String, java.lang.String)[pri:0, instance:com.volvo.project.tests.InternetTestSuiteDataProviderExampleLoginTest@445b295b]" name="successfulLoginArrayDataProviderTest" duration-ms="16332" started-at="2018-10-12T13:41:29Z" data-provider="getDataFromFile" finished-at="2018-10-12T13:41:45Z">
          <params>
            <param index="0">
              <value>
                <![CDATA[tomsmith2]]>
              </value>
            </param>
            <param index="1">
              <value>
                <![CDATA[SuperSecretPass$#@]]>
              </value>
            </param>
          </params>
          <exception class="java.lang.AssertionError">
            <message>
              <![CDATA[
Expecting:
 <false>
to be equal to:
 <true>
but was not.]]>
            </message>
            <full-stacktrace>
              <![CDATA[java.lang.AssertionError: 
Expecting:
 <false>
to be equal to:
 <true>
but was not.
	at com.volvo.project.tests.InternetTestSuiteDataProviderExampleLoginTest.successfulLoginArrayDataProviderTest(InternetTestSuiteDataProviderExampleLoginTest.java:24)
	at sun.reflect.NativeMethodAccessorImpl.invoke0(Native Method)
	at sun.reflect.NativeMethodAccessorImpl.invoke(NativeMethodAccessorImpl.java:62)
	at sun.reflect.DelegatingMethodAccessorImpl.invoke(DelegatingMethodAccessorImpl.java:43)
	at java.lang.reflect.Method.invoke(Method.java:498)
	at org.testng.internal.MethodInvocationHelper.invokeMethod(MethodInvocationHelper.java:108)
	at org.testng.internal.Invoker.invokeMethod(Invoker.java:661)
	at org.testng.internal.Invoker.invokeTestMethod(Invoker.java:869)
	at org.testng.internal.Invoker.invokeTestMethods(Invoker.java:1193)
	at org.testng.internal.TestMethodWorker.invokeTestMethods(TestMethodWorker.java:126)
	at org.testng.internal.TestMethodWorker.run(TestMethodWorker.java:109)
	at org.testng.TestRunner.privateRun(TestRunner.java:744)
	at org.testng.TestRunner.run(TestRunner.java:602)
	at org.testng.SuiteRunner.runTest(SuiteRunner.java:380)
	at org.testng.SuiteRunner.runSequentially(SuiteRunner.java:375)
	at org.testng.SuiteRunner.privateRun(SuiteRunner.java:340)
	at org.testng.SuiteRunner.run(SuiteRunner.java:289)
	at org.testng.SuiteRunnerWorker.runSuite(SuiteRunnerWorker.java:52)
	at org.testng.SuiteRunnerWorker.run(SuiteRunnerWorker.java:86)
	at org.testng.TestNG.runSuitesSequentially(TestNG.java:1301)
	at org.testng.TestNG.runSuitesLocally(TestNG.java:1226)
	at org.testng.TestNG.runSuites(TestNG.java:1144)
	at org.testng.TestNG.run(TestNG.java:1115)
	at org.apache.maven.surefire.testng.TestNGExecutor.run(TestNGExecutor.java:281)
	at org.apache.maven.surefire.testng.TestNGXmlTestSuite.execute(TestNGXmlTestSuite.java:75)
	at org.apache.maven.surefire.testng.TestNGProvider.invoke(TestNGProvider.java:121)
	at org.apache.maven.surefire.booter.ForkedBooter.invokeProviderInSameClassLoader(ForkedBooter.java:290)
	at org.apache.maven.surefire.booter.ForkedBooter.runSuitesInProcess(ForkedBooter.java:242)
	at org.apache.maven.surefire.booter.ForkedBooter.main(ForkedBooter.java:121)
]]>
            </full-stacktrace>
          </exception> <!-- java.lang.AssertionError -->
          <reporter-output>
          </reporter-output>
          <attributes>
            <attribute name="test">
              <![CDATA[INTERNET-75]]>
            </attribute> <!-- test -->
            <attribute name="requirement">
              <![CDATA[]]>
            </attribute> <!-- requirement -->
            <attribute name="labels">
              <![CDATA[Label2]]>
            </attribute> <!-- labels -->
          </attributes>
        </test-method> <!-- successfulLoginArrayDataProviderTest -->
        <test-method status="PASS" signature="logEndTestExecutionAfterMethod(org.testng.ITestResult, java.lang.reflect.Method)[pri:0, instance:com.volvo.project.tests.InternetTestSuiteDataProviderExampleLoginTest@445b295b]" name="logEndTestExecutionAfterMethod" is-config="true" duration-ms="1306" started-at="2018-10-12T13:41:45Z" finished-at="2018-10-12T13:41:46Z">
          <params>
            <param index="0">
              <value>
                <![CDATA[[TestResult name=successfulLoginArrayDataProviderTest status=FAILURE method=InternetTestSuiteDataProviderExampleLoginTest.successfulLoginArrayDataProviderTest(java.lang.String, java.lang.String)[pri:0, instance:com.volvo.project.tests.InternetTestSuiteDataProviderExampleLoginTest@445b295b] output={null}]]]>
              </value>
            </param>
            <param index="1">
              <value>
                <![CDATA[public void com.volvo.project.tests.InternetTestSuiteDataProviderExampleLoginTest.successfulLoginArrayDataProviderTest(java.lang.String,java.lang.String)]]>
              </value>
            </param>
          </params>
          <reporter-output>
          </reporter-output>
        </test-method> <!-- logEndTestExecutionAfterMethod -->
        <test-method status="PASS" signature="logStartTestExecutionBeforeMethod(java.lang.reflect.Method)[pri:0, instance:com.volvo.project.tests.InternetTestSuiteDataProviderExampleLoginTest@445b295b]" name="logStartTestExecutionBeforeMethod" is-config="true" duration-ms="4567" started-at="2018-10-12T13:41:46Z" finished-at="2018-10-12T13:41:51Z">
          <params>
            <param index="0">
              <value>
                <![CDATA[public void com.volvo.project.tests.InternetTestSuiteDataProviderExampleLoginTest.successfulLoginArrayDataProviderTest(java.lang.String,java.lang.String)]]>
              </value>
            </param>
          </params>
          <reporter-output>
          </reporter-output>
        </test-method> <!-- logStartTestExecutionBeforeMethod -->
        <test-method groups="regression, login" status="FAIL" signature="successfulLoginArrayDataProviderTest(java.lang.String, java.lang.String)[pri:0, instance:com.volvo.project.tests.InternetTestSuiteDataProviderExampleLoginTest@445b295b]" name="successfulLoginArrayDataProviderTest" duration-ms="14737" started-at="2018-10-12T13:41:51Z" data-provider="getDataFromFile" finished-at="2018-10-12T13:42:05Z">
          <params>
            <param index="0">
              <value>
                <![CDATA[tomsmith3]]>
              </value>
            </param>
            <param index="1">
              <value>
                <![CDATA[SuperSecretPass$#@]]>
              </value>
            </param>
          </params>
          <exception class="java.lang.AssertionError">
            <message>
              <![CDATA[
Expecting:
 <false>
to be equal to:
 <true>
but was not.]]>
            </message>
            <full-stacktrace>
              <![CDATA[java.lang.AssertionError: 
Expecting:
 <false>
to be equal to:
 <true>
but was not.
	at com.volvo.project.tests.InternetTestSuiteDataProviderExampleLoginTest.successfulLoginArrayDataProviderTest(InternetTestSuiteDataProviderExampleLoginTest.java:24)
	at sun.reflect.NativeMethodAccessorImpl.invoke0(Native Method)
	at sun.reflect.NativeMethodAccessorImpl.invoke(NativeMethodAccessorImpl.java:62)
	at sun.reflect.DelegatingMethodAccessorImpl.invoke(DelegatingMethodAccessorImpl.java:43)
	at java.lang.reflect.Method.invoke(Method.java:498)
	at org.testng.internal.MethodInvocationHelper.invokeMethod(MethodInvocationHelper.java:108)
	at org.testng.internal.Invoker.invokeMethod(Invoker.java:661)
	at org.testng.internal.Invoker.invokeTestMethod(Invoker.java:869)
	at org.testng.internal.Invoker.invokeTestMethods(Invoker.java:1193)
	at org.testng.internal.TestMethodWorker.invokeTestMethods(TestMethodWorker.java:126)
	at org.testng.internal.TestMethodWorker.run(TestMethodWorker.java:109)
	at org.testng.TestRunner.privateRun(TestRunner.java:744)
	at org.testng.TestRunner.run(TestRunner.java:602)
	at org.testng.SuiteRunner.runTest(SuiteRunner.java:380)
	at org.testng.SuiteRunner.runSequentially(SuiteRunner.java:375)
	at org.testng.SuiteRunner.privateRun(SuiteRunner.java:340)
	at org.testng.SuiteRunner.run(SuiteRunner.java:289)
	at org.testng.SuiteRunnerWorker.runSuite(SuiteRunnerWorker.java:52)
	at org.testng.SuiteRunnerWorker.run(SuiteRunnerWorker.java:86)
	at org.testng.TestNG.runSuitesSequentially(TestNG.java:1301)
	at org.testng.TestNG.runSuitesLocally(TestNG.java:1226)
	at org.testng.TestNG.runSuites(TestNG.java:1144)
	at org.testng.TestNG.run(TestNG.java:1115)
	at org.apache.maven.surefire.testng.TestNGExecutor.run(TestNGExecutor.java:281)
	at org.apache.maven.surefire.testng.TestNGXmlTestSuite.execute(TestNGXmlTestSuite.java:75)
	at org.apache.maven.surefire.testng.TestNGProvider.invoke(TestNGProvider.java:121)
	at org.apache.maven.surefire.booter.ForkedBooter.invokeProviderInSameClassLoader(ForkedBooter.java:290)
	at org.apache.maven.surefire.booter.ForkedBooter.runSuitesInProcess(ForkedBooter.java:242)
	at org.apache.maven.surefire.booter.ForkedBooter.main(ForkedBooter.java:121)
]]>
            </full-stacktrace>
          </exception> <!-- java.lang.AssertionError -->
          <reporter-output>
          </reporter-output>
          <attributes>
            <attribute name="test">
              <![CDATA[INTERNET-75]]>
            </attribute> <!-- test -->
            <attribute name="requirement">
              <![CDATA[]]>
            </attribute> <!-- requirement -->
            <attribute name="labels">
              <![CDATA[Label2]]>
            </attribute> <!-- labels -->
          </attributes>
        </test-method> <!-- successfulLoginArrayDataProviderTest -->
        <test-method status="PASS" signature="logEndTestExecutionAfterMethod(org.testng.ITestResult, java.lang.reflect.Method)[pri:0, instance:com.volvo.project.tests.InternetTestSuiteDataProviderExampleLoginTest@445b295b]" name="logEndTestExecutionAfterMethod" is-config="true" duration-ms="1298" started-at="2018-10-12T13:42:05Z" finished-at="2018-10-12T13:42:07Z">
          <params>
            <param index="0">
              <value>
                <![CDATA[[TestResult name=successfulLoginArrayDataProviderTest status=FAILURE method=InternetTestSuiteDataProviderExampleLoginTest.successfulLoginArrayDataProviderTest(java.lang.String, java.lang.String)[pri:0, instance:com.volvo.project.tests.InternetTestSuiteDataProviderExampleLoginTest@445b295b] output={null}]]]>
              </value>
            </param>
            <param index="1">
              <value>
                <![CDATA[public void com.volvo.project.tests.InternetTestSuiteDataProviderExampleLoginTest.successfulLoginArrayDataProviderTest(java.lang.String,java.lang.String)]]>
              </value>
            </param>
          </params>
          <reporter-output>
          </reporter-output>
        </test-method> <!-- logEndTestExecutionAfterMethod -->
        <test-method status="PASS" signature="logStartTestExecutionBeforeMethod(java.lang.reflect.Method)[pri:0, instance:com.volvo.project.tests.InternetTestSuiteDataProviderExampleLoginTest@445b295b]" name="logStartTestExecutionBeforeMethod" is-config="true" duration-ms="3752" started-at="2018-10-12T13:42:07Z" finished-at="2018-10-12T13:42:11Z">
          <params>
            <param index="0">
              <value>
                <![CDATA[public void com.volvo.project.tests.InternetTestSuiteDataProviderExampleLoginTest.successfulLoginArrayDataProviderTest(java.lang.String,java.lang.String)]]>
              </value>
            </param>
          </params>
          <reporter-output>
          </reporter-output>
        </test-method> <!-- logStartTestExecutionBeforeMethod -->
        <test-method groups="regression, login" status="FAIL" signature="successfulLoginArrayDataProviderTest(java.lang.String, java.lang.String)[pri:0, instance:com.volvo.project.tests.InternetTestSuiteDataProviderExampleLoginTest@445b295b]" name="successfulLoginArrayDataProviderTest" duration-ms="14663" started-at="2018-10-12T13:42:11Z" data-provider="getDataFromFile" finished-at="2018-10-12T13:42:25Z">
          <params>
            <param index="0">
              <value>
                <![CDATA[tomsmith4]]>
              </value>
            </param>
            <param index="1">
              <value>
                <![CDATA[SuperSecretPass$#@]]>
              </value>
            </param>
          </params>
          <exception class="java.lang.AssertionError">
            <message>
              <![CDATA[
Expecting:
 <false>
to be equal to:
 <true>
but was not.]]>
            </message>
            <full-stacktrace>
              <![CDATA[java.lang.AssertionError: 
Expecting:
 <false>
to be equal to:
 <true>
but was not.
	at com.volvo.project.tests.InternetTestSuiteDataProviderExampleLoginTest.successfulLoginArrayDataProviderTest(InternetTestSuiteDataProviderExampleLoginTest.java:24)
	at sun.reflect.NativeMethodAccessorImpl.invoke0(Native Method)
	at sun.reflect.NativeMethodAccessorImpl.invoke(NativeMethodAccessorImpl.java:62)
	at sun.reflect.DelegatingMethodAccessorImpl.invoke(DelegatingMethodAccessorImpl.java:43)
	at java.lang.reflect.Method.invoke(Method.java:498)
	at org.testng.internal.MethodInvocationHelper.invokeMethod(MethodInvocationHelper.java:108)
	at org.testng.internal.Invoker.invokeMethod(Invoker.java:661)
	at org.testng.internal.Invoker.invokeTestMethod(Invoker.java:869)
	at org.testng.internal.Invoker.invokeTestMethods(Invoker.java:1193)
	at org.testng.internal.TestMethodWorker.invokeTestMethods(TestMethodWorker.java:126)
	at org.testng.internal.TestMethodWorker.run(TestMethodWorker.java:109)
	at org.testng.TestRunner.privateRun(TestRunner.java:744)
	at org.testng.TestRunner.run(TestRunner.java:602)
	at org.testng.SuiteRunner.runTest(SuiteRunner.java:380)
	at org.testng.SuiteRunner.runSequentially(SuiteRunner.java:375)
	at org.testng.SuiteRunner.privateRun(SuiteRunner.java:340)
	at org.testng.SuiteRunner.run(SuiteRunner.java:289)
	at org.testng.SuiteRunnerWorker.runSuite(SuiteRunnerWorker.java:52)
	at org.testng.SuiteRunnerWorker.run(SuiteRunnerWorker.java:86)
	at org.testng.TestNG.runSuitesSequentially(TestNG.java:1301)
	at org.testng.TestNG.runSuitesLocally(TestNG.java:1226)
	at org.testng.TestNG.runSuites(TestNG.java:1144)
	at org.testng.TestNG.run(TestNG.java:1115)
	at org.apache.maven.surefire.testng.TestNGExecutor.run(TestNGExecutor.java:281)
	at org.apache.maven.surefire.testng.TestNGXmlTestSuite.execute(TestNGXmlTestSuite.java:75)
	at org.apache.maven.surefire.testng.TestNGProvider.invoke(TestNGProvider.java:121)
	at org.apache.maven.surefire.booter.ForkedBooter.invokeProviderInSameClassLoader(ForkedBooter.java:290)
	at org.apache.maven.surefire.booter.ForkedBooter.runSuitesInProcess(ForkedBooter.java:242)
	at org.apache.maven.surefire.booter.ForkedBooter.main(ForkedBooter.java:121)
]]>
            </full-stacktrace>
          </exception> <!-- java.lang.AssertionError -->
          <reporter-output>
          </reporter-output>
          <attributes>
            <attribute name="test">
              <![CDATA[INTERNET-75]]>
            </attribute> <!-- test -->
            <attribute name="requirement">
              <![CDATA[]]>
            </attribute> <!-- requirement -->
            <attribute name="labels">
              <![CDATA[Label2]]>
            </attribute> <!-- labels -->
          </attributes>
        </test-method> <!-- successfulLoginArrayDataProviderTest -->
        <test-method status="PASS" signature="logEndTestExecutionAfterMethod(org.testng.ITestResult, java.lang.reflect.Method)[pri:0, instance:com.volvo.project.tests.InternetTestSuiteDataProviderExampleLoginTest@445b295b]" name="logEndTestExecutionAfterMethod" is-config="true" duration-ms="1186" started-at="2018-10-12T13:42:25Z" finished-at="2018-10-12T13:42:26Z">
          <params>
            <param index="0">
              <value>
                <![CDATA[[TestResult name=successfulLoginArrayDataProviderTest status=FAILURE method=InternetTestSuiteDataProviderExampleLoginTest.successfulLoginArrayDataProviderTest(java.lang.String, java.lang.String)[pri:0, instance:com.volvo.project.tests.InternetTestSuiteDataProviderExampleLoginTest@445b295b] output={null}]]]>
              </value>
            </param>
            <param index="1">
              <value>
                <![CDATA[public void com.volvo.project.tests.InternetTestSuiteDataProviderExampleLoginTest.successfulLoginArrayDataProviderTest(java.lang.String,java.lang.String)]]>
              </value>
            </param>
          </params>
          <reporter-output>
          </reporter-output>
        </test-method> <!-- logEndTestExecutionAfterMethod -->
        <test-method status="PASS" signature="logStartTestExecutionBeforeMethod(java.lang.reflect.Method)[pri:0, instance:com.volvo.project.tests.InternetTestSuiteDataProviderExampleLoginTest@445b295b]" name="logStartTestExecutionBeforeMethod" is-config="true" duration-ms="3689" started-at="2018-10-12T13:42:26Z" finished-at="2018-10-12T13:42:30Z">
          <params>
            <param index="0">
              <value>
                <![CDATA[public void com.volvo.project.tests.InternetTestSuiteDataProviderExampleLoginTest.successfulLoginArrayDataProviderTest(java.lang.String,java.lang.String)]]>
              </value>
            </param>
          </params>
          <reporter-output>
          </reporter-output>
        </test-method> <!-- logStartTestExecutionBeforeMethod -->
        <test-method groups="regression, login" status="FAIL" signature="successfulLoginArrayDataProviderTest(java.lang.String, java.lang.String)[pri:0, instance:com.volvo.project.tests.InternetTestSuiteDataProviderExampleLoginTest@445b295b]" name="successfulLoginArrayDataProviderTest" duration-ms="14544" started-at="2018-10-12T13:42:30Z" data-provider="getDataFromFile" finished-at="2018-10-12T13:42:45Z">
          <params>
            <param index="0">
              <value>
                <![CDATA[tomsmith5]]>
              </value>
            </param>
            <param index="1">
              <value>
                <![CDATA[SuperSecretPass$#@]]>
              </value>
            </param>
          </params>
          <exception class="java.lang.AssertionError">
            <message>
              <![CDATA[
Expecting:
 <false>
to be equal to:
 <true>
but was not.]]>
            </message>
            <full-stacktrace>
              <![CDATA[java.lang.AssertionError: 
Expecting:
 <false>
to be equal to:
 <true>
but was not.
	at com.volvo.project.tests.InternetTestSuiteDataProviderExampleLoginTest.successfulLoginArrayDataProviderTest(InternetTestSuiteDataProviderExampleLoginTest.java:24)
	at sun.reflect.NativeMethodAccessorImpl.invoke0(Native Method)
	at sun.reflect.NativeMethodAccessorImpl.invoke(NativeMethodAccessorImpl.java:62)
	at sun.reflect.DelegatingMethodAccessorImpl.invoke(DelegatingMethodAccessorImpl.java:43)
	at java.lang.reflect.Method.invoke(Method.java:498)
	at org.testng.internal.MethodInvocationHelper.invokeMethod(MethodInvocationHelper.java:108)
	at org.testng.internal.Invoker.invokeMethod(Invoker.java:661)
	at org.testng.internal.Invoker.invokeTestMethod(Invoker.java:869)
	at org.testng.internal.Invoker.invokeTestMethods(Invoker.java:1193)
	at org.testng.internal.TestMethodWorker.invokeTestMethods(TestMethodWorker.java:126)
	at org.testng.internal.TestMethodWorker.run(TestMethodWorker.java:109)
	at org.testng.TestRunner.privateRun(TestRunner.java:744)
	at org.testng.TestRunner.run(TestRunner.java:602)
	at org.testng.SuiteRunner.runTest(SuiteRunner.java:380)
	at org.testng.SuiteRunner.runSequentially(SuiteRunner.java:375)
	at org.testng.SuiteRunner.privateRun(SuiteRunner.java:340)
	at org.testng.SuiteRunner.run(SuiteRunner.java:289)
	at org.testng.SuiteRunnerWorker.runSuite(SuiteRunnerWorker.java:52)
	at org.testng.SuiteRunnerWorker.run(SuiteRunnerWorker.java:86)
	at org.testng.TestNG.runSuitesSequentially(TestNG.java:1301)
	at org.testng.TestNG.runSuitesLocally(TestNG.java:1226)
	at org.testng.TestNG.runSuites(TestNG.java:1144)
	at org.testng.TestNG.run(TestNG.java:1115)
	at org.apache.maven.surefire.testng.TestNGExecutor.run(TestNGExecutor.java:281)
	at org.apache.maven.surefire.testng.TestNGXmlTestSuite.execute(TestNGXmlTestSuite.java:75)
	at org.apache.maven.surefire.testng.TestNGProvider.invoke(TestNGProvider.java:121)
	at org.apache.maven.surefire.booter.ForkedBooter.invokeProviderInSameClassLoader(ForkedBooter.java:290)
	at org.apache.maven.surefire.booter.ForkedBooter.runSuitesInProcess(ForkedBooter.java:242)
	at org.apache.maven.surefire.booter.ForkedBooter.main(ForkedBooter.java:121)
]]>
            </full-stacktrace>
          </exception> <!-- java.lang.AssertionError -->
          <reporter-output>
          </reporter-output>
          <attributes>
            <attribute name="test">
              <![CDATA[INTERNET-75]]>
            </attribute> <!-- test -->
            <attribute name="requirement">
              <![CDATA[]]>
            </attribute> <!-- requirement -->
            <attribute name="labels">
              <![CDATA[Label2]]>
            </attribute> <!-- labels -->
          </attributes>
        </test-method> <!-- successfulLoginArrayDataProviderTest -->
        <test-method status="PASS" signature="logEndTestExecutionAfterMethod(org.testng.ITestResult, java.lang.reflect.Method)[pri:0, instance:com.volvo.project.tests.InternetTestSuiteDataProviderExampleLoginTest@445b295b]" name="logEndTestExecutionAfterMethod" is-config="true" duration-ms="1073" started-at="2018-10-12T13:42:45Z" finished-at="2018-10-12T13:42:46Z">
          <params>
            <param index="0">
              <value>
                <![CDATA[[TestResult name=successfulLoginArrayDataProviderTest status=FAILURE method=InternetTestSuiteDataProviderExampleLoginTest.successfulLoginArrayDataProviderTest(java.lang.String, java.lang.String)[pri:0, instance:com.volvo.project.tests.InternetTestSuiteDataProviderExampleLoginTest@445b295b] output={null}]]]>
              </value>
            </param>
            <param index="1">
              <value>
                <![CDATA[public void com.volvo.project.tests.InternetTestSuiteDataProviderExampleLoginTest.successfulLoginArrayDataProviderTest(java.lang.String,java.lang.String)]]>
              </value>
            </param>
          </params>
          <reporter-output>
          </reporter-output>
        </test-method> <!-- logEndTestExecutionAfterMethod -->
        <test-method status="PASS" signature="logStartTestExecutionBeforeMethod(java.lang.reflect.Method)[pri:0, instance:com.volvo.project.tests.InternetTestSuiteDataProviderExampleLoginTest@445b295b]" name="logStartTestExecutionBeforeMethod" is-config="true" duration-ms="3600" started-at="2018-10-12T13:42:46Z" finished-at="2018-10-12T13:42:49Z">
          <params>
            <param index="0">
              <value>
                <![CDATA[public void com.volvo.project.tests.InternetTestSuiteDataProviderExampleLoginTest.successfulLoginArrayDataProviderTest(java.lang.String,java.lang.String)]]>
              </value>
            </param>
          </params>
          <reporter-output>
          </reporter-output>
        </test-method> <!-- logStartTestExecutionBeforeMethod -->
        <test-method groups="regression, login" status="FAIL" signature="successfulLoginArrayDataProviderTest(java.lang.String, java.lang.String)[pri:0, instance:com.volvo.project.tests.InternetTestSuiteDataProviderExampleLoginTest@445b295b]" name="successfulLoginArrayDataProviderTest" duration-ms="14455" started-at="2018-10-12T13:42:49Z" data-provider="getDataFromFile" finished-at="2018-10-12T13:43:04Z">
          <params>
            <param index="0">
              <value>
                <![CDATA[tomsmith6]]>
              </value>
            </param>
            <param index="1">
              <value>
                <![CDATA[SuperSecretPass$#@]]>
              </value>
            </param>
          </params>
          <exception class="java.lang.AssertionError">
            <message>
              <![CDATA[
Expecting:
 <false>
to be equal to:
 <true>
but was not.]]>
            </message>
            <full-stacktrace>
              <![CDATA[java.lang.AssertionError: 
Expecting:
 <false>
to be equal to:
 <true>
but was not.
	at com.volvo.project.tests.InternetTestSuiteDataProviderExampleLoginTest.successfulLoginArrayDataProviderTest(InternetTestSuiteDataProviderExampleLoginTest.java:24)
	at sun.reflect.NativeMethodAccessorImpl.invoke0(Native Method)
	at sun.reflect.NativeMethodAccessorImpl.invoke(NativeMethodAccessorImpl.java:62)
	at sun.reflect.DelegatingMethodAccessorImpl.invoke(DelegatingMethodAccessorImpl.java:43)
	at java.lang.reflect.Method.invoke(Method.java:498)
	at org.testng.internal.MethodInvocationHelper.invokeMethod(MethodInvocationHelper.java:108)
	at org.testng.internal.Invoker.invokeMethod(Invoker.java:661)
	at org.testng.internal.Invoker.invokeTestMethod(Invoker.java:869)
	at org.testng.internal.Invoker.invokeTestMethods(Invoker.java:1193)
	at org.testng.internal.TestMethodWorker.invokeTestMethods(TestMethodWorker.java:126)
	at org.testng.internal.TestMethodWorker.run(TestMethodWorker.java:109)
	at org.testng.TestRunner.privateRun(TestRunner.java:744)
	at org.testng.TestRunner.run(TestRunner.java:602)
	at org.testng.SuiteRunner.runTest(SuiteRunner.java:380)
	at org.testng.SuiteRunner.runSequentially(SuiteRunner.java:375)
	at org.testng.SuiteRunner.privateRun(SuiteRunner.java:340)
	at org.testng.SuiteRunner.run(SuiteRunner.java:289)
	at org.testng.SuiteRunnerWorker.runSuite(SuiteRunnerWorker.java:52)
	at org.testng.SuiteRunnerWorker.run(SuiteRunnerWorker.java:86)
	at org.testng.TestNG.runSuitesSequentially(TestNG.java:1301)
	at org.testng.TestNG.runSuitesLocally(TestNG.java:1226)
	at org.testng.TestNG.runSuites(TestNG.java:1144)
	at org.testng.TestNG.run(TestNG.java:1115)
	at org.apache.maven.surefire.testng.TestNGExecutor.run(TestNGExecutor.java:281)
	at org.apache.maven.surefire.testng.TestNGXmlTestSuite.execute(TestNGXmlTestSuite.java:75)
	at org.apache.maven.surefire.testng.TestNGProvider.invoke(TestNGProvider.java:121)
	at org.apache.maven.surefire.booter.ForkedBooter.invokeProviderInSameClassLoader(ForkedBooter.java:290)
	at org.apache.maven.surefire.booter.ForkedBooter.runSuitesInProcess(ForkedBooter.java:242)
	at org.apache.maven.surefire.booter.ForkedBooter.main(ForkedBooter.java:121)
]]>
            </full-stacktrace>
          </exception> <!-- java.lang.AssertionError -->
          <reporter-output>
          </reporter-output>
          <attributes>
            <attribute name="test">
              <![CDATA[INTERNET-75]]>
            </attribute> <!-- test -->
            <attribute name="requirement">
              <![CDATA[]]>
            </attribute> <!-- requirement -->
            <attribute name="labels">
              <![CDATA[Label2]]>
            </attribute> <!-- labels -->
          </attributes>
        </test-method> <!-- successfulLoginArrayDataProviderTest -->
        <test-method status="PASS" signature="logEndTestExecutionAfterMethod(org.testng.ITestResult, java.lang.reflect.Method)[pri:0, instance:com.volvo.project.tests.InternetTestSuiteDataProviderExampleLoginTest@445b295b]" name="logEndTestExecutionAfterMethod" is-config="true" duration-ms="1144" started-at="2018-10-12T13:43:04Z" finished-at="2018-10-12T13:43:05Z">
          <params>
            <param index="0">
              <value>
                <![CDATA[[TestResult name=successfulLoginArrayDataProviderTest status=FAILURE method=InternetTestSuiteDataProviderExampleLoginTest.successfulLoginArrayDataProviderTest(java.lang.String, java.lang.String)[pri:0, instance:com.volvo.project.tests.InternetTestSuiteDataProviderExampleLoginTest@445b295b] output={null}]]]>
              </value>
            </param>
            <param index="1">
              <value>
                <![CDATA[public void com.volvo.project.tests.InternetTestSuiteDataProviderExampleLoginTest.successfulLoginArrayDataProviderTest(java.lang.String,java.lang.String)]]>
              </value>
            </param>
          </params>
          <reporter-output>
          </reporter-output>
        </test-method> <!-- logEndTestExecutionAfterMethod -->
        <test-method status="PASS" signature="logStartTestExecutionBeforeMethod(java.lang.reflect.Method)[pri:0, instance:com.volvo.project.tests.InternetTestSuiteDataProviderExampleLoginTest@445b295b]" name="logStartTestExecutionBeforeMethod" is-config="true" duration-ms="4339" started-at="2018-10-12T13:43:05Z" finished-at="2018-10-12T13:43:09Z">
          <params>
            <param index="0">
              <value>
                <![CDATA[public void com.volvo.project.tests.InternetTestSuiteDataProviderExampleLoginTest.successfulLoginArrayDataProviderTest(java.lang.String,java.lang.String)]]>
              </value>
            </param>
          </params>
          <reporter-output>
          </reporter-output>
        </test-method> <!-- logStartTestExecutionBeforeMethod -->
        <test-method groups="regression, login" status="FAIL" signature="successfulLoginArrayDataProviderTest(java.lang.String, java.lang.String)[pri:0, instance:com.volvo.project.tests.InternetTestSuiteDataProviderExampleLoginTest@445b295b]" name="successfulLoginArrayDataProviderTest" duration-ms="13781" started-at="2018-10-12T13:43:09Z" data-provider="getDataFromFile" finished-at="2018-10-12T13:43:23Z">
          <params>
            <param index="0">
              <value>
                <![CDATA[tomsmith7]]>
              </value>
            </param>
            <param index="1">
              <value>
                <![CDATA[SuperSecretPass$#@]]>
              </value>
            </param>
          </params>
          <exception class="java.lang.AssertionError">
            <message>
              <![CDATA[
Expecting:
 <false>
to be equal to:
 <true>
but was not.]]>
            </message>
            <full-stacktrace>
              <![CDATA[java.lang.AssertionError: 
Expecting:
 <false>
to be equal to:
 <true>
but was not.
	at com.volvo.project.tests.InternetTestSuiteDataProviderExampleLoginTest.successfulLoginArrayDataProviderTest(InternetTestSuiteDataProviderExampleLoginTest.java:24)
	at sun.reflect.NativeMethodAccessorImpl.invoke0(Native Method)
	at sun.reflect.NativeMethodAccessorImpl.invoke(NativeMethodAccessorImpl.java:62)
	at sun.reflect.DelegatingMethodAccessorImpl.invoke(DelegatingMethodAccessorImpl.java:43)
	at java.lang.reflect.Method.invoke(Method.java:498)
	at org.testng.internal.MethodInvocationHelper.invokeMethod(MethodInvocationHelper.java:108)
	at org.testng.internal.Invoker.invokeMethod(Invoker.java:661)
	at org.testng.internal.Invoker.invokeTestMethod(Invoker.java:869)
	at org.testng.internal.Invoker.invokeTestMethods(Invoker.java:1193)
	at org.testng.internal.TestMethodWorker.invokeTestMethods(TestMethodWorker.java:126)
	at org.testng.internal.TestMethodWorker.run(TestMethodWorker.java:109)
	at org.testng.TestRunner.privateRun(TestRunner.java:744)
	at org.testng.TestRunner.run(TestRunner.java:602)
	at org.testng.SuiteRunner.runTest(SuiteRunner.java:380)
	at org.testng.SuiteRunner.runSequentially(SuiteRunner.java:375)
	at org.testng.SuiteRunner.privateRun(SuiteRunner.java:340)
	at org.testng.SuiteRunner.run(SuiteRunner.java:289)
	at org.testng.SuiteRunnerWorker.runSuite(SuiteRunnerWorker.java:52)
	at org.testng.SuiteRunnerWorker.run(SuiteRunnerWorker.java:86)
	at org.testng.TestNG.runSuitesSequentially(TestNG.java:1301)
	at org.testng.TestNG.runSuitesLocally(TestNG.java:1226)
	at org.testng.TestNG.runSuites(TestNG.java:1144)
	at org.testng.TestNG.run(TestNG.java:1115)
	at org.apache.maven.surefire.testng.TestNGExecutor.run(TestNGExecutor.java:281)
	at org.apache.maven.surefire.testng.TestNGXmlTestSuite.execute(TestNGXmlTestSuite.java:75)
	at org.apache.maven.surefire.testng.TestNGProvider.invoke(TestNGProvider.java:121)
	at org.apache.maven.surefire.booter.ForkedBooter.invokeProviderInSameClassLoader(ForkedBooter.java:290)
	at org.apache.maven.surefire.booter.ForkedBooter.runSuitesInProcess(ForkedBooter.java:242)
	at org.apache.maven.surefire.booter.ForkedBooter.main(ForkedBooter.java:121)
]]>
            </full-stacktrace>
          </exception> <!-- java.lang.AssertionError -->
          <reporter-output>
          </reporter-output>
          <attributes>
            <attribute name="test">
              <![CDATA[INTERNET-75]]>
            </attribute> <!-- test -->
            <attribute name="requirement">
              <![CDATA[]]>
            </attribute> <!-- requirement -->
            <attribute name="labels">
              <![CDATA[Label2]]>
            </attribute> <!-- labels -->
          </attributes>
        </test-method> <!-- successfulLoginArrayDataProviderTest -->
        <test-method status="PASS" signature="logEndTestExecutionAfterMethod(org.testng.ITestResult, java.lang.reflect.Method)[pri:0, instance:com.volvo.project.tests.InternetTestSuiteDataProviderExampleLoginTest@445b295b]" name="logEndTestExecutionAfterMethod" is-config="true" duration-ms="1101" started-at="2018-10-12T13:43:23Z" finished-at="2018-10-12T13:43:24Z">
          <params>
            <param index="0">
              <value>
                <![CDATA[[TestResult name=successfulLoginArrayDataProviderTest status=FAILURE method=InternetTestSuiteDataProviderExampleLoginTest.successfulLoginArrayDataProviderTest(java.lang.String, java.lang.String)[pri:0, instance:com.volvo.project.tests.InternetTestSuiteDataProviderExampleLoginTest@445b295b] output={null}]]]>
              </value>
            </param>
            <param index="1">
              <value>
                <![CDATA[public void com.volvo.project.tests.InternetTestSuiteDataProviderExampleLoginTest.successfulLoginArrayDataProviderTest(java.lang.String,java.lang.String)]]>
              </value>
            </param>
          </params>
          <reporter-output>
          </reporter-output>
        </test-method> <!-- logEndTestExecutionAfterMethod -->
        <test-method status="PASS" signature="logStartTestExecutionBeforeMethod(java.lang.reflect.Method)[pri:0, instance:com.volvo.project.tests.InternetTestSuiteDataProviderExampleLoginTest@445b295b]" name="logStartTestExecutionBeforeMethod" is-config="true" duration-ms="3677" started-at="2018-10-12T13:43:24Z" finished-at="2018-10-12T13:43:28Z">
          <params>
            <param index="0">
              <value>
                <![CDATA[public void com.volvo.project.tests.InternetTestSuiteDataProviderExampleLoginTest.successfulLoginArrayDataProviderTest(java.lang.String,java.lang.String)]]>
              </value>
            </param>
          </params>
          <reporter-output>
          </reporter-output>
        </test-method> <!-- logStartTestExecutionBeforeMethod -->
        <test-method groups="regression, login" status="FAIL" signature="successfulLoginArrayDataProviderTest(java.lang.String, java.lang.String)[pri:0, instance:com.volvo.project.tests.InternetTestSuiteDataProviderExampleLoginTest@445b295b]" name="successfulLoginArrayDataProviderTest" duration-ms="13910" started-at="2018-10-12T13:43:28Z" data-provider="getDataFromFile" finished-at="2018-10-12T13:43:42Z">
          <params>
            <param index="0">
              <value>
                <![CDATA[tomsmith8]]>
              </value>
            </param>
            <param index="1">
              <value>
                <![CDATA[SuperSecretPass$#@]]>
              </value>
            </param>
          </params>
          <exception class="java.lang.AssertionError">
            <message>
              <![CDATA[
Expecting:
 <false>
to be equal to:
 <true>
but was not.]]>
            </message>
            <full-stacktrace>
              <![CDATA[java.lang.AssertionError: 
Expecting:
 <false>
to be equal to:
 <true>
but was not.
	at com.volvo.project.tests.InternetTestSuiteDataProviderExampleLoginTest.successfulLoginArrayDataProviderTest(InternetTestSuiteDataProviderExampleLoginTest.java:24)
	at sun.reflect.NativeMethodAccessorImpl.invoke0(Native Method)
	at sun.reflect.NativeMethodAccessorImpl.invoke(NativeMethodAccessorImpl.java:62)
	at sun.reflect.DelegatingMethodAccessorImpl.invoke(DelegatingMethodAccessorImpl.java:43)
	at java.lang.reflect.Method.invoke(Method.java:498)
	at org.testng.internal.MethodInvocationHelper.invokeMethod(MethodInvocationHelper.java:108)
	at org.testng.internal.Invoker.invokeMethod(Invoker.java:661)
	at org.testng.internal.Invoker.invokeTestMethod(Invoker.java:869)
	at org.testng.internal.Invoker.invokeTestMethods(Invoker.java:1193)
	at org.testng.internal.TestMethodWorker.invokeTestMethods(TestMethodWorker.java:126)
	at org.testng.internal.TestMethodWorker.run(TestMethodWorker.java:109)
	at org.testng.TestRunner.privateRun(TestRunner.java:744)
	at org.testng.TestRunner.run(TestRunner.java:602)
	at org.testng.SuiteRunner.runTest(SuiteRunner.java:380)
	at org.testng.SuiteRunner.runSequentially(SuiteRunner.java:375)
	at org.testng.SuiteRunner.privateRun(SuiteRunner.java:340)
	at org.testng.SuiteRunner.run(SuiteRunner.java:289)
	at org.testng.SuiteRunnerWorker.runSuite(SuiteRunnerWorker.java:52)
	at org.testng.SuiteRunnerWorker.run(SuiteRunnerWorker.java:86)
	at org.testng.TestNG.runSuitesSequentially(TestNG.java:1301)
	at org.testng.TestNG.runSuitesLocally(TestNG.java:1226)
	at org.testng.TestNG.runSuites(TestNG.java:1144)
	at org.testng.TestNG.run(TestNG.java:1115)
	at org.apache.maven.surefire.testng.TestNGExecutor.run(TestNGExecutor.java:281)
	at org.apache.maven.surefire.testng.TestNGXmlTestSuite.execute(TestNGXmlTestSuite.java:75)
	at org.apache.maven.surefire.testng.TestNGProvider.invoke(TestNGProvider.java:121)
	at org.apache.maven.surefire.booter.ForkedBooter.invokeProviderInSameClassLoader(ForkedBooter.java:290)
	at org.apache.maven.surefire.booter.ForkedBooter.runSuitesInProcess(ForkedBooter.java:242)
	at org.apache.maven.surefire.booter.ForkedBooter.main(ForkedBooter.java:121)
]]>
            </full-stacktrace>
          </exception> <!-- java.lang.AssertionError -->
          <reporter-output>
          </reporter-output>
          <attributes>
            <attribute name="test">
              <![CDATA[INTERNET-75]]>
            </attribute> <!-- test -->
            <attribute name="requirement">
              <![CDATA[]]>
            </attribute> <!-- requirement -->
            <attribute name="labels">
              <![CDATA[Label2]]>
            </attribute> <!-- labels -->
          </attributes>
        </test-method> <!-- successfulLoginArrayDataProviderTest -->
        <test-method status="PASS" signature="logEndTestExecutionAfterMethod(org.testng.ITestResult, java.lang.reflect.Method)[pri:0, instance:com.volvo.project.tests.InternetTestSuiteDataProviderExampleLoginTest@445b295b]" name="logEndTestExecutionAfterMethod" is-config="true" duration-ms="1076" started-at="2018-10-12T13:43:42Z" finished-at="2018-10-12T13:43:43Z">
          <params>
            <param index="0">
              <value>
                <![CDATA[[TestResult name=successfulLoginArrayDataProviderTest status=FAILURE method=InternetTestSuiteDataProviderExampleLoginTest.successfulLoginArrayDataProviderTest(java.lang.String, java.lang.String)[pri:0, instance:com.volvo.project.tests.InternetTestSuiteDataProviderExampleLoginTest@445b295b] output={null}]]]>
              </value>
            </param>
            <param index="1">
              <value>
                <![CDATA[public void com.volvo.project.tests.InternetTestSuiteDataProviderExampleLoginTest.successfulLoginArrayDataProviderTest(java.lang.String,java.lang.String)]]>
              </value>
            </param>
          </params>
          <reporter-output>
          </reporter-output>
        </test-method> <!-- logEndTestExecutionAfterMethod -->
        <test-method status="PASS" signature="logStartTestExecutionBeforeMethod(java.lang.reflect.Method)[pri:0, instance:com.volvo.project.tests.InternetTestSuiteDataProviderExampleLoginTest@445b295b]" name="logStartTestExecutionBeforeMethod" is-config="true" duration-ms="3606" started-at="2018-10-12T13:43:43Z" finished-at="2018-10-12T13:43:46Z">
          <params>
            <param index="0">
              <value>
                <![CDATA[public void com.volvo.project.tests.InternetTestSuiteDataProviderExampleLoginTest.successfulLoginArrayDataProviderTest(java.lang.String,java.lang.String)]]>
              </value>
            </param>
          </params>
          <reporter-output>
          </reporter-output>
        </test-method> <!-- logStartTestExecutionBeforeMethod -->
        <test-method groups="regression, login" status="FAIL" signature="successfulLoginArrayDataProviderTest(java.lang.String, java.lang.String)[pri:0, instance:com.volvo.project.tests.InternetTestSuiteDataProviderExampleLoginTest@445b295b]" name="successfulLoginArrayDataProviderTest" duration-ms="13918" started-at="2018-10-12T13:43:46Z" data-provider="getDataFromFile" finished-at="2018-10-12T13:44:00Z">
          <params>
            <param index="0">
              <value>
                <![CDATA[tomsmith9]]>
              </value>
            </param>
            <param index="1">
              <value>
                <![CDATA[SuperSecretPass$#@]]>
              </value>
            </param>
          </params>
          <exception class="java.lang.AssertionError">
            <message>
              <![CDATA[
Expecting:
 <false>
to be equal to:
 <true>
but was not.]]>
            </message>
            <full-stacktrace>
              <![CDATA[java.lang.AssertionError: 
Expecting:
 <false>
to be equal to:
 <true>
but was not.
	at com.volvo.project.tests.InternetTestSuiteDataProviderExampleLoginTest.successfulLoginArrayDataProviderTest(InternetTestSuiteDataProviderExampleLoginTest.java:24)
	at sun.reflect.NativeMethodAccessorImpl.invoke0(Native Method)
	at sun.reflect.NativeMethodAccessorImpl.invoke(NativeMethodAccessorImpl.java:62)
	at sun.reflect.DelegatingMethodAccessorImpl.invoke(DelegatingMethodAccessorImpl.java:43)
	at java.lang.reflect.Method.invoke(Method.java:498)
	at org.testng.internal.MethodInvocationHelper.invokeMethod(MethodInvocationHelper.java:108)
	at org.testng.internal.Invoker.invokeMethod(Invoker.java:661)
	at org.testng.internal.Invoker.invokeTestMethod(Invoker.java:869)
	at org.testng.internal.Invoker.invokeTestMethods(Invoker.java:1193)
	at org.testng.internal.TestMethodWorker.invokeTestMethods(TestMethodWorker.java:126)
	at org.testng.internal.TestMethodWorker.run(TestMethodWorker.java:109)
	at org.testng.TestRunner.privateRun(TestRunner.java:744)
	at org.testng.TestRunner.run(TestRunner.java:602)
	at org.testng.SuiteRunner.runTest(SuiteRunner.java:380)
	at org.testng.SuiteRunner.runSequentially(SuiteRunner.java:375)
	at org.testng.SuiteRunner.privateRun(SuiteRunner.java:340)
	at org.testng.SuiteRunner.run(SuiteRunner.java:289)
	at org.testng.SuiteRunnerWorker.runSuite(SuiteRunnerWorker.java:52)
	at org.testng.SuiteRunnerWorker.run(SuiteRunnerWorker.java:86)
	at org.testng.TestNG.runSuitesSequentially(TestNG.java:1301)
	at org.testng.TestNG.runSuitesLocally(TestNG.java:1226)
	at org.testng.TestNG.runSuites(TestNG.java:1144)
	at org.testng.TestNG.run(TestNG.java:1115)
	at org.apache.maven.surefire.testng.TestNGExecutor.run(TestNGExecutor.java:281)
	at org.apache.maven.surefire.testng.TestNGXmlTestSuite.execute(TestNGXmlTestSuite.java:75)
	at org.apache.maven.surefire.testng.TestNGProvider.invoke(TestNGProvider.java:121)
	at org.apache.maven.surefire.booter.ForkedBooter.invokeProviderInSameClassLoader(ForkedBooter.java:290)
	at org.apache.maven.surefire.booter.ForkedBooter.runSuitesInProcess(ForkedBooter.java:242)
	at org.apache.maven.surefire.booter.ForkedBooter.main(ForkedBooter.java:121)
]]>
            </full-stacktrace>
          </exception> <!-- java.lang.AssertionError -->
          <reporter-output>
          </reporter-output>
          <attributes>
            <attribute name="test">
              <![CDATA[INTERNET-75]]>
            </attribute> <!-- test -->
            <attribute name="requirement">
              <![CDATA[]]>
            </attribute> <!-- requirement -->
            <attribute name="labels">
              <![CDATA[Label2]]>
            </attribute> <!-- labels -->
          </attributes>
        </test-method> <!-- successfulLoginArrayDataProviderTest -->
        <test-method status="PASS" signature="logEndTestExecutionAfterMethod(org.testng.ITestResult, java.lang.reflect.Method)[pri:0, instance:com.volvo.project.tests.InternetTestSuiteDataProviderExampleLoginTest@445b295b]" name="logEndTestExecutionAfterMethod" is-config="true" duration-ms="1136" started-at="2018-10-12T13:44:00Z" finished-at="2018-10-12T13:44:01Z">
          <params>
            <param index="0">
              <value>
                <![CDATA[[TestResult name=successfulLoginArrayDataProviderTest status=FAILURE method=InternetTestSuiteDataProviderExampleLoginTest.successfulLoginArrayDataProviderTest(java.lang.String, java.lang.String)[pri:0, instance:com.volvo.project.tests.InternetTestSuiteDataProviderExampleLoginTest@445b295b] output={null}]]]>
              </value>
            </param>
            <param index="1">
              <value>
                <![CDATA[public void com.volvo.project.tests.InternetTestSuiteDataProviderExampleLoginTest.successfulLoginArrayDataProviderTest(java.lang.String,java.lang.String)]]>
              </value>
            </param>
          </params>
          <reporter-output>
          </reporter-output>
        </test-method> <!-- logEndTestExecutionAfterMethod -->
        <test-method status="PASS" signature="logStartTestExecutionBeforeMethod(java.lang.reflect.Method)[pri:0, instance:com.volvo.project.tests.InternetTestSuiteDataProviderExampleLoginTest@445b295b]" name="logStartTestExecutionBeforeMethod" is-config="true" duration-ms="4217" started-at="2018-10-12T13:44:01Z" finished-at="2018-10-12T13:44:06Z">
          <params>
            <param index="0">
              <value>
                <![CDATA[public void com.volvo.project.tests.InternetTestSuiteDataProviderExampleLoginTest.successfulLoginArrayDataProviderTest(java.lang.String,java.lang.String)]]>
              </value>
            </param>
          </params>
          <reporter-output>
          </reporter-output>
        </test-method> <!-- logStartTestExecutionBeforeMethod -->
        <test-method groups="regression, login" status="FAIL" signature="successfulLoginArrayDataProviderTest(java.lang.String, java.lang.String)[pri:0, instance:com.volvo.project.tests.InternetTestSuiteDataProviderExampleLoginTest@445b295b]" name="successfulLoginArrayDataProviderTest" duration-ms="13810" started-at="2018-10-12T13:44:06Z" data-provider="getDataFromFile" finished-at="2018-10-12T13:44:19Z">
          <params>
            <param index="0">
              <value>
                <![CDATA[tomsmith10]]>
              </value>
            </param>
            <param index="1">
              <value>
                <![CDATA[SuperSecretPass$#@]]>
              </value>
            </param>
          </params>
          <exception class="java.lang.AssertionError">
            <message>
              <![CDATA[
Expecting:
 <false>
to be equal to:
 <true>
but was not.]]>
            </message>
            <full-stacktrace>
              <![CDATA[java.lang.AssertionError: 
Expecting:
 <false>
to be equal to:
 <true>
but was not.
	at com.volvo.project.tests.InternetTestSuiteDataProviderExampleLoginTest.successfulLoginArrayDataProviderTest(InternetTestSuiteDataProviderExampleLoginTest.java:24)
	at sun.reflect.NativeMethodAccessorImpl.invoke0(Native Method)
	at sun.reflect.NativeMethodAccessorImpl.invoke(NativeMethodAccessorImpl.java:62)
	at sun.reflect.DelegatingMethodAccessorImpl.invoke(DelegatingMethodAccessorImpl.java:43)
	at java.lang.reflect.Method.invoke(Method.java:498)
	at org.testng.internal.MethodInvocationHelper.invokeMethod(MethodInvocationHelper.java:108)
	at org.testng.internal.Invoker.invokeMethod(Invoker.java:661)
	at org.testng.internal.Invoker.invokeTestMethod(Invoker.java:869)
	at org.testng.internal.Invoker.invokeTestMethods(Invoker.java:1193)
	at org.testng.internal.TestMethodWorker.invokeTestMethods(TestMethodWorker.java:126)
	at org.testng.internal.TestMethodWorker.run(TestMethodWorker.java:109)
	at org.testng.TestRunner.privateRun(TestRunner.java:744)
	at org.testng.TestRunner.run(TestRunner.java:602)
	at org.testng.SuiteRunner.runTest(SuiteRunner.java:380)
	at org.testng.SuiteRunner.runSequentially(SuiteRunner.java:375)
	at org.testng.SuiteRunner.privateRun(SuiteRunner.java:340)
	at org.testng.SuiteRunner.run(SuiteRunner.java:289)
	at org.testng.SuiteRunnerWorker.runSuite(SuiteRunnerWorker.java:52)
	at org.testng.SuiteRunnerWorker.run(SuiteRunnerWorker.java:86)
	at org.testng.TestNG.runSuitesSequentially(TestNG.java:1301)
	at org.testng.TestNG.runSuitesLocally(TestNG.java:1226)
	at org.testng.TestNG.runSuites(TestNG.java:1144)
	at org.testng.TestNG.run(TestNG.java:1115)
	at org.apache.maven.surefire.testng.TestNGExecutor.run(TestNGExecutor.java:281)
	at org.apache.maven.surefire.testng.TestNGXmlTestSuite.execute(TestNGXmlTestSuite.java:75)
	at org.apache.maven.surefire.testng.TestNGProvider.invoke(TestNGProvider.java:121)
	at org.apache.maven.surefire.booter.ForkedBooter.invokeProviderInSameClassLoader(ForkedBooter.java:290)
	at org.apache.maven.surefire.booter.ForkedBooter.runSuitesInProcess(ForkedBooter.java:242)
	at org.apache.maven.surefire.booter.ForkedBooter.main(ForkedBooter.java:121)
]]>
            </full-stacktrace>
          </exception> <!-- java.lang.AssertionError -->
          <reporter-output>
          </reporter-output>
          <attributes>
            <attribute name="test">
              <![CDATA[INTERNET-75]]>
            </attribute> <!-- test -->
            <attribute name="requirement">
              <![CDATA[]]>
            </attribute> <!-- requirement -->
            <attribute name="labels">
              <![CDATA[Label2]]>
            </attribute> <!-- labels -->
          </attributes>
        </test-method> <!-- successfulLoginArrayDataProviderTest -->
        <test-method status="PASS" signature="logEndTestExecutionAfterMethod(org.testng.ITestResult, java.lang.reflect.Method)[pri:0, instance:com.volvo.project.tests.InternetTestSuiteDataProviderExampleLoginTest@445b295b]" name="logEndTestExecutionAfterMethod" is-config="true" duration-ms="1086" started-at="2018-10-12T13:44:19Z" finished-at="2018-10-12T13:44:21Z">
          <params>
            <param index="0">
              <value>
                <![CDATA[[TestResult name=successfulLoginArrayDataProviderTest status=FAILURE method=InternetTestSuiteDataProviderExampleLoginTest.successfulLoginArrayDataProviderTest(java.lang.String, java.lang.String)[pri:0, instance:com.volvo.project.tests.InternetTestSuiteDataProviderExampleLoginTest@445b295b] output={null}]]]>
              </value>
            </param>
            <param index="1">
              <value>
                <![CDATA[public void com.volvo.project.tests.InternetTestSuiteDataProviderExampleLoginTest.successfulLoginArrayDataProviderTest(java.lang.String,java.lang.String)]]>
              </value>
            </param>
          </params>
          <reporter-output>
          </reporter-output>
        </test-method> <!-- logEndTestExecutionAfterMethod -->
        <test-method status="PASS" signature="logStartTestExecutionBeforeMethod(java.lang.reflect.Method)[pri:0, instance:com.volvo.project.tests.InternetTestSuiteDataProviderExampleLoginTest@445b295b]" name="logStartTestExecutionBeforeMethod" is-config="true" duration-ms="3714" started-at="2018-10-12T13:44:21Z" finished-at="2018-10-12T13:44:24Z">
          <params>
            <param index="0">
              <value>
                <![CDATA[public void com.volvo.project.tests.InternetTestSuiteDataProviderExampleLoginTest.successfulLoginArrayDataProviderTest(java.lang.String,java.lang.String)]]>
              </value>
            </param>
          </params>
          <reporter-output>
          </reporter-output>
        </test-method> <!-- logStartTestExecutionBeforeMethod -->
        <test-method groups="regression, login" status="FAIL" signature="successfulLoginArrayDataProviderTest(java.lang.String, java.lang.String)[pri:0, instance:com.volvo.project.tests.InternetTestSuiteDataProviderExampleLoginTest@445b295b]" name="successfulLoginArrayDataProviderTest" duration-ms="13877" started-at="2018-10-12T13:44:24Z" data-provider="getDataFromFile" finished-at="2018-10-12T13:44:38Z">
          <params>
            <param index="0">
              <value>
                <![CDATA[tomsmith11]]>
              </value>
            </param>
            <param index="1">
              <value>
                <![CDATA[SuperSecretPass$#@]]>
              </value>
            </param>
          </params>
          <exception class="java.lang.AssertionError">
            <message>
              <![CDATA[
Expecting:
 <false>
to be equal to:
 <true>
but was not.]]>
            </message>
            <full-stacktrace>
              <![CDATA[java.lang.AssertionError: 
Expecting:
 <false>
to be equal to:
 <true>
but was not.
	at com.volvo.project.tests.InternetTestSuiteDataProviderExampleLoginTest.successfulLoginArrayDataProviderTest(InternetTestSuiteDataProviderExampleLoginTest.java:24)
	at sun.reflect.NativeMethodAccessorImpl.invoke0(Native Method)
	at sun.reflect.NativeMethodAccessorImpl.invoke(NativeMethodAccessorImpl.java:62)
	at sun.reflect.DelegatingMethodAccessorImpl.invoke(DelegatingMethodAccessorImpl.java:43)
	at java.lang.reflect.Method.invoke(Method.java:498)
	at org.testng.internal.MethodInvocationHelper.invokeMethod(MethodInvocationHelper.java:108)
	at org.testng.internal.Invoker.invokeMethod(Invoker.java:661)
	at org.testng.internal.Invoker.invokeTestMethod(Invoker.java:869)
	at org.testng.internal.Invoker.invokeTestMethods(Invoker.java:1193)
	at org.testng.internal.TestMethodWorker.invokeTestMethods(TestMethodWorker.java:126)
	at org.testng.internal.TestMethodWorker.run(TestMethodWorker.java:109)
	at org.testng.TestRunner.privateRun(TestRunner.java:744)
	at org.testng.TestRunner.run(TestRunner.java:602)
	at org.testng.SuiteRunner.runTest(SuiteRunner.java:380)
	at org.testng.SuiteRunner.runSequentially(SuiteRunner.java:375)
	at org.testng.SuiteRunner.privateRun(SuiteRunner.java:340)
	at org.testng.SuiteRunner.run(SuiteRunner.java:289)
	at org.testng.SuiteRunnerWorker.runSuite(SuiteRunnerWorker.java:52)
	at org.testng.SuiteRunnerWorker.run(SuiteRunnerWorker.java:86)
	at org.testng.TestNG.runSuitesSequentially(TestNG.java:1301)
	at org.testng.TestNG.runSuitesLocally(TestNG.java:1226)
	at org.testng.TestNG.runSuites(TestNG.java:1144)
	at org.testng.TestNG.run(TestNG.java:1115)
	at org.apache.maven.surefire.testng.TestNGExecutor.run(TestNGExecutor.java:281)
	at org.apache.maven.surefire.testng.TestNGXmlTestSuite.execute(TestNGXmlTestSuite.java:75)
	at org.apache.maven.surefire.testng.TestNGProvider.invoke(TestNGProvider.java:121)
	at org.apache.maven.surefire.booter.ForkedBooter.invokeProviderInSameClassLoader(ForkedBooter.java:290)
	at org.apache.maven.surefire.booter.ForkedBooter.runSuitesInProcess(ForkedBooter.java:242)
	at org.apache.maven.surefire.booter.ForkedBooter.main(ForkedBooter.java:121)
]]>
            </full-stacktrace>
          </exception> <!-- java.lang.AssertionError -->
          <reporter-output>
          </reporter-output>
          <attributes>
            <attribute name="test">
              <![CDATA[INTERNET-75]]>
            </attribute> <!-- test -->
            <attribute name="requirement">
              <![CDATA[]]>
            </attribute> <!-- requirement -->
            <attribute name="labels">
              <![CDATA[Label2]]>
            </attribute> <!-- labels -->
          </attributes>
        </test-method> <!-- successfulLoginArrayDataProviderTest -->
        <test-method status="PASS" signature="logEndTestExecutionAfterMethod(org.testng.ITestResult, java.lang.reflect.Method)[pri:0, instance:com.volvo.project.tests.InternetTestSuiteDataProviderExampleLoginTest@445b295b]" name="logEndTestExecutionAfterMethod" is-config="true" duration-ms="1080" started-at="2018-10-12T13:44:38Z" finished-at="2018-10-12T13:44:39Z">
          <params>
            <param index="0">
              <value>
                <![CDATA[[TestResult name=successfulLoginArrayDataProviderTest status=FAILURE method=InternetTestSuiteDataProviderExampleLoginTest.successfulLoginArrayDataProviderTest(java.lang.String, java.lang.String)[pri:0, instance:com.volvo.project.tests.InternetTestSuiteDataProviderExampleLoginTest@445b295b] output={null}]]]>
              </value>
            </param>
            <param index="1">
              <value>
                <![CDATA[public void com.volvo.project.tests.InternetTestSuiteDataProviderExampleLoginTest.successfulLoginArrayDataProviderTest(java.lang.String,java.lang.String)]]>
              </value>
            </param>
          </params>
          <reporter-output>
          </reporter-output>
        </test-method> <!-- logEndTestExecutionAfterMethod -->
        <test-method status="PASS" signature="logStartTestExecutionBeforeMethod(java.lang.reflect.Method)[pri:0, instance:com.volvo.project.tests.InternetTestSuiteDataProviderExampleLoginTest@445b295b]" name="logStartTestExecutionBeforeMethod" is-config="true" duration-ms="3595" started-at="2018-10-12T13:44:39Z" finished-at="2018-10-12T13:44:43Z">
          <params>
            <param index="0">
              <value>
                <![CDATA[public void com.volvo.project.tests.InternetTestSuiteDataProviderExampleLoginTest.successfulLoginArrayDataProviderTest(java.lang.String,java.lang.String)]]>
              </value>
            </param>
          </params>
          <reporter-output>
          </reporter-output>
        </test-method> <!-- logStartTestExecutionBeforeMethod -->
        <test-method groups="regression, login" status="FAIL" signature="successfulLoginArrayDataProviderTest(java.lang.String, java.lang.String)[pri:0, instance:com.volvo.project.tests.InternetTestSuiteDataProviderExampleLoginTest@445b295b]" name="successfulLoginArrayDataProviderTest" duration-ms="14231" started-at="2018-10-12T13:44:43Z" data-provider="getDataFromFile" finished-at="2018-10-12T13:44:57Z">
          <params>
            <param index="0">
              <value>
                <![CDATA[tomsmith12]]>
              </value>
            </param>
            <param index="1">
              <value>
                <![CDATA[SuperSecretPass$#@]]>
              </value>
            </param>
          </params>
          <exception class="java.lang.AssertionError">
            <message>
              <![CDATA[
Expecting:
 <false>
to be equal to:
 <true>
but was not.]]>
            </message>
            <full-stacktrace>
              <![CDATA[java.lang.AssertionError: 
Expecting:
 <false>
to be equal to:
 <true>
but was not.
	at com.volvo.project.tests.InternetTestSuiteDataProviderExampleLoginTest.successfulLoginArrayDataProviderTest(InternetTestSuiteDataProviderExampleLoginTest.java:24)
	at sun.reflect.NativeMethodAccessorImpl.invoke0(Native Method)
	at sun.reflect.NativeMethodAccessorImpl.invoke(NativeMethodAccessorImpl.java:62)
	at sun.reflect.DelegatingMethodAccessorImpl.invoke(DelegatingMethodAccessorImpl.java:43)
	at java.lang.reflect.Method.invoke(Method.java:498)
	at org.testng.internal.MethodInvocationHelper.invokeMethod(MethodInvocationHelper.java:108)
	at org.testng.internal.Invoker.invokeMethod(Invoker.java:661)
	at org.testng.internal.Invoker.invokeTestMethod(Invoker.java:869)
	at org.testng.internal.Invoker.invokeTestMethods(Invoker.java:1193)
	at org.testng.internal.TestMethodWorker.invokeTestMethods(TestMethodWorker.java:126)
	at org.testng.internal.TestMethodWorker.run(TestMethodWorker.java:109)
	at org.testng.TestRunner.privateRun(TestRunner.java:744)
	at org.testng.TestRunner.run(TestRunner.java:602)
	at org.testng.SuiteRunner.runTest(SuiteRunner.java:380)
	at org.testng.SuiteRunner.runSequentially(SuiteRunner.java:375)
	at org.testng.SuiteRunner.privateRun(SuiteRunner.java:340)
	at org.testng.SuiteRunner.run(SuiteRunner.java:289)
	at org.testng.SuiteRunnerWorker.runSuite(SuiteRunnerWorker.java:52)
	at org.testng.SuiteRunnerWorker.run(SuiteRunnerWorker.java:86)
	at org.testng.TestNG.runSuitesSequentially(TestNG.java:1301)
	at org.testng.TestNG.runSuitesLocally(TestNG.java:1226)
	at org.testng.TestNG.runSuites(TestNG.java:1144)
	at org.testng.TestNG.run(TestNG.java:1115)
	at org.apache.maven.surefire.testng.TestNGExecutor.run(TestNGExecutor.java:281)
	at org.apache.maven.surefire.testng.TestNGXmlTestSuite.execute(TestNGXmlTestSuite.java:75)
	at org.apache.maven.surefire.testng.TestNGProvider.invoke(TestNGProvider.java:121)
	at org.apache.maven.surefire.booter.ForkedBooter.invokeProviderInSameClassLoader(ForkedBooter.java:290)
	at org.apache.maven.surefire.booter.ForkedBooter.runSuitesInProcess(ForkedBooter.java:242)
	at org.apache.maven.surefire.booter.ForkedBooter.main(ForkedBooter.java:121)
]]>
            </full-stacktrace>
          </exception> <!-- java.lang.AssertionError -->
          <reporter-output>
          </reporter-output>
          <attributes>
            <attribute name="test">
              <![CDATA[INTERNET-75]]>
            </attribute> <!-- test -->
            <attribute name="requirement">
              <![CDATA[]]>
            </attribute> <!-- requirement -->
            <attribute name="labels">
              <![CDATA[Label2]]>
            </attribute> <!-- labels -->
          </attributes>
        </test-method> <!-- successfulLoginArrayDataProviderTest -->
        <test-method status="PASS" signature="logEndTestExecutionAfterMethod(org.testng.ITestResult, java.lang.reflect.Method)[pri:0, instance:com.volvo.project.tests.InternetTestSuiteDataProviderExampleLoginTest@445b295b]" name="logEndTestExecutionAfterMethod" is-config="true" duration-ms="1071" started-at="2018-10-12T13:44:57Z" finished-at="2018-10-12T13:44:58Z">
          <params>
            <param index="0">
              <value>
                <![CDATA[[TestResult name=successfulLoginArrayDataProviderTest status=FAILURE method=InternetTestSuiteDataProviderExampleLoginTest.successfulLoginArrayDataProviderTest(java.lang.String, java.lang.String)[pri:0, instance:com.volvo.project.tests.InternetTestSuiteDataProviderExampleLoginTest@445b295b] output={null}]]]>
              </value>
            </param>
            <param index="1">
              <value>
                <![CDATA[public void com.volvo.project.tests.InternetTestSuiteDataProviderExampleLoginTest.successfulLoginArrayDataProviderTest(java.lang.String,java.lang.String)]]>
              </value>
            </param>
          </params>
          <reporter-output>
          </reporter-output>
        </test-method> <!-- logEndTestExecutionAfterMethod -->
        <test-method status="PASS" signature="logStartTestExecutionBeforeMethod(java.lang.reflect.Method)[pri:0, instance:com.volvo.project.tests.InternetTestSuiteDataProviderExampleLoginTest@445b295b]" name="logStartTestExecutionBeforeMethod" is-config="true" duration-ms="4247" started-at="2018-10-12T13:44:58Z" finished-at="2018-10-12T13:45:02Z">
          <params>
            <param index="0">
              <value>
                <![CDATA[public void com.volvo.project.tests.InternetTestSuiteDataProviderExampleLoginTest.successfulLoginArrayDataProviderTest(java.lang.String,java.lang.String)]]>
              </value>
            </param>
          </params>
          <reporter-output>
          </reporter-output>
        </test-method> <!-- logStartTestExecutionBeforeMethod -->
        <test-method groups="regression, login" status="FAIL" signature="successfulLoginArrayDataProviderTest(java.lang.String, java.lang.String)[pri:0, instance:com.volvo.project.tests.InternetTestSuiteDataProviderExampleLoginTest@445b295b]" name="successfulLoginArrayDataProviderTest" duration-ms="14927" started-at="2018-10-12T13:45:02Z" data-provider="getDataFromFile" finished-at="2018-10-12T13:45:17Z">
          <params>
            <param index="0">
              <value>
                <![CDATA[tomsmith13]]>
              </value>
            </param>
            <param index="1">
              <value>
                <![CDATA[SuperSecretPass$#@]]>
              </value>
            </param>
          </params>
          <exception class="java.lang.AssertionError">
            <message>
              <![CDATA[
Expecting:
 <false>
to be equal to:
 <true>
but was not.]]>
            </message>
            <full-stacktrace>
              <![CDATA[java.lang.AssertionError: 
Expecting:
 <false>
to be equal to:
 <true>
but was not.
	at com.volvo.project.tests.InternetTestSuiteDataProviderExampleLoginTest.successfulLoginArrayDataProviderTest(InternetTestSuiteDataProviderExampleLoginTest.java:24)
	at sun.reflect.NativeMethodAccessorImpl.invoke0(Native Method)
	at sun.reflect.NativeMethodAccessorImpl.invoke(NativeMethodAccessorImpl.java:62)
	at sun.reflect.DelegatingMethodAccessorImpl.invoke(DelegatingMethodAccessorImpl.java:43)
	at java.lang.reflect.Method.invoke(Method.java:498)
	at org.testng.internal.MethodInvocationHelper.invokeMethod(MethodInvocationHelper.java:108)
	at org.testng.internal.Invoker.invokeMethod(Invoker.java:661)
	at org.testng.internal.Invoker.invokeTestMethod(Invoker.java:869)
	at org.testng.internal.Invoker.invokeTestMethods(Invoker.java:1193)
	at org.testng.internal.TestMethodWorker.invokeTestMethods(TestMethodWorker.java:126)
	at org.testng.internal.TestMethodWorker.run(TestMethodWorker.java:109)
	at org.testng.TestRunner.privateRun(TestRunner.java:744)
	at org.testng.TestRunner.run(TestRunner.java:602)
	at org.testng.SuiteRunner.runTest(SuiteRunner.java:380)
	at org.testng.SuiteRunner.runSequentially(SuiteRunner.java:375)
	at org.testng.SuiteRunner.privateRun(SuiteRunner.java:340)
	at org.testng.SuiteRunner.run(SuiteRunner.java:289)
	at org.testng.SuiteRunnerWorker.runSuite(SuiteRunnerWorker.java:52)
	at org.testng.SuiteRunnerWorker.run(SuiteRunnerWorker.java:86)
	at org.testng.TestNG.runSuitesSequentially(TestNG.java:1301)
	at org.testng.TestNG.runSuitesLocally(TestNG.java:1226)
	at org.testng.TestNG.runSuites(TestNG.java:1144)
	at org.testng.TestNG.run(TestNG.java:1115)
	at org.apache.maven.surefire.testng.TestNGExecutor.run(TestNGExecutor.java:281)
	at org.apache.maven.surefire.testng.TestNGXmlTestSuite.execute(TestNGXmlTestSuite.java:75)
	at org.apache.maven.surefire.testng.TestNGProvider.invoke(TestNGProvider.java:121)
	at org.apache.maven.surefire.booter.ForkedBooter.invokeProviderInSameClassLoader(ForkedBooter.java:290)
	at org.apache.maven.surefire.booter.ForkedBooter.runSuitesInProcess(ForkedBooter.java:242)
	at org.apache.maven.surefire.booter.ForkedBooter.main(ForkedBooter.java:121)
]]>
            </full-stacktrace>
          </exception> <!-- java.lang.AssertionError -->
          <reporter-output>
          </reporter-output>
          <attributes>
            <attribute name="test">
              <![CDATA[INTERNET-75]]>
            </attribute> <!-- test -->
            <attribute name="requirement">
              <![CDATA[]]>
            </attribute> <!-- requirement -->
            <attribute name="labels">
              <![CDATA[Label2]]>
            </attribute> <!-- labels -->
          </attributes>
        </test-method> <!-- successfulLoginArrayDataProviderTest -->
        <test-method status="PASS" signature="logEndTestExecutionAfterMethod(org.testng.ITestResult, java.lang.reflect.Method)[pri:0, instance:com.volvo.project.tests.InternetTestSuiteDataProviderExampleLoginTest@445b295b]" name="logEndTestExecutionAfterMethod" is-config="true" duration-ms="1136" started-at="2018-10-12T13:45:17Z" finished-at="2018-10-12T13:45:18Z">
          <params>
            <param index="0">
              <value>
                <![CDATA[[TestResult name=successfulLoginArrayDataProviderTest status=FAILURE method=InternetTestSuiteDataProviderExampleLoginTest.successfulLoginArrayDataProviderTest(java.lang.String, java.lang.String)[pri:0, instance:com.volvo.project.tests.InternetTestSuiteDataProviderExampleLoginTest@445b295b] output={null}]]]>
              </value>
            </param>
            <param index="1">
              <value>
                <![CDATA[public void com.volvo.project.tests.InternetTestSuiteDataProviderExampleLoginTest.successfulLoginArrayDataProviderTest(java.lang.String,java.lang.String)]]>
              </value>
            </param>
          </params>
          <reporter-output>
          </reporter-output>
        </test-method> <!-- logEndTestExecutionAfterMethod -->
        <test-method status="PASS" signature="logStartTestExecutionBeforeMethod(java.lang.reflect.Method)[pri:0, instance:com.volvo.project.tests.InternetTestSuiteDataProviderExampleLoginTest@445b295b]" name="logStartTestExecutionBeforeMethod" is-config="true" duration-ms="3665" started-at="2018-10-12T13:45:18Z" finished-at="2018-10-12T13:45:22Z">
          <params>
            <param index="0">
              <value>
                <![CDATA[public void com.volvo.project.tests.InternetTestSuiteDataProviderExampleLoginTest.unsuccessLogiExcelDataProviderTabTest(java.lang.String,java.lang.String,java.lang.String,java.lang.String)]]>
              </value>
            </param>
          </params>
          <reporter-output>
          </reporter-output>
        </test-method> <!-- logStartTestExecutionBeforeMethod -->
        <test-method groups="regression, login" status="PASS" signature="unsuccessLogiExcelDataProviderTabTest(java.lang.String, java.lang.String, java.lang.String, java.lang.String)[pri:0, instance:com.volvo.project.tests.InternetTestSuiteDataProviderExampleLoginTest@445b295b]" name="unsuccessLogiExcelDataProviderTabTest" duration-ms="14370" started-at="2018-10-12T13:45:22Z" data-provider="getExcelDataFromFile" finished-at="2018-10-12T13:45:36Z">
          <params>
            <param index="0">
              <value>
                <![CDATA[A123]]>
              </value>
            </param>
            <param index="1">
              <value>
                <![CDATA[Tester15]]>
              </value>
            </param>
            <param index="2">
              <value>
                <![CDATA[]]>
              </value>
            </param>
            <param index="3">
              <value>
                <![CDATA[col4]]>
              </value>
            </param>
          </params>
          <reporter-output>
          </reporter-output>
        </test-method> <!-- unsuccessLogiExcelDataProviderTabTest -->
        <test-method status="PASS" signature="logEndTestExecutionAfterMethod(org.testng.ITestResult, java.lang.reflect.Method)[pri:0, instance:com.volvo.project.tests.InternetTestSuiteDataProviderExampleLoginTest@445b295b]" name="logEndTestExecutionAfterMethod" is-config="true" duration-ms="1303" started-at="2018-10-12T13:45:36Z" finished-at="2018-10-12T13:45:38Z">
          <params>
            <param index="0">
              <value>
                <![CDATA[[TestResult name=unsuccessLogiExcelDataProviderTabTest status=SUCCESS method=InternetTestSuiteDataProviderExampleLoginTest.unsuccessLogiExcelDataProviderTabTest(java.lang.String, java.lang.String, java.lang.String, java.lang.String)[pri:0, instance:com.volvo.project.tests.InternetTestSuiteDataProviderExampleLoginTest@445b295b] output={null}]]]>
              </value>
            </param>
            <param index="1">
              <value>
                <![CDATA[public void com.volvo.project.tests.InternetTestSuiteDataProviderExampleLoginTest.unsuccessLogiExcelDataProviderTabTest(java.lang.String,java.lang.String,java.lang.String,java.lang.String)]]>
              </value>
            </param>
          </params>
          <reporter-output>
          </reporter-output>
        </test-method> <!-- logEndTestExecutionAfterMethod -->
        <test-method status="PASS" signature="logStartTestExecutionBeforeMethod(java.lang.reflect.Method)[pri:0, instance:com.volvo.project.tests.InternetTestSuiteDataProviderExampleLoginTest@445b295b]" name="logStartTestExecutionBeforeMethod" is-config="true" duration-ms="3646" started-at="2018-10-12T13:45:38Z" finished-at="2018-10-12T13:45:41Z">
          <params>
            <param index="0">
              <value>
                <![CDATA[public void com.volvo.project.tests.InternetTestSuiteDataProviderExampleLoginTest.unsuccessLogiExcelDataProviderTabTest(java.lang.String,java.lang.String,java.lang.String,java.lang.String)]]>
              </value>
            </param>
          </params>
          <reporter-output>
          </reporter-output>
        </test-method> <!-- logStartTestExecutionBeforeMethod -->
        <test-method groups="regression, login" status="PASS" signature="unsuccessLogiExcelDataProviderTabTest(java.lang.String, java.lang.String, java.lang.String, java.lang.String)[pri:0, instance:com.volvo.project.tests.InternetTestSuiteDataProviderExampleLoginTest@445b295b]" name="unsuccessLogiExcelDataProviderTabTest" duration-ms="15094" started-at="2018-10-12T13:45:41Z" data-provider="getExcelDataFromFile" finished-at="2018-10-12T13:45:57Z">
          <params>
            <param index="0">
              <value>
                <![CDATA[M960]]>
              </value>
            </param>
            <param index="1">
              <value>
                <![CDATA[Tester15]]>
              </value>
            </param>
            <param index="2">
              <value>
                <![CDATA[col3]]>
              </value>
            </param>
            <param index="3">
              <value>
                <![CDATA[]]>
              </value>
            </param>
          </params>
          <reporter-output>
          </reporter-output>
        </test-method> <!-- unsuccessLogiExcelDataProviderTabTest -->
        <test-method status="PASS" signature="logEndTestExecutionAfterMethod(org.testng.ITestResult, java.lang.reflect.Method)[pri:0, instance:com.volvo.project.tests.InternetTestSuiteDataProviderExampleLoginTest@445b295b]" name="logEndTestExecutionAfterMethod" is-config="true" duration-ms="838" started-at="2018-10-12T13:45:57Z" finished-at="2018-10-12T13:45:57Z">
          <params>
            <param index="0">
              <value>
                <![CDATA[[TestResult name=unsuccessLogiExcelDataProviderTabTest status=SUCCESS method=InternetTestSuiteDataProviderExampleLoginTest.unsuccessLogiExcelDataProviderTabTest(java.lang.String, java.lang.String, java.lang.String, java.lang.String)[pri:0, instance:com.volvo.project.tests.InternetTestSuiteDataProviderExampleLoginTest@445b295b] output={null}]]]>
              </value>
            </param>
            <param index="1">
              <value>
                <![CDATA[public void com.volvo.project.tests.InternetTestSuiteDataProviderExampleLoginTest.unsuccessLogiExcelDataProviderTabTest(java.lang.String,java.lang.String,java.lang.String,java.lang.String)]]>
              </value>
            </param>
          </params>
          <reporter-output>
          </reporter-output>
        </test-method> <!-- logEndTestExecutionAfterMethod -->
        <test-method status="PASS" signature="logStartTestExecutionBeforeMethod(java.lang.reflect.Method)[pri:0, instance:com.volvo.project.tests.InternetTestSuiteDataProviderExampleLoginTest@445b295b]" name="logStartTestExecutionBeforeMethod" is-config="true" duration-ms="3496" started-at="2018-10-12T13:45:57Z" finished-at="2018-10-12T13:46:01Z">
          <params>
            <param index="0">
              <value>
                <![CDATA[public void com.volvo.project.tests.InternetTestSuiteDataProviderExampleLoginTest.unsuccessLogiExcelDataProviderTabTest(java.lang.String,java.lang.String,java.lang.String,java.lang.String)]]>
              </value>
            </param>
          </params>
          <reporter-output>
          </reporter-output>
        </test-method> <!-- logStartTestExecutionBeforeMethod -->
        <test-method groups="regression, login" status="PASS" signature="unsuccessLogiExcelDataProviderTabTest(java.lang.String, java.lang.String, java.lang.String, java.lang.String)[pri:0, instance:com.volvo.project.tests.InternetTestSuiteDataProviderExampleLoginTest@445b295b]" name="unsuccessLogiExcelDataProviderTabTest" duration-ms="14401" started-at="2018-10-12T13:46:01Z" data-provider="getExcelDataFromFile" finished-at="2018-10-12T13:46:15Z">
          <params>
            <param index="0">
              <value>
                <![CDATA[M961]]>
              </value>
            </param>
            <param index="1">
              <value>
                <![CDATA[Tester16]]>
              </value>
            </param>
            <param index="2">
              <value>
                <![CDATA[]]>
              </value>
            </param>
            <param index="3">
              <value>
                <![CDATA[col4]]>
              </value>
            </param>
          </params>
          <reporter-output>
          </reporter-output>
        </test-method> <!-- unsuccessLogiExcelDataProviderTabTest -->
        <test-method status="PASS" signature="logEndTestExecutionAfterMethod(org.testng.ITestResult, java.lang.reflect.Method)[pri:0, instance:com.volvo.project.tests.InternetTestSuiteDataProviderExampleLoginTest@445b295b]" name="logEndTestExecutionAfterMethod" is-config="true" duration-ms="777" started-at="2018-10-12T13:46:15Z" finished-at="2018-10-12T13:46:16Z">
          <params>
            <param index="0">
              <value>
                <![CDATA[[TestResult name=unsuccessLogiExcelDataProviderTabTest status=SUCCESS method=InternetTestSuiteDataProviderExampleLoginTest.unsuccessLogiExcelDataProviderTabTest(java.lang.String, java.lang.String, java.lang.String, java.lang.String)[pri:0, instance:com.volvo.project.tests.InternetTestSuiteDataProviderExampleLoginTest@445b295b] output={null}]]]>
              </value>
            </param>
            <param index="1">
              <value>
                <![CDATA[public void com.volvo.project.tests.InternetTestSuiteDataProviderExampleLoginTest.unsuccessLogiExcelDataProviderTabTest(java.lang.String,java.lang.String,java.lang.String,java.lang.String)]]>
              </value>
            </param>
          </params>
          <reporter-output>
          </reporter-output>
        </test-method> <!-- logEndTestExecutionAfterMethod -->
        <test-method status="PASS" signature="logStartTestExecutionBeforeMethod(java.lang.reflect.Method)[pri:0, instance:com.volvo.project.tests.InternetTestSuiteDataProviderExampleLoginTest@445b295b]" name="logStartTestExecutionBeforeMethod" is-config="true" duration-ms="3580" started-at="2018-10-12T13:46:16Z" finished-at="2018-10-12T13:46:20Z">
          <params>
            <param index="0">
              <value>
                <![CDATA[public void com.volvo.project.tests.InternetTestSuiteDataProviderExampleLoginTest.unsuccessLogiExcelDataProviderTabTest(java.lang.String,java.lang.String,java.lang.String,java.lang.String)]]>
              </value>
            </param>
          </params>
          <reporter-output>
          </reporter-output>
        </test-method> <!-- logStartTestExecutionBeforeMethod -->
        <test-method groups="regression, login" status="PASS" signature="unsuccessLogiExcelDataProviderTabTest(java.lang.String, java.lang.String, java.lang.String, java.lang.String)[pri:0, instance:com.volvo.project.tests.InternetTestSuiteDataProviderExampleLoginTest@445b295b]" name="unsuccessLogiExcelDataProviderTabTest" duration-ms="13961" started-at="2018-10-12T13:46:20Z" data-provider="getExcelDataFromFile" finished-at="2018-10-12T13:46:34Z">
          <params>
            <param index="0">
              <value>
                <![CDATA[M962]]>
              </value>
            </param>
            <param index="1">
              <value>
                <![CDATA[Tester17]]>
              </value>
            </param>
            <param index="2">
              <value>
                <![CDATA[col3]]>
              </value>
            </param>
            <param index="3">
              <value>
                <![CDATA[]]>
              </value>
            </param>
          </params>
          <reporter-output>
          </reporter-output>
        </test-method> <!-- unsuccessLogiExcelDataProviderTabTest -->
        <test-method status="PASS" signature="logEndTestExecutionAfterMethod(org.testng.ITestResult, java.lang.reflect.Method)[pri:0, instance:com.volvo.project.tests.InternetTestSuiteDataProviderExampleLoginTest@445b295b]" name="logEndTestExecutionAfterMethod" is-config="true" duration-ms="746" started-at="2018-10-12T13:46:34Z" finished-at="2018-10-12T13:46:34Z">
          <params>
            <param index="0">
              <value>
                <![CDATA[[TestResult name=unsuccessLogiExcelDataProviderTabTest status=SUCCESS method=InternetTestSuiteDataProviderExampleLoginTest.unsuccessLogiExcelDataProviderTabTest(java.lang.String, java.lang.String, java.lang.String, java.lang.String)[pri:0, instance:com.volvo.project.tests.InternetTestSuiteDataProviderExampleLoginTest@445b295b] output={null}]]]>
              </value>
            </param>
            <param index="1">
              <value>
                <![CDATA[public void com.volvo.project.tests.InternetTestSuiteDataProviderExampleLoginTest.unsuccessLogiExcelDataProviderTabTest(java.lang.String,java.lang.String,java.lang.String,java.lang.String)]]>
              </value>
            </param>
          </params>
          <reporter-output>
          </reporter-output>
        </test-method> <!-- logEndTestExecutionAfterMethod -->
        <test-method status="PASS" signature="logStartTestExecutionBeforeMethod(java.lang.reflect.Method)[pri:0, instance:com.volvo.project.tests.InternetTestSuiteDataProviderExampleLoginTest@445b295b]" name="logStartTestExecutionBeforeMethod" is-config="true" duration-ms="3631" started-at="2018-10-12T13:46:34Z" finished-at="2018-10-12T13:46:38Z">
          <params>
            <param index="0">
              <value>
                <![CDATA[public void com.volvo.project.tests.InternetTestSuiteDataProviderExampleLoginTest.unsuccessLogiExcelDataProviderTabTest(java.lang.String,java.lang.String,java.lang.String,java.lang.String)]]>
              </value>
            </param>
          </params>
          <reporter-output>
          </reporter-output>
        </test-method> <!-- logStartTestExecutionBeforeMethod -->
        <test-method groups="regression, login" status="PASS" signature="unsuccessLogiExcelDataProviderTabTest(java.lang.String, java.lang.String, java.lang.String, java.lang.String)[pri:0, instance:com.volvo.project.tests.InternetTestSuiteDataProviderExampleLoginTest@445b295b]" name="unsuccessLogiExcelDataProviderTabTest" duration-ms="13829" started-at="2018-10-12T13:46:38Z" data-provider="getExcelDataFromFile" finished-at="2018-10-12T13:46:52Z">
          <params>
            <param index="0">
              <value>
                <![CDATA[A124]]>
              </value>
            </param>
            <param index="1">
              <value>
                <![CDATA[Tester15]]>
              </value>
            </param>
            <param index="2">
              <value>
                <![CDATA[]]>
              </value>
            </param>
            <param index="3">
              <value>
                <![CDATA[col4]]>
              </value>
            </param>
          </params>
          <reporter-output>
          </reporter-output>
        </test-method> <!-- unsuccessLogiExcelDataProviderTabTest -->
        <test-method status="PASS" signature="logEndTestExecutionAfterMethod(org.testng.ITestResult, java.lang.reflect.Method)[pri:0, instance:com.volvo.project.tests.InternetTestSuiteDataProviderExampleLoginTest@445b295b]" name="logEndTestExecutionAfterMethod" is-config="true" duration-ms="831" started-at="2018-10-12T13:46:52Z" finished-at="2018-10-12T13:46:53Z">
          <params>
            <param index="0">
              <value>
                <![CDATA[[TestResult name=unsuccessLogiExcelDataProviderTabTest status=SUCCESS method=InternetTestSuiteDataProviderExampleLoginTest.unsuccessLogiExcelDataProviderTabTest(java.lang.String, java.lang.String, java.lang.String, java.lang.String)[pri:0, instance:com.volvo.project.tests.InternetTestSuiteDataProviderExampleLoginTest@445b295b] output={null}]]]>
              </value>
            </param>
            <param index="1">
              <value>
                <![CDATA[public void com.volvo.project.tests.InternetTestSuiteDataProviderExampleLoginTest.unsuccessLogiExcelDataProviderTabTest(java.lang.String,java.lang.String,java.lang.String,java.lang.String)]]>
              </value>
            </param>
          </params>
          <reporter-output>
          </reporter-output>
        </test-method> <!-- logEndTestExecutionAfterMethod -->
        <test-method status="PASS" signature="logStartTestExecutionBeforeMethod(java.lang.reflect.Method)[pri:0, instance:com.volvo.project.tests.InternetTestSuiteDataProviderExampleLoginTest@445b295b]" name="logStartTestExecutionBeforeMethod" is-config="true" duration-ms="3629" started-at="2018-10-12T13:46:53Z" finished-at="2018-10-12T13:46:56Z">
          <params>
            <param index="0">
              <value>
                <![CDATA[public void com.volvo.project.tests.InternetTestSuiteDataProviderExampleLoginTest.unsuccessLogiExcelDataProviderTabTest(java.lang.String,java.lang.String,java.lang.String,java.lang.String)]]>
              </value>
            </param>
          </params>
          <reporter-output>
          </reporter-output>
        </test-method> <!-- logStartTestExecutionBeforeMethod -->
        <test-method groups="regression, login" status="PASS" signature="unsuccessLogiExcelDataProviderTabTest(java.lang.String, java.lang.String, java.lang.String, java.lang.String)[pri:0, instance:com.volvo.project.tests.InternetTestSuiteDataProviderExampleLoginTest@445b295b]" name="unsuccessLogiExcelDataProviderTabTest" duration-ms="14607" started-at="2018-10-12T13:46:56Z" data-provider="getExcelDataFromFile" finished-at="2018-10-12T13:47:11Z">
          <params>
            <param index="0">
              <value>
                <![CDATA[M963]]>
              </value>
            </param>
            <param index="1">
              <value>
                <![CDATA[Tester15]]>
              </value>
            </param>
            <param index="2">
              <value>
                <![CDATA[col3]]>
              </value>
            </param>
            <param index="3">
              <value>
                <![CDATA[]]>
              </value>
            </param>
          </params>
          <reporter-output>
          </reporter-output>
        </test-method> <!-- unsuccessLogiExcelDataProviderTabTest -->
        <test-method status="PASS" signature="logEndTestExecutionAfterMethod(org.testng.ITestResult, java.lang.reflect.Method)[pri:0, instance:com.volvo.project.tests.InternetTestSuiteDataProviderExampleLoginTest@445b295b]" name="logEndTestExecutionAfterMethod" is-config="true" duration-ms="765" started-at="2018-10-12T13:47:11Z" finished-at="2018-10-12T13:47:12Z">
          <params>
            <param index="0">
              <value>
                <![CDATA[[TestResult name=unsuccessLogiExcelDataProviderTabTest status=SUCCESS method=InternetTestSuiteDataProviderExampleLoginTest.unsuccessLogiExcelDataProviderTabTest(java.lang.String, java.lang.String, java.lang.String, java.lang.String)[pri:0, instance:com.volvo.project.tests.InternetTestSuiteDataProviderExampleLoginTest@445b295b] output={null}]]]>
              </value>
            </param>
            <param index="1">
              <value>
                <![CDATA[public void com.volvo.project.tests.InternetTestSuiteDataProviderExampleLoginTest.unsuccessLogiExcelDataProviderTabTest(java.lang.String,java.lang.String,java.lang.String,java.lang.String)]]>
              </value>
            </param>
          </params>
          <reporter-output>
          </reporter-output>
        </test-method> <!-- logEndTestExecutionAfterMethod -->
        <test-method status="PASS" signature="logStartTestExecutionBeforeMethod(java.lang.reflect.Method)[pri:0, instance:com.volvo.project.tests.InternetTestSuiteDataProviderExampleLoginTest@445b295b]" name="logStartTestExecutionBeforeMethod" is-config="true" duration-ms="3628" started-at="2018-10-12T13:47:12Z" finished-at="2018-10-12T13:47:15Z">
          <params>
            <param index="0">
              <value>
                <![CDATA[public void com.volvo.project.tests.InternetTestSuiteDataProviderExampleLoginTest.unsuccessLogiExcelDataProviderTabTest(java.lang.String,java.lang.String,java.lang.String,java.lang.String)]]>
              </value>
            </param>
          </params>
          <reporter-output>
          </reporter-output>
        </test-method> <!-- logStartTestExecutionBeforeMethod -->
        <test-method groups="regression, login" status="PASS" signature="unsuccessLogiExcelDataProviderTabTest(java.lang.String, java.lang.String, java.lang.String, java.lang.String)[pri:0, instance:com.volvo.project.tests.InternetTestSuiteDataProviderExampleLoginTest@445b295b]" name="unsuccessLogiExcelDataProviderTabTest" duration-ms="13907" started-at="2018-10-12T13:47:15Z" data-provider="getExcelDataFromFile" finished-at="2018-10-12T13:47:29Z">
          <params>
            <param index="0">
              <value>
                <![CDATA[M964]]>
              </value>
            </param>
            <param index="1">
              <value>
                <![CDATA[Tester16]]>
              </value>
            </param>
            <param index="2">
              <value>
                <![CDATA[]]>
              </value>
            </param>
            <param index="3">
              <value>
                <![CDATA[col4]]>
              </value>
            </param>
          </params>
          <reporter-output>
          </reporter-output>
        </test-method> <!-- unsuccessLogiExcelDataProviderTabTest -->
        <test-method status="PASS" signature="logEndTestExecutionAfterMethod(org.testng.ITestResult, java.lang.reflect.Method)[pri:0, instance:com.volvo.project.tests.InternetTestSuiteDataProviderExampleLoginTest@445b295b]" name="logEndTestExecutionAfterMethod" is-config="true" duration-ms="769" started-at="2018-10-12T13:47:29Z" finished-at="2018-10-12T13:47:30Z">
          <params>
            <param index="0">
              <value>
                <![CDATA[[TestResult name=unsuccessLogiExcelDataProviderTabTest status=SUCCESS method=InternetTestSuiteDataProviderExampleLoginTest.unsuccessLogiExcelDataProviderTabTest(java.lang.String, java.lang.String, java.lang.String, java.lang.String)[pri:0, instance:com.volvo.project.tests.InternetTestSuiteDataProviderExampleLoginTest@445b295b] output={null}]]]>
              </value>
            </param>
            <param index="1">
              <value>
                <![CDATA[public void com.volvo.project.tests.InternetTestSuiteDataProviderExampleLoginTest.unsuccessLogiExcelDataProviderTabTest(java.lang.String,java.lang.String,java.lang.String,java.lang.String)]]>
              </value>
            </param>
          </params>
          <reporter-output>
          </reporter-output>
        </test-method> <!-- logEndTestExecutionAfterMethod -->
        <test-method status="PASS" signature="logStartTestExecutionBeforeMethod(java.lang.reflect.Method)[pri:0, instance:com.volvo.project.tests.InternetTestSuiteDataProviderExampleLoginTest@445b295b]" name="logStartTestExecutionBeforeMethod" is-config="true" duration-ms="3480" started-at="2018-10-12T13:47:30Z" finished-at="2018-10-12T13:47:33Z">
          <params>
            <param index="0">
              <value>
                <![CDATA[public void com.volvo.project.tests.InternetTestSuiteDataProviderExampleLoginTest.unsuccessLogiExcelDataProviderTabTest(java.lang.String,java.lang.String,java.lang.String,java.lang.String)]]>
              </value>
            </param>
          </params>
          <reporter-output>
          </reporter-output>
        </test-method> <!-- logStartTestExecutionBeforeMethod -->
        <test-method groups="regression, login" status="PASS" signature="unsuccessLogiExcelDataProviderTabTest(java.lang.String, java.lang.String, java.lang.String, java.lang.String)[pri:0, instance:com.volvo.project.tests.InternetTestSuiteDataProviderExampleLoginTest@445b295b]" name="unsuccessLogiExcelDataProviderTabTest" duration-ms="19807" started-at="2018-10-12T13:47:33Z" data-provider="getExcelDataFromFile" finished-at="2018-10-12T13:47:53Z">
          <params>
            <param index="0">
              <value>
                <![CDATA[M965]]>
              </value>
            </param>
            <param index="1">
              <value>
                <![CDATA[Tester17]]>
              </value>
            </param>
            <param index="2">
              <value>
                <![CDATA[col3]]>
              </value>
            </param>
            <param index="3">
              <value>
                <![CDATA[]]>
              </value>
            </param>
          </params>
          <reporter-output>
          </reporter-output>
        </test-method> <!-- unsuccessLogiExcelDataProviderTabTest -->
        <test-method status="PASS" signature="logEndTestExecutionAfterMethod(org.testng.ITestResult, java.lang.reflect.Method)[pri:0, instance:com.volvo.project.tests.InternetTestSuiteDataProviderExampleLoginTest@445b295b]" name="logEndTestExecutionAfterMethod" is-config="true" duration-ms="757" started-at="2018-10-12T13:47:53Z" finished-at="2018-10-12T13:47:54Z">
          <params>
            <param index="0">
              <value>
                <![CDATA[[TestResult name=unsuccessLogiExcelDataProviderTabTest status=SUCCESS method=InternetTestSuiteDataProviderExampleLoginTest.unsuccessLogiExcelDataProviderTabTest(java.lang.String, java.lang.String, java.lang.String, java.lang.String)[pri:0, instance:com.volvo.project.tests.InternetTestSuiteDataProviderExampleLoginTest@445b295b] output={null}]]]>
              </value>
            </param>
            <param index="1">
              <value>
                <![CDATA[public void com.volvo.project.tests.InternetTestSuiteDataProviderExampleLoginTest.unsuccessLogiExcelDataProviderTabTest(java.lang.String,java.lang.String,java.lang.String,java.lang.String)]]>
              </value>
            </param>
          </params>
          <reporter-output>
          </reporter-output>
        </test-method> <!-- logEndTestExecutionAfterMethod -->
        <test-method status="PASS" signature="logStartTestExecutionBeforeMethod(java.lang.reflect.Method)[pri:0, instance:com.volvo.project.tests.InternetTestSuiteDataProviderExampleLoginTest@445b295b]" name="logStartTestExecutionBeforeMethod" is-config="true" duration-ms="3536" started-at="2018-10-12T13:47:54Z" finished-at="2018-10-12T13:47:57Z">
          <params>
            <param index="0">
              <value>
                <![CDATA[public void com.volvo.project.tests.InternetTestSuiteDataProviderExampleLoginTest.unsuccessLogiExcelDataProviderTabTest(java.lang.String,java.lang.String,java.lang.String,java.lang.String)]]>
              </value>
            </param>
          </params>
          <reporter-output>
          </reporter-output>
        </test-method> <!-- logStartTestExecutionBeforeMethod -->
        <test-method groups="regression, login" status="PASS" signature="unsuccessLogiExcelDataProviderTabTest(java.lang.String, java.lang.String, java.lang.String, java.lang.String)[pri:0, instance:com.volvo.project.tests.InternetTestSuiteDataProviderExampleLoginTest@445b295b]" name="unsuccessLogiExcelDataProviderTabTest" duration-ms="15867" started-at="2018-10-12T13:47:57Z" data-provider="getExcelDataFromFile" finished-at="2018-10-12T13:48:13Z">
          <params>
            <param index="0">
              <value>
                <![CDATA[A125]]>
              </value>
            </param>
            <param index="1">
              <value>
                <![CDATA[Tester15]]>
              </value>
            </param>
            <param index="2">
              <value>
                <![CDATA[]]>
              </value>
            </param>
            <param index="3">
              <value>
                <![CDATA[col4]]>
              </value>
            </param>
          </params>
          <reporter-output>
          </reporter-output>
        </test-method> <!-- unsuccessLogiExcelDataProviderTabTest -->
        <test-method status="PASS" signature="logEndTestExecutionAfterMethod(org.testng.ITestResult, java.lang.reflect.Method)[pri:0, instance:com.volvo.project.tests.InternetTestSuiteDataProviderExampleLoginTest@445b295b]" name="logEndTestExecutionAfterMethod" is-config="true" duration-ms="774" started-at="2018-10-12T13:48:13Z" finished-at="2018-10-12T13:48:14Z">
          <params>
            <param index="0">
              <value>
                <![CDATA[[TestResult name=unsuccessLogiExcelDataProviderTabTest status=SUCCESS method=InternetTestSuiteDataProviderExampleLoginTest.unsuccessLogiExcelDataProviderTabTest(java.lang.String, java.lang.String, java.lang.String, java.lang.String)[pri:0, instance:com.volvo.project.tests.InternetTestSuiteDataProviderExampleLoginTest@445b295b] output={null}]]]>
              </value>
            </param>
            <param index="1">
              <value>
                <![CDATA[public void com.volvo.project.tests.InternetTestSuiteDataProviderExampleLoginTest.unsuccessLogiExcelDataProviderTabTest(java.lang.String,java.lang.String,java.lang.String,java.lang.String)]]>
              </value>
            </param>
          </params>
          <reporter-output>
          </reporter-output>
        </test-method> <!-- logEndTestExecutionAfterMethod -->
        <test-method status="PASS" signature="logStartTestExecutionBeforeMethod(java.lang.reflect.Method)[pri:0, instance:com.volvo.project.tests.InternetTestSuiteDataProviderExampleLoginTest@445b295b]" name="logStartTestExecutionBeforeMethod" is-config="true" duration-ms="3642" started-at="2018-10-12T13:48:14Z" finished-at="2018-10-12T13:48:18Z">
          <params>
            <param index="0">
              <value>
                <![CDATA[public void com.volvo.project.tests.InternetTestSuiteDataProviderExampleLoginTest.unsuccessLogiExcelDataProviderTabTest(java.lang.String,java.lang.String,java.lang.String,java.lang.String)]]>
              </value>
            </param>
          </params>
          <reporter-output>
          </reporter-output>
        </test-method> <!-- logStartTestExecutionBeforeMethod -->
        <test-method groups="regression, login" status="PASS" signature="unsuccessLogiExcelDataProviderTabTest(java.lang.String, java.lang.String, java.lang.String, java.lang.String)[pri:0, instance:com.volvo.project.tests.InternetTestSuiteDataProviderExampleLoginTest@445b295b]" name="unsuccessLogiExcelDataProviderTabTest" duration-ms="14538" started-at="2018-10-12T13:48:18Z" data-provider="getExcelDataFromFile" finished-at="2018-10-12T13:48:32Z">
          <params>
            <param index="0">
              <value>
                <![CDATA[M966]]>
              </value>
            </param>
            <param index="1">
              <value>
                <![CDATA[Tester15]]>
              </value>
            </param>
            <param index="2">
              <value>
                <![CDATA[col3]]>
              </value>
            </param>
            <param index="3">
              <value>
                <![CDATA[]]>
              </value>
            </param>
          </params>
          <reporter-output>
          </reporter-output>
        </test-method> <!-- unsuccessLogiExcelDataProviderTabTest -->
        <test-method status="PASS" signature="logEndTestExecutionAfterMethod(org.testng.ITestResult, java.lang.reflect.Method)[pri:0, instance:com.volvo.project.tests.InternetTestSuiteDataProviderExampleLoginTest@445b295b]" name="logEndTestExecutionAfterMethod" is-config="true" duration-ms="789" started-at="2018-10-12T13:48:32Z" finished-at="2018-10-12T13:48:33Z">
          <params>
            <param index="0">
              <value>
                <![CDATA[[TestResult name=unsuccessLogiExcelDataProviderTabTest status=SUCCESS method=InternetTestSuiteDataProviderExampleLoginTest.unsuccessLogiExcelDataProviderTabTest(java.lang.String, java.lang.String, java.lang.String, java.lang.String)[pri:0, instance:com.volvo.project.tests.InternetTestSuiteDataProviderExampleLoginTest@445b295b] output={null}]]]>
              </value>
            </param>
            <param index="1">
              <value>
                <![CDATA[public void com.volvo.project.tests.InternetTestSuiteDataProviderExampleLoginTest.unsuccessLogiExcelDataProviderTabTest(java.lang.String,java.lang.String,java.lang.String,java.lang.String)]]>
              </value>
            </param>
          </params>
          <reporter-output>
          </reporter-output>
        </test-method> <!-- logEndTestExecutionAfterMethod -->
        <test-method status="PASS" signature="logStartTestExecutionBeforeMethod(java.lang.reflect.Method)[pri:0, instance:com.volvo.project.tests.InternetTestSuiteDataProviderExampleLoginTest@445b295b]" name="logStartTestExecutionBeforeMethod" is-config="true" duration-ms="3641" started-at="2018-10-12T13:48:33Z" finished-at="2018-10-12T13:48:37Z">
          <params>
            <param index="0">
              <value>
                <![CDATA[public void com.volvo.project.tests.InternetTestSuiteDataProviderExampleLoginTest.unsuccessLogiExcelDataProviderTabTest(java.lang.String,java.lang.String,java.lang.String,java.lang.String)]]>
              </value>
            </param>
          </params>
          <reporter-output>
          </reporter-output>
        </test-method> <!-- logStartTestExecutionBeforeMethod -->
        <test-method groups="regression, login" status="PASS" signature="unsuccessLogiExcelDataProviderTabTest(java.lang.String, java.lang.String, java.lang.String, java.lang.String)[pri:0, instance:com.volvo.project.tests.InternetTestSuiteDataProviderExampleLoginTest@445b295b]" name="unsuccessLogiExcelDataProviderTabTest" duration-ms="20464" started-at="2018-10-12T13:48:37Z" data-provider="getExcelDataFromFile" finished-at="2018-10-12T13:48:57Z">
          <params>
            <param index="0">
              <value>
                <![CDATA[M967]]>
              </value>
            </param>
            <param index="1">
              <value>
                <![CDATA[Tester16]]>
              </value>
            </param>
            <param index="2">
              <value>
                <![CDATA[]]>
              </value>
            </param>
            <param index="3">
              <value>
                <![CDATA[col4]]>
              </value>
            </param>
          </params>
          <reporter-output>
          </reporter-output>
        </test-method> <!-- unsuccessLogiExcelDataProviderTabTest -->
        <test-method status="PASS" signature="logEndTestExecutionAfterMethod(org.testng.ITestResult, java.lang.reflect.Method)[pri:0, instance:com.volvo.project.tests.InternetTestSuiteDataProviderExampleLoginTest@445b295b]" name="logEndTestExecutionAfterMethod" is-config="true" duration-ms="851" started-at="2018-10-12T13:48:57Z" finished-at="2018-10-12T13:48:58Z">
          <params>
            <param index="0">
              <value>
                <![CDATA[[TestResult name=unsuccessLogiExcelDataProviderTabTest status=SUCCESS method=InternetTestSuiteDataProviderExampleLoginTest.unsuccessLogiExcelDataProviderTabTest(java.lang.String, java.lang.String, java.lang.String, java.lang.String)[pri:0, instance:com.volvo.project.tests.InternetTestSuiteDataProviderExampleLoginTest@445b295b] output={null}]]]>
              </value>
            </param>
            <param index="1">
              <value>
                <![CDATA[public void com.volvo.project.tests.InternetTestSuiteDataProviderExampleLoginTest.unsuccessLogiExcelDataProviderTabTest(java.lang.String,java.lang.String,java.lang.String,java.lang.String)]]>
              </value>
            </param>
          </params>
          <reporter-output>
          </reporter-output>
        </test-method> <!-- logEndTestExecutionAfterMethod -->
        <test-method status="PASS" signature="logEndTestExecutionAfterClass()[pri:0, instance:com.volvo.project.tests.InternetTestSuiteDataProviderExampleLoginTest@445b295b]" name="logEndTestExecutionAfterClass" is-config="true" duration-ms="0" started-at="2018-10-12T13:48:58Z" finished-at="2018-10-12T13:48:58Z">
          <reporter-output>
          </reporter-output>
        </test-method> <!-- logEndTestExecutionAfterClass -->
      </class> <!-- com.volvo.project.tests.InternetTestSuiteDataProviderExampleLoginTest -->
      <class name="com.volvo.project.tests.TestSuiteExampleTest">
        <test-method status="PASS" signature="beforeSuite()[pri:0, instance:com.volvo.project.tests.TestSuiteExampleTest@561b6512]" name="beforeSuite" is-config="true" duration-ms="605" started-at="2018-10-12T13:40:01Z" finished-at="2018-10-12T13:40:02Z">
          <reporter-output>
          </reporter-output>
        </test-method> <!-- beforeSuite -->
        <test-method status="PASS" signature="logStartTestExecutionBeforeClass()[pri:0, instance:com.volvo.project.tests.TestSuiteExampleTest@561b6512]" name="logStartTestExecutionBeforeClass" is-config="true" duration-ms="165" started-at="2018-10-12T13:40:02Z" finished-at="2018-10-12T13:40:02Z">
          <reporter-output>
          </reporter-output>
        </test-method> <!-- logStartTestExecutionBeforeClass -->
        <test-method status="PASS" signature="logStartTestExecutionBeforeMethod(java.lang.reflect.Method)[pri:0, instance:com.volvo.project.tests.TestSuiteExampleTest@561b6512]" name="logStartTestExecutionBeforeMethod" is-config="true" duration-ms="5850" started-at="2018-10-12T13:40:02Z" finished-at="2018-10-12T13:40:08Z">
          <params>
            <param index="0">
              <value>
                <![CDATA[public void com.volvo.project.tests.TestSuiteExampleTest.connectingToDataBase() throws java.sql.SQLException]]>
              </value>
            </param>
          </params>
          <reporter-output>
          </reporter-output>
        </test-method> <!-- logStartTestExecutionBeforeMethod -->
        <test-method groups="database, regression" status="FAIL" signature="connectingToDataBase()[pri:0, instance:com.volvo.project.tests.TestSuiteExampleTest@561b6512]" name="connectingToDataBase" duration-ms="2774" started-at="2018-10-12T13:40:08Z" finished-at="2018-10-12T13:40:11Z">
          <exception class="java.sql.SQLException">
            <message>
              <![CDATA[ORA-01017: invalid username/password; logon denied
]]>
            </message>
            <full-stacktrace>
              <![CDATA[java.sql.SQLException: ORA-01017: invalid username/password; logon denied

	at oracle.jdbc.driver.T4CTTIoer.processError(T4CTTIoer.java:450)
	at oracle.jdbc.driver.T4CTTIoer.processError(T4CTTIoer.java:392)
	at oracle.jdbc.driver.T4CTTIoer.processError(T4CTTIoer.java:385)
	at oracle.jdbc.driver.T4CTTIfun.processError(T4CTTIfun.java:938)
	at oracle.jdbc.driver.T4CTTIoauthenticate.processError(T4CTTIoauthenticate.java:476)
	at oracle.jdbc.driver.T4CTTIfun.receive(T4CTTIfun.java:655)
	at oracle.jdbc.driver.T4CTTIfun.doRPC(T4CTTIfun.java:249)
	at oracle.jdbc.driver.T4CTTIoauthenticate.doOAUTH(T4CTTIoauthenticate.java:412)
	at oracle.jdbc.driver.T4CTTIoauthenticate.doOAUTH(T4CTTIoauthenticate.java:821)
	at oracle.jdbc.driver.T4CConnection.logon(T4CConnection.java:596)
	at oracle.jdbc.driver.PhysicalConnection.<init>(PhysicalConnection.java:711)
	at oracle.jdbc.driver.T4CConnection.<init>(T4CConnection.java:385)
	at oracle.jdbc.driver.T4CDriverExtension.getConnection(T4CDriverExtension.java:30)
	at oracle.jdbc.driver.OracleDriver.connect(OracleDriver.java:558)
	at java.sql.DriverManager.getConnection(DriverManager.java:664)
	at java.sql.DriverManager.getConnection(DriverManager.java:247)
	at com.volvo.project.components.ConnectionToDB.<init>(ConnectionToDB.java:36)
	at com.volvo.project.tests.TestSuiteExampleTest.connectingToDataBase(TestSuiteExampleTest.java:39)
	at sun.reflect.NativeMethodAccessorImpl.invoke0(Native Method)
	at sun.reflect.NativeMethodAccessorImpl.invoke(NativeMethodAccessorImpl.java:62)
	at sun.reflect.DelegatingMethodAccessorImpl.invoke(DelegatingMethodAccessorImpl.java:43)
	at java.lang.reflect.Method.invoke(Method.java:498)
	at org.testng.internal.MethodInvocationHelper.invokeMethod(MethodInvocationHelper.java:108)
	at org.testng.internal.Invoker.invokeMethod(Invoker.java:661)
	at org.testng.internal.Invoker.invokeTestMethod(Invoker.java:869)
	at org.testng.internal.Invoker.invokeTestMethods(Invoker.java:1193)
	at org.testng.internal.TestMethodWorker.invokeTestMethods(TestMethodWorker.java:126)
	at org.testng.internal.TestMethodWorker.run(TestMethodWorker.java:109)
	at org.testng.TestRunner.privateRun(TestRunner.java:744)
	at org.testng.TestRunner.run(TestRunner.java:602)
	at org.testng.SuiteRunner.runTest(SuiteRunner.java:380)
	at org.testng.SuiteRunner.runSequentially(SuiteRunner.java:375)
	at org.testng.SuiteRunner.privateRun(SuiteRunner.java:340)
	at org.testng.SuiteRunner.run(SuiteRunner.java:289)
	at org.testng.SuiteRunnerWorker.runSuite(SuiteRunnerWorker.java:52)
	at org.testng.SuiteRunnerWorker.run(SuiteRunnerWorker.java:86)
	at org.testng.TestNG.runSuitesSequentially(TestNG.java:1301)
	at org.testng.TestNG.runSuitesLocally(TestNG.java:1226)
	at org.testng.TestNG.runSuites(TestNG.java:1144)
	at org.testng.TestNG.run(TestNG.java:1115)
	at org.apache.maven.surefire.testng.TestNGExecutor.run(TestNGExecutor.java:281)
	at org.apache.maven.surefire.testng.TestNGXmlTestSuite.execute(TestNGXmlTestSuite.java:75)
	at org.apache.maven.surefire.testng.TestNGProvider.invoke(TestNGProvider.java:121)
	at org.apache.maven.surefire.booter.ForkedBooter.invokeProviderInSameClassLoader(ForkedBooter.java:290)
	at org.apache.maven.surefire.booter.ForkedBooter.runSuitesInProcess(ForkedBooter.java:242)
	at org.apache.maven.surefire.booter.ForkedBooter.main(ForkedBooter.java:121)
]]>
            </full-stacktrace>
          </exception> <!-- java.sql.SQLException -->
          <reporter-output>
          </reporter-output>
          <attributes>
            <attribute name="test">
              <![CDATA[INTERNET-2]]>
            </attribute> <!-- test -->
            <attribute name="requirement">
              <![CDATA[]]>
            </attribute> <!-- requirement -->
            <attribute name="labels">
              <![CDATA[Label2]]>
            </attribute> <!-- labels -->
          </attributes>
        </test-method> <!-- connectingToDataBase -->
        <test-method status="PASS" signature="logEndTestExecutionAfterMethod(org.testng.ITestResult, java.lang.reflect.Method)[pri:0, instance:com.volvo.project.tests.TestSuiteExampleTest@561b6512]" name="logEndTestExecutionAfterMethod" is-config="true" duration-ms="1164" started-at="2018-10-12T13:40:11Z" finished-at="2018-10-12T13:40:12Z">
          <params>
            <param index="0">
              <value>
                <![CDATA[[TestResult name=connectingToDataBase status=FAILURE method=TestSuiteExampleTest.connectingToDataBase()[pri:0, instance:com.volvo.project.tests.TestSuiteExampleTest@561b6512] output={null}]]]>
              </value>
            </param>
            <param index="1">
              <value>
                <![CDATA[public void com.volvo.project.tests.TestSuiteExampleTest.connectingToDataBase() throws java.sql.SQLException]]>
              </value>
            </param>
          </params>
          <reporter-output>
          </reporter-output>
        </test-method> <!-- logEndTestExecutionAfterMethod -->
        <test-method status="PASS" signature="logStartTestExecutionBeforeMethod(java.lang.reflect.Method)[pri:0, instance:com.volvo.project.tests.TestSuiteExampleTest@561b6512]" name="logStartTestExecutionBeforeMethod" is-config="true" duration-ms="3683" started-at="2018-10-12T13:40:12Z" finished-at="2018-10-12T13:40:15Z">
          <params>
            <param index="0">
              <value>
                <![CDATA[public void com.volvo.project.tests.TestSuiteExampleTest.searchingInformationInLogs() throws java.io.IOException,java.text.ParseException]]>
              </value>
            </param>
          </params>
          <reporter-output>
          </reporter-output>
        </test-method> <!-- logStartTestExecutionBeforeMethod -->
        <test-method groups="searchInfo, smoke" status="FAIL" signature="searchingInformationInLogs()[pri:0, instance:com.volvo.project.tests.TestSuiteExampleTest@561b6512]" name="searchingInformationInLogs" duration-ms="25676" started-at="2018-10-12T13:40:15Z" finished-at="2018-10-12T13:40:41Z">
          <exception class="java.io.FileNotFoundException">
            <message>
              <![CDATA[\\segotx813.vcn.ds.volvo.net\wp1200_dsfs_1001_q1000m$\baldo\VLDGOT02_NODE01_BALDO\logs\baldo_app.log (The network path was not found)]]>
            </message>
            <full-stacktrace>
              <![CDATA[java.io.FileNotFoundException: \\segotx813.vcn.ds.volvo.net\wp1200_dsfs_1001_q1000m$\baldo\VLDGOT02_NODE01_BALDO\logs\baldo_app.log (The network path was not found)
	at java.io.FileInputStream.open0(Native Method)
	at java.io.FileInputStream.open(FileInputStream.java:195)
	at java.io.FileInputStream.<init>(FileInputStream.java:138)
	at java.io.FileReader.<init>(FileReader.java:72)
	at com.volvo.project.components.SearchInfoInLogs.searchingInformationInLogs(SearchInfoInLogs.java:16)
	at com.volvo.project.tests.TestSuiteExampleTest.searchingInformationInLogs(TestSuiteExampleTest.java:65)
	at sun.reflect.NativeMethodAccessorImpl.invoke0(Native Method)
	at sun.reflect.NativeMethodAccessorImpl.invoke(NativeMethodAccessorImpl.java:62)
	at sun.reflect.DelegatingMethodAccessorImpl.invoke(DelegatingMethodAccessorImpl.java:43)
	at java.lang.reflect.Method.invoke(Method.java:498)
	at org.testng.internal.MethodInvocationHelper.invokeMethod(MethodInvocationHelper.java:108)
	at org.testng.internal.Invoker.invokeMethod(Invoker.java:661)
	at org.testng.internal.Invoker.invokeTestMethod(Invoker.java:869)
	at org.testng.internal.Invoker.invokeTestMethods(Invoker.java:1193)
	at org.testng.internal.TestMethodWorker.invokeTestMethods(TestMethodWorker.java:126)
	at org.testng.internal.TestMethodWorker.run(TestMethodWorker.java:109)
	at org.testng.TestRunner.privateRun(TestRunner.java:744)
	at org.testng.TestRunner.run(TestRunner.java:602)
	at org.testng.SuiteRunner.runTest(SuiteRunner.java:380)
	at org.testng.SuiteRunner.runSequentially(SuiteRunner.java:375)
	at org.testng.SuiteRunner.privateRun(SuiteRunner.java:340)
	at org.testng.SuiteRunner.run(SuiteRunner.java:289)
	at org.testng.SuiteRunnerWorker.runSuite(SuiteRunnerWorker.java:52)
	at org.testng.SuiteRunnerWorker.run(SuiteRunnerWorker.java:86)
	at org.testng.TestNG.runSuitesSequentially(TestNG.java:1301)
	at org.testng.TestNG.runSuitesLocally(TestNG.java:1226)
	at org.testng.TestNG.runSuites(TestNG.java:1144)
	at org.testng.TestNG.run(TestNG.java:1115)
	at org.apache.maven.surefire.testng.TestNGExecutor.run(TestNGExecutor.java:281)
	at org.apache.maven.surefire.testng.TestNGXmlTestSuite.execute(TestNGXmlTestSuite.java:75)
	at org.apache.maven.surefire.testng.TestNGProvider.invoke(TestNGProvider.java:121)
	at org.apache.maven.surefire.booter.ForkedBooter.invokeProviderInSameClassLoader(ForkedBooter.java:290)
	at org.apache.maven.surefire.booter.ForkedBooter.runSuitesInProcess(ForkedBooter.java:242)
	at org.apache.maven.surefire.booter.ForkedBooter.main(ForkedBooter.java:121)
]]>
            </full-stacktrace>
          </exception> <!-- java.io.FileNotFoundException -->
          <reporter-output>
          </reporter-output>
          <attributes>
            <attribute name="test">
              <![CDATA[INTERNET-3]]>
            </attribute> <!-- test -->
            <attribute name="requirement">
              <![CDATA[]]>
            </attribute> <!-- requirement -->
            <attribute name="labels">
              <![CDATA[Label3]]>
            </attribute> <!-- labels -->
          </attributes>
        </test-method> <!-- searchingInformationInLogs -->
        <test-method status="PASS" signature="logEndTestExecutionAfterMethod(org.testng.ITestResult, java.lang.reflect.Method)[pri:0, instance:com.volvo.project.tests.TestSuiteExampleTest@561b6512]" name="logEndTestExecutionAfterMethod" is-config="true" duration-ms="1106" started-at="2018-10-12T13:40:41Z" finished-at="2018-10-12T13:40:42Z">
          <params>
            <param index="0">
              <value>
                <![CDATA[[TestResult name=searchingInformationInLogs status=FAILURE method=TestSuiteExampleTest.searchingInformationInLogs()[pri:0, instance:com.volvo.project.tests.TestSuiteExampleTest@561b6512] output={null}]]]>
              </value>
            </param>
            <param index="1">
              <value>
                <![CDATA[public void com.volvo.project.tests.TestSuiteExampleTest.searchingInformationInLogs() throws java.io.IOException,java.text.ParseException]]>
              </value>
            </param>
          </params>
          <reporter-output>
          </reporter-output>
        </test-method> <!-- logEndTestExecutionAfterMethod -->
        <test-method status="PASS" signature="logStartTestExecutionBeforeMethod(java.lang.reflect.Method)[pri:0, instance:com.volvo.project.tests.TestSuiteExampleTest@561b6512]" name="logStartTestExecutionBeforeMethod" is-config="true" duration-ms="3656" started-at="2018-10-12T13:40:42Z" finished-at="2018-10-12T13:40:46Z">
          <params>
            <param index="0">
              <value>
                <![CDATA[public void com.volvo.project.tests.TestSuiteExampleTest.sendingMessagesViaMQExplorer() throws java.io.IOException,java.text.ParseException]]>
              </value>
            </param>
          </params>
          <reporter-output>
          </reporter-output>
        </test-method> <!-- logStartTestExecutionBeforeMethod -->
        <test-method groups="smoke, MQintegration" status="FAIL" signature="sendingMessagesViaMQExplorer()[pri:0, instance:com.volvo.project.tests.TestSuiteExampleTest@561b6512]" name="sendingMessagesViaMQExplorer" duration-ms="3216" started-at="2018-10-12T13:40:46Z" finished-at="2018-10-12T13:40:49Z">
          <exception class="java.io.FileNotFoundException">
            <message>
              <![CDATA[\\segotx813.vcn.ds.volvo.net\wp1200_dsfs_1001_q1000m$\baldo\VLDGOT02_NODE01_BALDO\logs\baldo_app.log (The network path was not found)]]>
            </message>
            <full-stacktrace>
              <![CDATA[java.io.FileNotFoundException: \\segotx813.vcn.ds.volvo.net\wp1200_dsfs_1001_q1000m$\baldo\VLDGOT02_NODE01_BALDO\logs\baldo_app.log (The network path was not found)
	at java.io.FileInputStream.open0(Native Method)
	at java.io.FileInputStream.open(FileInputStream.java:195)
	at java.io.FileInputStream.<init>(FileInputStream.java:138)
	at java.io.FileReader.<init>(FileReader.java:72)
	at com.volvo.project.components.SearchInfoInLogs.searchingInformationInLogs(SearchInfoInLogs.java:16)
	at com.volvo.project.tests.TestSuiteExampleTest.sendingMessagesViaMQExplorer(TestSuiteExampleTest.java:31)
	at sun.reflect.NativeMethodAccessorImpl.invoke0(Native Method)
	at sun.reflect.NativeMethodAccessorImpl.invoke(NativeMethodAccessorImpl.java:62)
	at sun.reflect.DelegatingMethodAccessorImpl.invoke(DelegatingMethodAccessorImpl.java:43)
	at java.lang.reflect.Method.invoke(Method.java:498)
	at org.testng.internal.MethodInvocationHelper.invokeMethod(MethodInvocationHelper.java:108)
	at org.testng.internal.Invoker.invokeMethod(Invoker.java:661)
	at org.testng.internal.Invoker.invokeTestMethod(Invoker.java:869)
	at org.testng.internal.Invoker.invokeTestMethods(Invoker.java:1193)
	at org.testng.internal.TestMethodWorker.invokeTestMethods(TestMethodWorker.java:126)
	at org.testng.internal.TestMethodWorker.run(TestMethodWorker.java:109)
	at org.testng.TestRunner.privateRun(TestRunner.java:744)
	at org.testng.TestRunner.run(TestRunner.java:602)
	at org.testng.SuiteRunner.runTest(SuiteRunner.java:380)
	at org.testng.SuiteRunner.runSequentially(SuiteRunner.java:375)
	at org.testng.SuiteRunner.privateRun(SuiteRunner.java:340)
	at org.testng.SuiteRunner.run(SuiteRunner.java:289)
	at org.testng.SuiteRunnerWorker.runSuite(SuiteRunnerWorker.java:52)
	at org.testng.SuiteRunnerWorker.run(SuiteRunnerWorker.java:86)
	at org.testng.TestNG.runSuitesSequentially(TestNG.java:1301)
	at org.testng.TestNG.runSuitesLocally(TestNG.java:1226)
	at org.testng.TestNG.runSuites(TestNG.java:1144)
	at org.testng.TestNG.run(TestNG.java:1115)
	at org.apache.maven.surefire.testng.TestNGExecutor.run(TestNGExecutor.java:281)
	at org.apache.maven.surefire.testng.TestNGXmlTestSuite.execute(TestNGXmlTestSuite.java:75)
	at org.apache.maven.surefire.testng.TestNGProvider.invoke(TestNGProvider.java:121)
	at org.apache.maven.surefire.booter.ForkedBooter.invokeProviderInSameClassLoader(ForkedBooter.java:290)
	at org.apache.maven.surefire.booter.ForkedBooter.runSuitesInProcess(ForkedBooter.java:242)
	at org.apache.maven.surefire.booter.ForkedBooter.main(ForkedBooter.java:121)
]]>
            </full-stacktrace>
          </exception> <!-- java.io.FileNotFoundException -->
          <reporter-output>
          </reporter-output>
          <attributes>
            <attribute name="test">
              <![CDATA[INTERNET-1]]>
            </attribute> <!-- test -->
            <attribute name="requirement">
              <![CDATA[]]>
            </attribute> <!-- requirement -->
            <attribute name="labels">
              <![CDATA[Label1]]>
            </attribute> <!-- labels -->
          </attributes>
        </test-method> <!-- sendingMessagesViaMQExplorer -->
        <test-method status="PASS" signature="logEndTestExecutionAfterMethod(org.testng.ITestResult, java.lang.reflect.Method)[pri:0, instance:com.volvo.project.tests.TestSuiteExampleTest@561b6512]" name="logEndTestExecutionAfterMethod" is-config="true" duration-ms="1117" started-at="2018-10-12T13:40:49Z" finished-at="2018-10-12T13:40:50Z">
          <params>
            <param index="0">
              <value>
                <![CDATA[[TestResult name=sendingMessagesViaMQExplorer status=FAILURE method=TestSuiteExampleTest.sendingMessagesViaMQExplorer()[pri:0, instance:com.volvo.project.tests.TestSuiteExampleTest@561b6512] output={null}]]]>
              </value>
            </param>
            <param index="1">
              <value>
                <![CDATA[public void com.volvo.project.tests.TestSuiteExampleTest.sendingMessagesViaMQExplorer() throws java.io.IOException,java.text.ParseException]]>
              </value>
            </param>
          </params>
          <reporter-output>
          </reporter-output>
        </test-method> <!-- logEndTestExecutionAfterMethod -->
        <test-method status="PASS" signature="logEndTestExecutionAfterClass()[pri:0, instance:com.volvo.project.tests.TestSuiteExampleTest@561b6512]" name="logEndTestExecutionAfterClass" is-config="true" duration-ms="1" started-at="2018-10-12T13:40:50Z" finished-at="2018-10-12T13:40:50Z">
          <reporter-output>
          </reporter-output>
        </test-method> <!-- logEndTestExecutionAfterClass -->
        <test-method status="PASS" signature="logEndTestExecutionAfterSuite()[pri:0, instance:com.volvo.project.tests.TestSuiteExampleTest@561b6512]" name="logEndTestExecutionAfterSuite" is-config="true" duration-ms="5594" started-at="2018-10-12T13:48:58Z" finished-at="2018-10-12T13:49:04Z">
          <reporter-output>
          </reporter-output>
        </test-method> <!-- logEndTestExecutionAfterSuite -->
      </class> <!-- com.volvo.project.tests.TestSuiteExampleTest -->
    </test> <!-- Smoke Tests on SauceLabs -->
  </suite> <!-- Smoke Tests -->
</testng-results>
